[0.483s] DEBUG:colcon:Command line arguments: ['/usr/bin/colcon', 'build', '--packages-select', 'my_cpp_pkg']
[0.483s] DEBUG:colcon:Parsed command line arguments: Namespace(log_base=None, log_level=None, verb_name='build', build_base='build', install_base='install', merge_install=False, symlink_install=False, test_result_base=None, continue_on_error=False, executor='parallel', parallel_workers=12, event_handlers=None, ignore_user_meta=False, metas=['./colcon.meta'], base_paths=['.'], packages_ignore=None, packages_ignore_regex=None, paths=None, packages_up_to=None, packages_up_to_regex=None, packages_above=None, packages_above_and_dependencies=None, packages_above_depth=None, packages_select_by_dep=None, packages_skip_by_dep=None, packages_skip_up_to=None, packages_select_build_failed=False, packages_skip_build_finished=False, packages_select_test_failures=False, packages_skip_test_passed=False, packages_select=['my_cpp_pkg'], packages_skip=None, packages_select_regex=None, packages_skip_regex=None, packages_start=None, packages_end=None, allow_overriding=[], cmake_args=None, cmake_target=None, cmake_target_skip_unavailable=False, cmake_clean_cache=False, cmake_clean_first=False, cmake_force_configure=False, ament_cmake_args=None, catkin_cmake_args=None, catkin_skip_building_tests=False, verb_parser=<colcon_defaults.argument_parser.defaults.DefaultArgumentsDecorator object at 0x7f00ccad4ee0>, verb_extension=<colcon_core.verb.build.BuildVerb object at 0x7f00ccbea470>, main=<bound method BuildVerb.main of <colcon_core.verb.build.BuildVerb object at 0x7f00ccbea470>>)
[0.534s] Level 1:colcon.colcon_core.package_discovery:discover_packages(colcon_meta) check parameters
[0.534s] Level 1:colcon.colcon_core.package_discovery:discover_packages(recursive) check parameters
[0.535s] Level 1:colcon.colcon_core.package_discovery:discover_packages(ignore) check parameters
[0.535s] Level 1:colcon.colcon_core.package_discovery:discover_packages(path) check parameters
[0.535s] Level 1:colcon.colcon_core.package_discovery:discover_packages(colcon_meta) discover
[0.535s] Level 1:colcon.colcon_core.package_discovery:discover_packages(recursive) discover
[0.535s] INFO:colcon.colcon_core.package_discovery:Crawling recursively for packages in '/home/readikole/ros2_ws/src'
[0.535s] Level 1:colcon.colcon_core.package_identification:_identify(.) by extensions ['ignore', 'ignore_ament_install']
[0.535s] Level 1:colcon.colcon_core.package_identification:_identify(.) by extension 'ignore'
[0.535s] Level 1:colcon.colcon_core.package_identification:_identify(.) by extension 'ignore_ament_install'
[0.535s] Level 1:colcon.colcon_core.package_identification:_identify(.) by extensions ['colcon_pkg']
[0.535s] Level 1:colcon.colcon_core.package_identification:_identify(.) by extension 'colcon_pkg'
[0.535s] Level 1:colcon.colcon_core.package_identification:_identify(.) by extensions ['colcon_meta']
[0.536s] Level 1:colcon.colcon_core.package_identification:_identify(.) by extension 'colcon_meta'
[0.536s] Level 1:colcon.colcon_core.package_identification:_identify(.) by extensions ['ros']
[0.536s] Level 1:colcon.colcon_core.package_identification:_identify(.) by extension 'ros'
[0.554s] Level 1:colcon.colcon_core.package_identification:_identify(.) by extensions ['cmake', 'python']
[0.554s] Level 1:colcon.colcon_core.package_identification:_identify(.) by extension 'cmake'
[0.554s] Level 1:colcon.colcon_core.package_identification:_identify(.) by extension 'python'
[0.554s] Level 1:colcon.colcon_core.package_identification:_identify(.) by extensions ['python_setup_py']
[0.554s] Level 1:colcon.colcon_core.package_identification:_identify(.) by extension 'python_setup_py'
[0.554s] Level 1:colcon.colcon_core.package_identification:_identify(build) by extensions ['ignore', 'ignore_ament_install']
[0.554s] Level 1:colcon.colcon_core.package_identification:_identify(build) by extension 'ignore'
[0.554s] Level 1:colcon.colcon_core.package_identification:_identify(build) ignored
[0.555s] Level 1:colcon.colcon_core.package_identification:_identify(install) by extensions ['ignore', 'ignore_ament_install']
[0.555s] Level 1:colcon.colcon_core.package_identification:_identify(install) by extension 'ignore'
[0.555s] Level 1:colcon.colcon_core.package_identification:_identify(install) ignored
[0.555s] Level 1:colcon.colcon_core.package_identification:_identify(log) by extensions ['ignore', 'ignore_ament_install']
[0.555s] Level 1:colcon.colcon_core.package_identification:_identify(log) by extension 'ignore'
[0.555s] Level 1:colcon.colcon_core.package_identification:_identify(log) ignored
[0.556s] Level 1:colcon.colcon_core.package_identification:_identify(my_cpp_pkg) by extensions ['ignore', 'ignore_ament_install']
[0.556s] Level 1:colcon.colcon_core.package_identification:_identify(my_cpp_pkg) by extension 'ignore'
[0.556s] Level 1:colcon.colcon_core.package_identification:_identify(my_cpp_pkg) by extension 'ignore_ament_install'
[0.556s] Level 1:colcon.colcon_core.package_identification:_identify(my_cpp_pkg) by extensions ['colcon_pkg']
[0.556s] Level 1:colcon.colcon_core.package_identification:_identify(my_cpp_pkg) by extension 'colcon_pkg'
[0.556s] Level 1:colcon.colcon_core.package_identification:_identify(my_cpp_pkg) by extensions ['colcon_meta']
[0.556s] Level 1:colcon.colcon_core.package_identification:_identify(my_cpp_pkg) by extension 'colcon_meta'
[0.556s] Level 1:colcon.colcon_core.package_identification:_identify(my_cpp_pkg) by extensions ['ros']
[0.556s] Level 1:colcon.colcon_core.package_identification:_identify(my_cpp_pkg) by extension 'ros'
[0.560s] DEBUG:colcon.colcon_core.package_identification:Package 'my_cpp_pkg' with type 'ros.ament_cmake' and name 'my_cpp_pkg'
[0.560s] Level 1:colcon.colcon_core.package_identification:_identify(my_py_pkg) by extensions ['ignore', 'ignore_ament_install']
[0.561s] Level 1:colcon.colcon_core.package_identification:_identify(my_py_pkg) by extension 'ignore'
[0.561s] Level 1:colcon.colcon_core.package_identification:_identify(my_py_pkg) by extension 'ignore_ament_install'
[0.561s] Level 1:colcon.colcon_core.package_identification:_identify(my_py_pkg) by extensions ['colcon_pkg']
[0.561s] Level 1:colcon.colcon_core.package_identification:_identify(my_py_pkg) by extension 'colcon_pkg'
[0.561s] Level 1:colcon.colcon_core.package_identification:_identify(my_py_pkg) by extensions ['colcon_meta']
[0.561s] Level 1:colcon.colcon_core.package_identification:_identify(my_py_pkg) by extension 'colcon_meta'
[0.561s] Level 1:colcon.colcon_core.package_identification:_identify(my_py_pkg) by extensions ['ros']
[0.561s] Level 1:colcon.colcon_core.package_identification:_identify(my_py_pkg) by extension 'ros'
[0.562s] DEBUG:colcon.colcon_core.package_identification:Package 'my_py_pkg' with type 'ros.ament_python' and name 'my_py_pkg'
[0.562s] Level 1:colcon.colcon_core.package_discovery:discover_packages(recursive) using defaults
[0.562s] Level 1:colcon.colcon_core.package_discovery:discover_packages(ignore) discover
[0.562s] Level 1:colcon.colcon_core.package_discovery:discover_packages(ignore) using defaults
[0.562s] Level 1:colcon.colcon_core.package_discovery:discover_packages(path) discover
[0.563s] Level 1:colcon.colcon_core.package_discovery:discover_packages(path) using defaults
[0.611s] INFO:colcon.colcon_core.package_selection:Skipping not selected package 'my_py_pkg' in 'my_py_pkg'
[0.612s] Level 1:colcon.colcon_core.package_discovery:discover_packages(prefix_path) check parameters
[0.612s] Level 1:colcon.colcon_core.package_discovery:discover_packages(prefix_path) discover
[0.618s] DEBUG:colcon.colcon_installed_package_information.package_discovery:Found 1 installed packages in /home/readikole/ros2_ws/src/install
[0.620s] DEBUG:colcon.colcon_installed_package_information.package_discovery:Found 2 installed packages in /home/readikole/ros2_ws/install
[0.625s] DEBUG:colcon.colcon_installed_package_information.package_discovery:Found 280 installed packages in /opt/ros/humble
[0.628s] Level 1:colcon.colcon_core.package_discovery:discover_packages(prefix_path) using defaults
[0.708s] Level 5:colcon.colcon_core.verb:set package 'my_cpp_pkg' build argument 'cmake_args' from command line to 'None'
[0.708s] Level 5:colcon.colcon_core.verb:set package 'my_cpp_pkg' build argument 'cmake_target' from command line to 'None'
[0.708s] Level 5:colcon.colcon_core.verb:set package 'my_cpp_pkg' build argument 'cmake_target_skip_unavailable' from command line to 'False'
[0.708s] Level 5:colcon.colcon_core.verb:set package 'my_cpp_pkg' build argument 'cmake_clean_cache' from command line to 'False'
[0.708s] Level 5:colcon.colcon_core.verb:set package 'my_cpp_pkg' build argument 'cmake_clean_first' from command line to 'False'
[0.708s] Level 5:colcon.colcon_core.verb:set package 'my_cpp_pkg' build argument 'cmake_force_configure' from command line to 'False'
[0.708s] Level 5:colcon.colcon_core.verb:set package 'my_cpp_pkg' build argument 'ament_cmake_args' from command line to 'None'
[0.708s] Level 5:colcon.colcon_core.verb:set package 'my_cpp_pkg' build argument 'catkin_cmake_args' from command line to 'None'
[0.709s] Level 5:colcon.colcon_core.verb:set package 'my_cpp_pkg' build argument 'catkin_skip_building_tests' from command line to 'False'
[0.709s] DEBUG:colcon.colcon_core.verb:Building package 'my_cpp_pkg' with the following arguments: {'ament_cmake_args': None, 'build_base': '/home/readikole/ros2_ws/src/build/my_cpp_pkg', 'catkin_cmake_args': None, 'catkin_skip_building_tests': False, 'cmake_args': None, 'cmake_clean_cache': False, 'cmake_clean_first': False, 'cmake_force_configure': False, 'cmake_target': None, 'cmake_target_skip_unavailable': False, 'install_base': '/home/readikole/ros2_ws/src/install/my_cpp_pkg', 'merge_install': False, 'path': '/home/readikole/ros2_ws/src/my_cpp_pkg', 'symlink_install': False, 'test_result_base': None}
[0.710s] INFO:colcon.colcon_core.executor:Executing jobs using 'parallel' executor
[0.722s] DEBUG:colcon.colcon_parallel_executor.executor.parallel:run_until_complete
[0.722s] INFO:colcon.colcon_ros.task.ament_cmake.build:Building ROS package in '/home/readikole/ros2_ws/src/my_cpp_pkg' with build type 'ament_cmake'
[0.723s] INFO:colcon.colcon_cmake.task.cmake.build:Building CMake package in '/home/readikole/ros2_ws/src/my_cpp_pkg'
[0.732s] INFO:colcon.colcon_core.plugin_system:Skipping extension 'colcon_core.shell.bat': Not used on non-Windows systems
[0.732s] INFO:colcon.colcon_core.shell:Skip shell extension 'powershell' for command environment: Not usable outside of PowerShell
[0.732s] DEBUG:colcon.colcon_core.shell:Skip shell extension 'dsv' for command environment
[0.752s] DEBUG:colcon.colcon_core.event_handler.log_command:Invoking command in '/home/readikole/ros2_ws/src/build/my_cpp_pkg': CMAKE_PREFIX_PATH=${CMAKE_PREFIX_PATH}:/home/readikole/ros2_ws/install/my_py_pkg:/opt/ros/humble /home/readikole/.local/bin/cmake /home/readikole/ros2_ws/src/my_cpp_pkg -DCMAKE_INSTALL_PREFIX=/home/readikole/ros2_ws/src/install/my_cpp_pkg
[2.061s] DEBUG:colcon.colcon_core.event_handler.log_command:Invoked command in '/home/readikole/ros2_ws/src/build/my_cpp_pkg' returned '0': CMAKE_PREFIX_PATH=${CMAKE_PREFIX_PATH}:/home/readikole/ros2_ws/install/my_py_pkg:/opt/ros/humble /home/readikole/.local/bin/cmake /home/readikole/ros2_ws/src/my_cpp_pkg -DCMAKE_INSTALL_PREFIX=/home/readikole/ros2_ws/src/install/my_cpp_pkg
[2.064s] DEBUG:colcon.colcon_core.event_handler.log_command:Invoking command in '/home/readikole/ros2_ws/src/build/my_cpp_pkg': CMAKE_PREFIX_PATH=${CMAKE_PREFIX_PATH}:/home/readikole/ros2_ws/install/my_py_pkg:/opt/ros/humble /home/readikole/.local/bin/cmake --build /home/readikole/ros2_ws/src/build/my_cpp_pkg -- -j12 -l12
[14.323s] DEBUG:colcon.colcon_core.event_handler.log_command:Invoked command in '/home/readikole/ros2_ws/src/build/my_cpp_pkg' returned '0': CMAKE_PREFIX_PATH=${CMAKE_PREFIX_PATH}:/home/readikole/ros2_ws/install/my_py_pkg:/opt/ros/humble /home/readikole/.local/bin/cmake --build /home/readikole/ros2_ws/src/build/my_cpp_pkg -- -j12 -l12
[14.426s] DEBUG:colcon.colcon_core.event_handler.log_command:Invoking command in '/home/readikole/ros2_ws/src/build/my_cpp_pkg': CMAKE_PREFIX_PATH=${CMAKE_PREFIX_PATH}:/home/readikole/ros2_ws/install/my_py_pkg:/opt/ros/humble /home/readikole/.local/bin/cmake --install /home/readikole/ros2_ws/src/build/my_cpp_pkg
[14.481s] Level 1:colcon.colcon_core.environment:create_environment_scripts_only(my_cpp_pkg)
[14.484s] DEBUG:colcon.colcon_core.event_handler.log_command:Invoked command in '/home/readikole/ros2_ws/src/build/my_cpp_pkg' returned '0': CMAKE_PREFIX_PATH=${CMAKE_PREFIX_PATH}:/home/readikole/ros2_ws/install/my_py_pkg:/opt/ros/humble /home/readikole/.local/bin/cmake --install /home/readikole/ros2_ws/src/build/my_cpp_pkg
[14.492s] Level 1:colcon.colcon_core.environment:checking '/home/readikole/ros2_ws/src/install/my_cpp_pkg' for CMake module files
[14.492s] Level 1:colcon.colcon_core.environment:checking '/home/readikole/ros2_ws/src/install/my_cpp_pkg' for CMake config files
[14.493s] Level 1:colcon.colcon_core.shell:create_environment_hook('my_cpp_pkg', 'cmake_prefix_path')
[14.497s] INFO:colcon.colcon_core.shell:Creating environment hook '/home/readikole/ros2_ws/src/install/my_cpp_pkg/share/my_cpp_pkg/hook/cmake_prefix_path.ps1'
[14.498s] INFO:colcon.colcon_core.shell:Creating environment descriptor '/home/readikole/ros2_ws/src/install/my_cpp_pkg/share/my_cpp_pkg/hook/cmake_prefix_path.dsv'
[14.498s] INFO:colcon.colcon_core.shell:Creating environment hook '/home/readikole/ros2_ws/src/install/my_cpp_pkg/share/my_cpp_pkg/hook/cmake_prefix_path.sh'
[14.499s] Level 1:colcon.colcon_core.environment:checking '/home/readikole/ros2_ws/src/install/my_cpp_pkg/lib'
[14.499s] Level 1:colcon.colcon_core.environment:checking '/home/readikole/ros2_ws/src/install/my_cpp_pkg/bin'
[14.500s] Level 1:colcon.colcon_core.environment:checking '/home/readikole/ros2_ws/src/install/my_cpp_pkg/lib/pkgconfig/my_cpp_pkg.pc'
[14.500s] Level 1:colcon.colcon_core.environment:checking '/home/readikole/ros2_ws/src/install/my_cpp_pkg/lib/python3.10/site-packages'
[14.500s] Level 1:colcon.colcon_core.environment:checking '/home/readikole/ros2_ws/src/install/my_cpp_pkg/bin'
[14.504s] INFO:colcon.colcon_core.shell:Creating package script '/home/readikole/ros2_ws/src/install/my_cpp_pkg/share/my_cpp_pkg/package.ps1'
[14.505s] INFO:colcon.colcon_core.shell:Creating package descriptor '/home/readikole/ros2_ws/src/install/my_cpp_pkg/share/my_cpp_pkg/package.dsv'
[14.506s] INFO:colcon.colcon_core.shell:Creating package script '/home/readikole/ros2_ws/src/install/my_cpp_pkg/share/my_cpp_pkg/package.sh'
[14.507s] INFO:colcon.colcon_core.shell:Creating package script '/home/readikole/ros2_ws/src/install/my_cpp_pkg/share/my_cpp_pkg/package.bash'
[14.508s] INFO:colcon.colcon_core.shell:Creating package script '/home/readikole/ros2_ws/src/install/my_cpp_pkg/share/my_cpp_pkg/package.zsh'
[14.508s] Level 1:colcon.colcon_core.environment:create_file_with_runtime_dependencies(/home/readikole/ros2_ws/src/install/my_cpp_pkg/share/colcon-core/packages/my_cpp_pkg)
[14.581s] Level 1:colcon.colcon_core.environment:create_environment_scripts_only(my_cpp_pkg)
[14.589s] Level 1:colcon.colcon_core.environment:checking '/home/readikole/ros2_ws/src/install/my_cpp_pkg' for CMake module files
[14.590s] Level 1:colcon.colcon_core.environment:checking '/home/readikole/ros2_ws/src/install/my_cpp_pkg' for CMake config files
[14.591s] Level 1:colcon.colcon_core.shell:create_environment_hook('my_cpp_pkg', 'cmake_prefix_path')
[14.596s] INFO:colcon.colcon_core.shell:Creating environment hook '/home/readikole/ros2_ws/src/install/my_cpp_pkg/share/my_cpp_pkg/hook/cmake_prefix_path.ps1'
[14.597s] INFO:colcon.colcon_core.shell:Creating environment descriptor '/home/readikole/ros2_ws/src/install/my_cpp_pkg/share/my_cpp_pkg/hook/cmake_prefix_path.dsv'
[14.598s] INFO:colcon.colcon_core.shell:Creating environment hook '/home/readikole/ros2_ws/src/install/my_cpp_pkg/share/my_cpp_pkg/hook/cmake_prefix_path.sh'
[14.598s] Level 1:colcon.colcon_core.environment:checking '/home/readikole/ros2_ws/src/install/my_cpp_pkg/lib'
[14.599s] Level 1:colcon.colcon_core.environment:checking '/home/readikole/ros2_ws/src/install/my_cpp_pkg/bin'
[14.599s] Level 1:colcon.colcon_core.environment:checking '/home/readikole/ros2_ws/src/install/my_cpp_pkg/lib/pkgconfig/my_cpp_pkg.pc'
[14.599s] Level 1:colcon.colcon_core.environment:checking '/home/readikole/ros2_ws/src/install/my_cpp_pkg/lib/python3.10/site-packages'
[14.599s] Level 1:colcon.colcon_core.environment:checking '/home/readikole/ros2_ws/src/install/my_cpp_pkg/bin'
[14.604s] INFO:colcon.colcon_core.shell:Creating package script '/home/readikole/ros2_ws/src/install/my_cpp_pkg/share/my_cpp_pkg/package.ps1'
[14.605s] INFO:colcon.colcon_core.shell:Creating package descriptor '/home/readikole/ros2_ws/src/install/my_cpp_pkg/share/my_cpp_pkg/package.dsv'
[14.606s] INFO:colcon.colcon_core.shell:Creating package script '/home/readikole/ros2_ws/src/install/my_cpp_pkg/share/my_cpp_pkg/package.sh'
[14.606s] INFO:colcon.colcon_core.shell:Creating package script '/home/readikole/ros2_ws/src/install/my_cpp_pkg/share/my_cpp_pkg/package.bash'
[14.607s] INFO:colcon.colcon_core.shell:Creating package script '/home/readikole/ros2_ws/src/install/my_cpp_pkg/share/my_cpp_pkg/package.zsh'
[14.607s] Level 1:colcon.colcon_core.environment:create_file_with_runtime_dependencies(/home/readikole/ros2_ws/src/install/my_cpp_pkg/share/colcon-core/packages/my_cpp_pkg)
[14.608s] DEBUG:colcon.colcon_parallel_executor.executor.parallel:closing loop
[14.608s] DEBUG:colcon.colcon_parallel_executor.executor.parallel:loop closed
[14.608s] DEBUG:colcon.colcon_parallel_executor.executor.parallel:run_until_complete finished with '0'
[14.609s] DEBUG:colcon.colcon_core.event_reactor:joining thread
[14.617s] INFO:colcon.colcon_core.plugin_system:Skipping extension 'colcon_notification.desktop_notification.terminal_notifier': Not used on non-Darwin systems
[14.617s] INFO:colcon.colcon_core.plugin_system:Skipping extension 'colcon_notification.desktop_notification.win32': Not used on non-Windows systems
[14.617s] INFO:colcon.colcon_notification.desktop_notification:Sending desktop notification using 'notify2'
[14.633s] DEBUG:colcon.colcon_core.event_reactor:joined thread
[14.639s] INFO:colcon.colcon_core.shell:Creating prefix script '/home/readikole/ros2_ws/src/install/local_setup.ps1'
[14.641s] INFO:colcon.colcon_core.shell:Creating prefix util module '/home/readikole/ros2_ws/src/install/_local_setup_util_ps1.py'
[14.643s] INFO:colcon.colcon_core.shell:Creating prefix chain script '/home/readikole/ros2_ws/src/install/setup.ps1'
[14.645s] INFO:colcon.colcon_core.shell:Creating prefix script '/home/readikole/ros2_ws/src/install/local_setup.sh'
[14.646s] INFO:colcon.colcon_core.shell:Creating prefix util module '/home/readikole/ros2_ws/src/install/_local_setup_util_sh.py'
[14.647s] INFO:colcon.colcon_core.shell:Creating prefix chain script '/home/readikole/ros2_ws/src/install/setup.sh'
[14.649s] INFO:colcon.colcon_core.shell:Creating prefix script '/home/readikole/ros2_ws/src/install/local_setup.bash'
[14.650s] INFO:colcon.colcon_core.shell:Creating prefix chain script '/home/readikole/ros2_ws/src/install/setup.bash'
[14.652s] INFO:colcon.colcon_core.shell:Creating prefix script '/home/readikole/ros2_ws/src/install/local_setup.zsh'
[14.653s] INFO:colcon.colcon_core.shell:Creating prefix chain script '/home/readikole/ros2_ws/src/install/setup.zsh'
