[1.191s] Invoking command in '/home/readikole/ros2_ws/build/my_py_pkg': PYTHONPATH=/home/readikole/ros2_ws/build/my_py_pkg/prefix_override:/home/readikole/ros2_ws/install/my_py_pkg/lib/python3.10/site-packages:${PYTHONPATH} /usr/bin/python3 setup.py develop --editable --build-directory /home/readikole/ros2_ws/build/my_py_pkg/build --no-deps install_data
[1.835s] running develop
[1.835s] /home/readikole/.local/lib/python3.10/site-packages/setuptools/command/develop.py:40: EasyInstallDeprecationWarning: easy_install command is deprecated.
[1.835s] !!
[1.836s] 
[1.836s]         ********************************************************************************
[1.836s]         Please avoid running ``setup.py`` and ``easy_install``.
[1.836s]         Instead, use pypa/build, pypa/installer or other
[1.836s]         standards-based tools.
[1.836s] 
[1.836s]         See https://github.com/pypa/setuptools/issues/917 for details.
[1.837s]         ********************************************************************************
[1.837s] 
[1.837s] !!
[1.837s]   easy_install.initialize_options(self)
[1.897s] /home/readikole/.local/lib/python3.10/site-packages/setuptools/_distutils/cmd.py:66: SetuptoolsDeprecationWarning: setup.py install is deprecated.
[1.898s] !!
[1.898s] 
[1.898s]         ********************************************************************************
[1.898s]         Please avoid running ``setup.py`` directly.
[1.898s]         Instead, use pypa/build, pypa/installer or other
[1.898s]         standards-based tools.
[1.899s] 
[1.899s]         See https://blog.ganssle.io/articles/2021/10/setup-py-deprecated.html for details.
[1.899s]         ********************************************************************************
[1.899s] 
[1.899s] !!
[1.899s]   self.initialize_options()
[2.315s] running egg_info
[2.344s] writing my_py_pkg.egg-info/PKG-INFO
[2.345s] writing dependency_links to my_py_pkg.egg-info/dependency_links.txt
[2.345s] writing entry points to my_py_pkg.egg-info/entry_points.txt
[2.345s] writing requirements to my_py_pkg.egg-info/requires.txt
[2.346s] writing top-level names to my_py_pkg.egg-info/top_level.txt
[2.408s] reading manifest file 'my_py_pkg.egg-info/SOURCES.txt'
[2.410s] writing manifest file 'my_py_pkg.egg-info/SOURCES.txt'
[2.442s] running build_ext
[2.442s] Creating /home/readikole/ros2_ws/install/my_py_pkg/lib/python3.10/site-packages/my-py-pkg.egg-link (link to .)
[2.443s] Installing py_node script to /home/readikole/ros2_ws/install/my_py_pkg/lib/my_py_pkg
[2.443s] Installing robot_news_station script to /home/readikole/ros2_ws/install/my_py_pkg/lib/my_py_pkg
[2.444s] Installing smartphone script to /home/readikole/ros2_ws/install/my_py_pkg/lib/my_py_pkg
[2.444s] 
[2.444s] Installed /home/readikole/ros2_ws/build/my_py_pkg
[2.444s] running install_data
[2.478s] Invoked command in '/home/readikole/ros2_ws/build/my_py_pkg' returned '0': PYTHONPATH=/home/readikole/ros2_ws/build/my_py_pkg/prefix_override:/home/readikole/ros2_ws/install/my_py_pkg/lib/python3.10/site-packages:${PYTHONPATH} /usr/bin/python3 setup.py develop --editable --build-directory /home/readikole/ros2_ws/build/my_py_pkg/build --no-deps install_data
