[1.223s] Invoking command in '/home/readikole/ros2_ws/build/turtlesim_catch_them_all': PYTHONPATH=/home/readikole/ros2_ws/build/turtlesim_catch_them_all/prefix_override:/home/readikole/ros2_ws/install/turtlesim_catch_them_all/lib/python3.10/site-packages:${PYTHONPATH} /usr/bin/python3 setup.py develop --editable --build-directory /home/readikole/ros2_ws/build/turtlesim_catch_them_all/build --no-deps install_data
[1.792s] running develop
[1.793s] /home/readikole/.local/lib/python3.10/site-packages/setuptools/command/develop.py:40: EasyInstallDeprecationWarning: easy_install command is deprecated.
[1.793s] !!
[1.793s] 
[1.793s]         ********************************************************************************
[1.793s]         Please avoid running ``setup.py`` and ``easy_install``.
[1.794s]         Instead, use pypa/build, pypa/installer or other
[1.794s]         standards-based tools.
[1.794s] 
[1.794s]         See https://github.com/pypa/setuptools/issues/917 for details.
[1.794s]         ********************************************************************************
[1.794s] 
[1.795s] !!
[1.795s]   easy_install.initialize_options(self)
[1.853s] /home/readikole/.local/lib/python3.10/site-packages/setuptools/_distutils/cmd.py:66: SetuptoolsDeprecationWarning: setup.py install is deprecated.
[1.853s] !!
[1.854s] 
[1.854s]         ********************************************************************************
[1.854s]         Please avoid running ``setup.py`` directly.
[1.854s]         Instead, use pypa/build, pypa/installer or other
[1.854s]         standards-based tools.
[1.854s] 
[1.855s]         See https://blog.ganssle.io/articles/2021/10/setup-py-deprecated.html for details.
[1.855s]         ********************************************************************************
[1.855s] 
[1.855s] !!
[1.855s]   self.initialize_options()
[2.205s] running egg_info
[2.205s] creating turtlesim_catch_them_all.egg-info
[2.237s] writing turtlesim_catch_them_all.egg-info/PKG-INFO
[2.237s] writing dependency_links to turtlesim_catch_them_all.egg-info/dependency_links.txt
[2.238s] writing entry points to turtlesim_catch_them_all.egg-info/entry_points.txt
[2.238s] writing requirements to turtlesim_catch_them_all.egg-info/requires.txt
[2.238s] writing top-level names to turtlesim_catch_them_all.egg-info/top_level.txt
[2.239s] writing manifest file 'turtlesim_catch_them_all.egg-info/SOURCES.txt'
[2.301s] reading manifest file 'turtlesim_catch_them_all.egg-info/SOURCES.txt'
[2.302s] writing manifest file 'turtlesim_catch_them_all.egg-info/SOURCES.txt'
[2.333s] running build_ext
[2.333s] Creating /home/readikole/ros2_ws/install/turtlesim_catch_them_all/lib/python3.10/site-packages/turtlesim-catch-them-all.egg-link (link to .)
[2.334s] Installing turtlesim_controller script to /home/readikole/ros2_ws/install/turtlesim_catch_them_all/lib/turtlesim_catch_them_all
[2.334s] 
[2.334s] Installed /home/readikole/ros2_ws/build/turtlesim_catch_them_all
[2.335s] running install_data
[2.335s] creating /home/readikole/ros2_ws/install/turtlesim_catch_them_all/share/ament_index
[2.335s] creating /home/readikole/ros2_ws/install/turtlesim_catch_them_all/share/ament_index/resource_index
[2.335s] creating /home/readikole/ros2_ws/install/turtlesim_catch_them_all/share/ament_index/resource_index/packages
[2.335s] copying resource/turtlesim_catch_them_all -> /home/readikole/ros2_ws/install/turtlesim_catch_them_all/share/ament_index/resource_index/packages
[2.335s] copying package.xml -> /home/readikole/ros2_ws/install/turtlesim_catch_them_all/share/turtlesim_catch_them_all
[2.377s] Invoked command in '/home/readikole/ros2_ws/build/turtlesim_catch_them_all' returned '0': PYTHONPATH=/home/readikole/ros2_ws/build/turtlesim_catch_them_all/prefix_override:/home/readikole/ros2_ws/install/turtlesim_catch_them_all/lib/python3.10/site-packages:${PYTHONPATH} /usr/bin/python3 setup.py develop --editable --build-directory /home/readikole/ros2_ws/build/turtlesim_catch_them_all/build --no-deps install_data
