[1.294s] Invoking command in '/home/readikole/ros2_ws/src/my_py_pkg': PYTHONPATH=/home/readikole/ros2_ws/build/my_py_pkg/prefix_override:/home/readikole/ros2_ws/install/my_py_pkg/lib/python3.10/site-packages:${PYTHONPATH} /usr/bin/python3 setup.py egg_info --egg-base ../../build/my_py_pkg build --build-base /home/readikole/ros2_ws/build/my_py_pkg/build install --record /home/readikole/ros2_ws/build/my_py_pkg/install.log --single-version-externally-managed
[1.662s] running egg_info
[1.687s] writing ../../build/my_py_pkg/my_py_pkg.egg-info/PKG-INFO
[1.688s] writing dependency_links to ../../build/my_py_pkg/my_py_pkg.egg-info/dependency_links.txt
[1.688s] writing requirements to ../../build/my_py_pkg/my_py_pkg.egg-info/requires.txt
[1.688s] writing top-level names to ../../build/my_py_pkg/my_py_pkg.egg-info/top_level.txt
[1.750s] reading manifest file '../../build/my_py_pkg/my_py_pkg.egg-info/SOURCES.txt'
[1.751s] writing manifest file '../../build/my_py_pkg/my_py_pkg.egg-info/SOURCES.txt'
[1.751s] running build
[1.751s] running build_py
[1.751s] running install
[1.752s] /home/readikole/.local/lib/python3.10/site-packages/setuptools/_distutils/cmd.py:66: SetuptoolsDeprecationWarning: setup.py install is deprecated.
[1.752s] !!
[1.752s] 
[1.752s]         ********************************************************************************
[1.752s]         Please avoid running ``setup.py`` directly.
[1.752s]         Instead, use pypa/build, pypa/installer or other
[1.752s]         standards-based tools.
[1.752s] 
[1.753s]         See https://blog.ganssle.io/articles/2021/10/setup-py-deprecated.html for details.
[1.753s]         ********************************************************************************
[1.753s] 
[1.753s] !!
[1.753s]   self.initialize_options()
[1.758s] running install_lib
[1.788s] running install_data
[1.819s] running install_egg_info
[1.850s] removing '/home/readikole/ros2_ws/install/my_py_pkg/lib/python3.10/site-packages/my_py_pkg-0.0.0-py3.10.egg-info' (and everything under it)
[1.850s] Copying ../../build/my_py_pkg/my_py_pkg.egg-info to /home/readikole/ros2_ws/install/my_py_pkg/lib/python3.10/site-packages/my_py_pkg-0.0.0-py3.10.egg-info
[1.852s] running install_scripts
[2.173s] writing list of installed files to '/home/readikole/ros2_ws/build/my_py_pkg/install.log'
[2.201s] Invoked command in '/home/readikole/ros2_ws/src/my_py_pkg' returned '0': PYTHONPATH=/home/readikole/ros2_ws/build/my_py_pkg/prefix_override:/home/readikole/ros2_ws/install/my_py_pkg/lib/python3.10/site-packages:${PYTHONPATH} /usr/bin/python3 setup.py egg_info --egg-base ../../build/my_py_pkg build --build-base /home/readikole/ros2_ws/build/my_py_pkg/build install --record /home/readikole/ros2_ws/build/my_py_pkg/install.log --single-version-externally-managed
