[1.119s] Invoking command in '/home/readikole/ros2_ws/build/my_py_pkg': PYTHONPATH=/home/readikole/ros2_ws/build/my_py_pkg/prefix_override:/home/readikole/ros2_ws/install/my_py_pkg/lib/python3.10/site-packages:${PYTHONPATH} /usr/bin/python3 setup.py develop --editable --build-directory /home/readikole/ros2_ws/build/my_py_pkg/build --no-deps install_data
[1.661s] running develop
[1.661s] /home/readikole/.local/lib/python3.10/site-packages/setuptools/command/develop.py:40: EasyInstallDeprecationWarning: easy_install command is deprecated.
[1.661s] !!
[1.661s] 
[1.661s]         ********************************************************************************
[1.661s]         Please avoid running ``setup.py`` and ``easy_install``.
[1.662s]         Instead, use pypa/build, pypa/installer or other
[1.662s]         standards-based tools.
[1.662s] 
[1.662s]         See https://github.com/pypa/setuptools/issues/917 for details.
[1.662s]         ********************************************************************************
[1.662s] 
[1.662s] !!
[1.663s]   easy_install.initialize_options(self)
[1.718s] /home/readikole/.local/lib/python3.10/site-packages/setuptools/_distutils/cmd.py:66: SetuptoolsDeprecationWarning: setup.py install is deprecated.
[1.718s] !!
[1.718s] 
[1.719s]         ********************************************************************************
[1.719s]         Please avoid running ``setup.py`` directly.
[1.719s]         Instead, use pypa/build, pypa/installer or other
[1.719s]         standards-based tools.
[1.719s] 
[1.719s]         See https://blog.ganssle.io/articles/2021/10/setup-py-deprecated.html for details.
[1.719s]         ********************************************************************************
[1.720s] 
[1.720s] !!
[1.720s]   self.initialize_options()
[2.059s] running egg_info
[2.084s] writing my_py_pkg.egg-info/PKG-INFO
[2.085s] writing dependency_links to my_py_pkg.egg-info/dependency_links.txt
[2.085s] writing entry points to my_py_pkg.egg-info/entry_points.txt
[2.085s] writing requirements to my_py_pkg.egg-info/requires.txt
[2.085s] writing top-level names to my_py_pkg.egg-info/top_level.txt
[2.145s] reading manifest file 'my_py_pkg.egg-info/SOURCES.txt'
[2.146s] writing manifest file 'my_py_pkg.egg-info/SOURCES.txt'
[2.173s] running build_ext
[2.174s] Creating /home/readikole/ros2_ws/install/my_py_pkg/lib/python3.10/site-packages/my-py-pkg.egg-link (link to .)
[2.175s] Installing add_two_ints_client script to /home/readikole/ros2_ws/install/my_py_pkg/lib/my_py_pkg
[2.175s] Installing add_two_ints_client_no_oop script to /home/readikole/ros2_ws/install/my_py_pkg/lib/my_py_pkg
[2.175s] Installing add_two_ints_server script to /home/readikole/ros2_ws/install/my_py_pkg/lib/my_py_pkg
[2.175s] Installing number_counter script to /home/readikole/ros2_ws/install/my_py_pkg/lib/my_py_pkg
[2.176s] Installing number_publisher script to /home/readikole/ros2_ws/install/my_py_pkg/lib/my_py_pkg
[2.176s] Installing py_node script to /home/readikole/ros2_ws/install/my_py_pkg/lib/my_py_pkg
[2.176s] Installing robot_news_station script to /home/readikole/ros2_ws/install/my_py_pkg/lib/my_py_pkg
[2.176s] Installing smartphone script to /home/readikole/ros2_ws/install/my_py_pkg/lib/my_py_pkg
[2.177s] 
[2.177s] Installed /home/readikole/ros2_ws/build/my_py_pkg
[2.177s] running install_data
[2.217s] Invoked command in '/home/readikole/ros2_ws/build/my_py_pkg' returned '0': PYTHONPATH=/home/readikole/ros2_ws/build/my_py_pkg/prefix_override:/home/readikole/ros2_ws/install/my_py_pkg/lib/python3.10/site-packages:${PYTHONPATH} /usr/bin/python3 setup.py develop --editable --build-directory /home/readikole/ros2_ws/build/my_py_pkg/build --no-deps install_data
