[1.165s] Invoking command in '/home/readikole/ros2_ws/build/my_py_pkg': PYTHONPATH=/home/readikole/ros2_ws/build/my_py_pkg/prefix_override:/home/readikole/ros2_ws/install/my_py_pkg/lib/python3.10/site-packages:${PYTHONPATH} /usr/bin/python3 setup.py develop --editable --build-directory /home/readikole/ros2_ws/build/my_py_pkg/build --no-deps install_data
[1.723s] running develop
[1.724s] /home/readikole/.local/lib/python3.10/site-packages/setuptools/command/develop.py:40: EasyInstallDeprecationWarning: easy_install command is deprecated.
[1.724s] !!
[1.724s] 
[1.724s]         ********************************************************************************
[1.724s]         Please avoid running ``setup.py`` and ``easy_install``.
[1.724s]         Instead, use pypa/build, pypa/installer or other
[1.724s]         standards-based tools.
[1.725s] 
[1.725s]         See https://github.com/pypa/setuptools/issues/917 for details.
[1.725s]         ********************************************************************************
[1.725s] 
[1.725s] !!
[1.725s]   easy_install.initialize_options(self)
[1.779s] /home/readikole/.local/lib/python3.10/site-packages/setuptools/_distutils/cmd.py:66: SetuptoolsDeprecationWarning: setup.py install is deprecated.
[1.779s] !!
[1.779s] 
[1.779s]         ********************************************************************************
[1.780s]         Please avoid running ``setup.py`` directly.
[1.780s]         Instead, use pypa/build, pypa/installer or other
[1.780s]         standards-based tools.
[1.780s] 
[1.780s]         See https://blog.ganssle.io/articles/2021/10/setup-py-deprecated.html for details.
[1.780s]         ********************************************************************************
[1.781s] 
[1.781s] !!
[1.781s]   self.initialize_options()
[2.129s] running egg_info
[2.157s] writing my_py_pkg.egg-info/PKG-INFO
[2.157s] writing dependency_links to my_py_pkg.egg-info/dependency_links.txt
[2.158s] writing entry points to my_py_pkg.egg-info/entry_points.txt
[2.158s] writing requirements to my_py_pkg.egg-info/requires.txt
[2.158s] writing top-level names to my_py_pkg.egg-info/top_level.txt
[2.214s] reading manifest file 'my_py_pkg.egg-info/SOURCES.txt'
[2.216s] writing manifest file 'my_py_pkg.egg-info/SOURCES.txt'
[2.246s] running build_ext
[2.246s] Creating /home/readikole/ros2_ws/install/my_py_pkg/lib/python3.10/site-packages/my-py-pkg.egg-link (link to .)
[2.247s] Installing add_two_ints_client_no_oop script to /home/readikole/ros2_ws/install/my_py_pkg/lib/my_py_pkg
[2.248s] Installing add_two_ints_server script to /home/readikole/ros2_ws/install/my_py_pkg/lib/my_py_pkg
[2.248s] Installing number_counter script to /home/readikole/ros2_ws/install/my_py_pkg/lib/my_py_pkg
[2.248s] Installing number_publisher script to /home/readikole/ros2_ws/install/my_py_pkg/lib/my_py_pkg
[2.248s] Installing py_node script to /home/readikole/ros2_ws/install/my_py_pkg/lib/my_py_pkg
[2.249s] Installing robot_news_station script to /home/readikole/ros2_ws/install/my_py_pkg/lib/my_py_pkg
[2.249s] Installing smartphone script to /home/readikole/ros2_ws/install/my_py_pkg/lib/my_py_pkg
[2.249s] 
[2.249s] Installed /home/readikole/ros2_ws/build/my_py_pkg
[2.250s] running install_data
[2.291s] Invoked command in '/home/readikole/ros2_ws/build/my_py_pkg' returned '0': PYTHONPATH=/home/readikole/ros2_ws/build/my_py_pkg/prefix_override:/home/readikole/ros2_ws/install/my_py_pkg/lib/python3.10/site-packages:${PYTHONPATH} /usr/bin/python3 setup.py develop --editable --build-directory /home/readikole/ros2_ws/build/my_py_pkg/build --no-deps install_data
