[0.480s] DEBUG:colcon:Command line arguments: ['/usr/bin/colcon', 'build', '--symlink-install']
[0.481s] DEBUG:colcon:Parsed command line arguments: Namespace(log_base=None, log_level=None, verb_name='build', build_base='build', install_base='install', merge_install=False, symlink_install=True, test_result_base=None, continue_on_error=False, executor='parallel', parallel_workers=12, event_handlers=None, ignore_user_meta=False, metas=['./colcon.meta'], base_paths=['.'], packages_ignore=None, packages_ignore_regex=None, paths=None, packages_up_to=None, packages_up_to_regex=None, packages_above=None, packages_above_and_dependencies=None, packages_above_depth=None, packages_select_by_dep=None, packages_skip_by_dep=None, packages_skip_up_to=None, packages_select_build_failed=False, packages_skip_build_finished=False, packages_select_test_failures=False, packages_skip_test_passed=False, packages_select=None, packages_skip=None, packages_select_regex=None, packages_skip_regex=None, packages_start=None, packages_end=None, allow_overriding=[], cmake_args=None, cmake_target=None, cmake_target_skip_unavailable=False, cmake_clean_cache=False, cmake_clean_first=False, cmake_force_configure=False, ament_cmake_args=None, catkin_cmake_args=None, catkin_skip_building_tests=False, verb_parser=<colcon_defaults.argument_parser.defaults.DefaultArgumentsDecorator object at 0x7f6a348c8eb0>, verb_extension=<colcon_core.verb.build.BuildVerb object at 0x7f6a349e2530>, main=<bound method BuildVerb.main of <colcon_core.verb.build.BuildVerb object at 0x7f6a349e2530>>)
[0.525s] Level 1:colcon.colcon_core.package_discovery:discover_packages(colcon_meta) check parameters
[0.525s] Level 1:colcon.colcon_core.package_discovery:discover_packages(recursive) check parameters
[0.525s] Level 1:colcon.colcon_core.package_discovery:discover_packages(ignore) check parameters
[0.526s] Level 1:colcon.colcon_core.package_discovery:discover_packages(path) check parameters
[0.526s] Level 1:colcon.colcon_core.package_discovery:discover_packages(colcon_meta) discover
[0.526s] Level 1:colcon.colcon_core.package_discovery:discover_packages(recursive) discover
[0.526s] INFO:colcon.colcon_core.package_discovery:Crawling recursively for packages in '/home/readikole/ros2_ws'
[0.526s] Level 1:colcon.colcon_core.package_identification:_identify(.) by extensions ['ignore', 'ignore_ament_install']
[0.526s] Level 1:colcon.colcon_core.package_identification:_identify(.) by extension 'ignore'
[0.526s] Level 1:colcon.colcon_core.package_identification:_identify(.) by extension 'ignore_ament_install'
[0.526s] Level 1:colcon.colcon_core.package_identification:_identify(.) by extensions ['colcon_pkg']
[0.526s] Level 1:colcon.colcon_core.package_identification:_identify(.) by extension 'colcon_pkg'
[0.526s] Level 1:colcon.colcon_core.package_identification:_identify(.) by extensions ['colcon_meta']
[0.526s] Level 1:colcon.colcon_core.package_identification:_identify(.) by extension 'colcon_meta'
[0.526s] Level 1:colcon.colcon_core.package_identification:_identify(.) by extensions ['ros']
[0.526s] Level 1:colcon.colcon_core.package_identification:_identify(.) by extension 'ros'
[0.544s] Level 1:colcon.colcon_core.package_identification:_identify(.) by extensions ['cmake', 'python']
[0.544s] Level 1:colcon.colcon_core.package_identification:_identify(.) by extension 'cmake'
[0.544s] Level 1:colcon.colcon_core.package_identification:_identify(.) by extension 'python'
[0.544s] Level 1:colcon.colcon_core.package_identification:_identify(.) by extensions ['python_setup_py']
[0.544s] Level 1:colcon.colcon_core.package_identification:_identify(.) by extension 'python_setup_py'
[0.544s] Level 1:colcon.colcon_core.package_identification:_identify(build) by extensions ['ignore', 'ignore_ament_install']
[0.544s] Level 1:colcon.colcon_core.package_identification:_identify(build) by extension 'ignore'
[0.544s] Level 1:colcon.colcon_core.package_identification:_identify(build) ignored
[0.545s] Level 1:colcon.colcon_core.package_identification:_identify(install) by extensions ['ignore', 'ignore_ament_install']
[0.545s] Level 1:colcon.colcon_core.package_identification:_identify(install) by extension 'ignore'
[0.545s] Level 1:colcon.colcon_core.package_identification:_identify(install) ignored
[0.545s] Level 1:colcon.colcon_core.package_identification:_identify(log) by extensions ['ignore', 'ignore_ament_install']
[0.545s] Level 1:colcon.colcon_core.package_identification:_identify(log) by extension 'ignore'
[0.545s] Level 1:colcon.colcon_core.package_identification:_identify(log) ignored
[0.545s] Level 1:colcon.colcon_core.package_identification:_identify(src) by extensions ['ignore', 'ignore_ament_install']
[0.545s] Level 1:colcon.colcon_core.package_identification:_identify(src) by extension 'ignore'
[0.545s] Level 1:colcon.colcon_core.package_identification:_identify(src) by extension 'ignore_ament_install'
[0.546s] Level 1:colcon.colcon_core.package_identification:_identify(src) by extensions ['colcon_pkg']
[0.546s] Level 1:colcon.colcon_core.package_identification:_identify(src) by extension 'colcon_pkg'
[0.546s] Level 1:colcon.colcon_core.package_identification:_identify(src) by extensions ['colcon_meta']
[0.546s] Level 1:colcon.colcon_core.package_identification:_identify(src) by extension 'colcon_meta'
[0.546s] Level 1:colcon.colcon_core.package_identification:_identify(src) by extensions ['ros']
[0.546s] Level 1:colcon.colcon_core.package_identification:_identify(src) by extension 'ros'
[0.546s] Level 1:colcon.colcon_core.package_identification:_identify(src) by extensions ['cmake', 'python']
[0.546s] Level 1:colcon.colcon_core.package_identification:_identify(src) by extension 'cmake'
[0.546s] Level 1:colcon.colcon_core.package_identification:_identify(src) by extension 'python'
[0.546s] Level 1:colcon.colcon_core.package_identification:_identify(src) by extensions ['python_setup_py']
[0.546s] Level 1:colcon.colcon_core.package_identification:_identify(src) by extension 'python_setup_py'
[0.546s] Level 1:colcon.colcon_core.package_identification:_identify(src/my_cpp_pkg) by extensions ['ignore', 'ignore_ament_install']
[0.546s] Level 1:colcon.colcon_core.package_identification:_identify(src/my_cpp_pkg) by extension 'ignore'
[0.547s] Level 1:colcon.colcon_core.package_identification:_identify(src/my_cpp_pkg) by extension 'ignore_ament_install'
[0.547s] Level 1:colcon.colcon_core.package_identification:_identify(src/my_cpp_pkg) by extensions ['colcon_pkg']
[0.547s] Level 1:colcon.colcon_core.package_identification:_identify(src/my_cpp_pkg) by extension 'colcon_pkg'
[0.547s] Level 1:colcon.colcon_core.package_identification:_identify(src/my_cpp_pkg) by extensions ['colcon_meta']
[0.547s] Level 1:colcon.colcon_core.package_identification:_identify(src/my_cpp_pkg) by extension 'colcon_meta'
[0.547s] Level 1:colcon.colcon_core.package_identification:_identify(src/my_cpp_pkg) by extensions ['ros']
[0.547s] Level 1:colcon.colcon_core.package_identification:_identify(src/my_cpp_pkg) by extension 'ros'
[0.550s] DEBUG:colcon.colcon_core.package_identification:Package 'src/my_cpp_pkg' with type 'ros.ament_cmake' and name 'my_cpp_pkg'
[0.550s] Level 1:colcon.colcon_core.package_identification:_identify(src/my_py_pkg) by extensions ['ignore', 'ignore_ament_install']
[0.550s] Level 1:colcon.colcon_core.package_identification:_identify(src/my_py_pkg) by extension 'ignore'
[0.550s] Level 1:colcon.colcon_core.package_identification:_identify(src/my_py_pkg) by extension 'ignore_ament_install'
[0.550s] Level 1:colcon.colcon_core.package_identification:_identify(src/my_py_pkg) by extensions ['colcon_pkg']
[0.550s] Level 1:colcon.colcon_core.package_identification:_identify(src/my_py_pkg) by extension 'colcon_pkg'
[0.550s] Level 1:colcon.colcon_core.package_identification:_identify(src/my_py_pkg) by extensions ['colcon_meta']
[0.550s] Level 1:colcon.colcon_core.package_identification:_identify(src/my_py_pkg) by extension 'colcon_meta'
[0.550s] Level 1:colcon.colcon_core.package_identification:_identify(src/my_py_pkg) by extensions ['ros']
[0.550s] Level 1:colcon.colcon_core.package_identification:_identify(src/my_py_pkg) by extension 'ros'
[0.551s] DEBUG:colcon.colcon_core.package_identification:Package 'src/my_py_pkg' with type 'ros.ament_python' and name 'my_py_pkg'
[0.551s] Level 1:colcon.colcon_core.package_discovery:discover_packages(recursive) using defaults
[0.551s] Level 1:colcon.colcon_core.package_discovery:discover_packages(ignore) discover
[0.551s] Level 1:colcon.colcon_core.package_discovery:discover_packages(ignore) using defaults
[0.551s] Level 1:colcon.colcon_core.package_discovery:discover_packages(path) discover
[0.551s] Level 1:colcon.colcon_core.package_discovery:discover_packages(path) using defaults
[0.588s] Level 1:colcon.colcon_core.package_discovery:discover_packages(prefix_path) check parameters
[0.588s] Level 1:colcon.colcon_core.package_discovery:discover_packages(prefix_path) discover
[0.590s] WARNING:colcon.colcon_core.prefix_path.colcon:The path '/home/readikole/ros2_ws/src/install' in the environment variable COLCON_PREFIX_PATH doesn't exist
[0.590s] WARNING:colcon.colcon_ros.prefix_path.ament:The path '/home/readikole/ros2_ws/src/install/my_cpp_pkg' in the environment variable AMENT_PREFIX_PATH doesn't exist
[0.590s] WARNING:colcon.colcon_ros.prefix_path.catkin:The path '/home/readikole/ros2_ws/src/install/my_cpp_pkg' in the environment variable CMAKE_PREFIX_PATH doesn't exist
[0.594s] DEBUG:colcon.colcon_installed_package_information.package_discovery:Found 280 installed packages in /opt/ros/humble
[0.596s] Level 1:colcon.colcon_core.package_discovery:discover_packages(prefix_path) using defaults
[0.698s] Level 5:colcon.colcon_core.verb:set package 'my_cpp_pkg' build argument 'cmake_args' from command line to 'None'
[0.699s] Level 5:colcon.colcon_core.verb:set package 'my_cpp_pkg' build argument 'cmake_target' from command line to 'None'
[0.699s] Level 5:colcon.colcon_core.verb:set package 'my_cpp_pkg' build argument 'cmake_target_skip_unavailable' from command line to 'False'
[0.699s] Level 5:colcon.colcon_core.verb:set package 'my_cpp_pkg' build argument 'cmake_clean_cache' from command line to 'False'
[0.699s] Level 5:colcon.colcon_core.verb:set package 'my_cpp_pkg' build argument 'cmake_clean_first' from command line to 'False'
[0.699s] Level 5:colcon.colcon_core.verb:set package 'my_cpp_pkg' build argument 'cmake_force_configure' from command line to 'False'
[0.699s] Level 5:colcon.colcon_core.verb:set package 'my_cpp_pkg' build argument 'ament_cmake_args' from command line to 'None'
[0.699s] Level 5:colcon.colcon_core.verb:set package 'my_cpp_pkg' build argument 'catkin_cmake_args' from command line to 'None'
[0.699s] Level 5:colcon.colcon_core.verb:set package 'my_cpp_pkg' build argument 'catkin_skip_building_tests' from command line to 'False'
[0.699s] DEBUG:colcon.colcon_core.verb:Building package 'my_cpp_pkg' with the following arguments: {'ament_cmake_args': None, 'build_base': '/home/readikole/ros2_ws/build/my_cpp_pkg', 'catkin_cmake_args': None, 'catkin_skip_building_tests': False, 'cmake_args': None, 'cmake_clean_cache': False, 'cmake_clean_first': False, 'cmake_force_configure': False, 'cmake_target': None, 'cmake_target_skip_unavailable': False, 'install_base': '/home/readikole/ros2_ws/install/my_cpp_pkg', 'merge_install': False, 'path': '/home/readikole/ros2_ws/src/my_cpp_pkg', 'symlink_install': True, 'test_result_base': None}
[0.701s] Level 5:colcon.colcon_core.verb:set package 'my_py_pkg' build argument 'cmake_args' from command line to 'None'
[0.701s] Level 5:colcon.colcon_core.verb:set package 'my_py_pkg' build argument 'cmake_target' from command line to 'None'
[0.702s] Level 5:colcon.colcon_core.verb:set package 'my_py_pkg' build argument 'cmake_target_skip_unavailable' from command line to 'False'
[0.702s] Level 5:colcon.colcon_core.verb:set package 'my_py_pkg' build argument 'cmake_clean_cache' from command line to 'False'
[0.702s] Level 5:colcon.colcon_core.verb:set package 'my_py_pkg' build argument 'cmake_clean_first' from command line to 'False'
[0.702s] Level 5:colcon.colcon_core.verb:set package 'my_py_pkg' build argument 'cmake_force_configure' from command line to 'False'
[0.702s] Level 5:colcon.colcon_core.verb:set package 'my_py_pkg' build argument 'ament_cmake_args' from command line to 'None'
[0.702s] Level 5:colcon.colcon_core.verb:set package 'my_py_pkg' build argument 'catkin_cmake_args' from command line to 'None'
[0.702s] Level 5:colcon.colcon_core.verb:set package 'my_py_pkg' build argument 'catkin_skip_building_tests' from command line to 'False'
[0.702s] DEBUG:colcon.colcon_core.verb:Building package 'my_py_pkg' with the following arguments: {'ament_cmake_args': None, 'build_base': '/home/readikole/ros2_ws/build/my_py_pkg', 'catkin_cmake_args': None, 'catkin_skip_building_tests': False, 'cmake_args': None, 'cmake_clean_cache': False, 'cmake_clean_first': False, 'cmake_force_configure': False, 'cmake_target': None, 'cmake_target_skip_unavailable': False, 'install_base': '/home/readikole/ros2_ws/install/my_py_pkg', 'merge_install': False, 'path': '/home/readikole/ros2_ws/src/my_py_pkg', 'symlink_install': True, 'test_result_base': None}
[0.704s] INFO:colcon.colcon_core.executor:Executing jobs using 'parallel' executor
[0.714s] DEBUG:colcon.colcon_parallel_executor.executor.parallel:run_until_complete
[0.714s] INFO:colcon.colcon_ros.task.ament_cmake.build:Building ROS package in '/home/readikole/ros2_ws/src/my_cpp_pkg' with build type 'ament_cmake'
[0.714s] INFO:colcon.colcon_cmake.task.cmake.build:Building CMake package in '/home/readikole/ros2_ws/src/my_cpp_pkg'
[0.725s] INFO:colcon.colcon_core.plugin_system:Skipping extension 'colcon_core.shell.bat': Not used on non-Windows systems
[0.725s] INFO:colcon.colcon_core.shell:Skip shell extension 'powershell' for command environment: Not usable outside of PowerShell
[0.725s] DEBUG:colcon.colcon_core.shell:Skip shell extension 'dsv' for command environment
[0.736s] INFO:colcon.colcon_ros.task.ament_python.build:Building ROS package in '/home/readikole/ros2_ws/src/my_py_pkg' with build type 'ament_python'
[0.736s] Level 1:colcon.colcon_core.shell:create_environment_hook('my_py_pkg', 'ament_prefix_path')
[0.741s] INFO:colcon.colcon_core.shell:Creating environment hook '/home/readikole/ros2_ws/install/my_py_pkg/share/my_py_pkg/hook/ament_prefix_path.ps1'
[0.742s] INFO:colcon.colcon_core.shell:Creating environment descriptor '/home/readikole/ros2_ws/install/my_py_pkg/share/my_py_pkg/hook/ament_prefix_path.dsv'
[0.743s] INFO:colcon.colcon_core.shell:Creating environment hook '/home/readikole/ros2_ws/install/my_py_pkg/share/my_py_pkg/hook/ament_prefix_path.sh'
[0.748s] INFO:colcon.colcon_core.shell:Skip shell extension 'powershell' for command environment: Not usable outside of PowerShell
[0.748s] DEBUG:colcon.colcon_core.shell:Skip shell extension 'dsv' for command environment
[0.761s] DEBUG:colcon.colcon_core.event_handler.log_command:Invoking command in '/home/readikole/ros2_ws/build/my_cpp_pkg': CMAKE_PREFIX_PATH=${CMAKE_PREFIX_PATH}:/opt/ros/humble /home/readikole/.local/bin/cmake /home/readikole/ros2_ws/src/my_cpp_pkg -DAMENT_CMAKE_SYMLINK_INSTALL=1 -DCMAKE_INSTALL_PREFIX=/home/readikole/ros2_ws/install/my_cpp_pkg
[1.091s] INFO:colcon.colcon_core.task.python.build:Building Python package in '/home/readikole/ros2_ws/src/my_py_pkg'
[1.095s] INFO:colcon.colcon_core.shell:Skip shell extension 'powershell' for command environment: Not usable outside of PowerShell
[1.096s] DEBUG:colcon.colcon_core.shell:Skip shell extension 'dsv' for command environment
[1.888s] DEBUG:colcon.colcon_core.event_handler.log_command:Invoked command in '/home/readikole/ros2_ws/build/my_cpp_pkg' returned '0': CMAKE_PREFIX_PATH=${CMAKE_PREFIX_PATH}:/opt/ros/humble /home/readikole/.local/bin/cmake /home/readikole/ros2_ws/src/my_cpp_pkg -DAMENT_CMAKE_SYMLINK_INSTALL=1 -DCMAKE_INSTALL_PREFIX=/home/readikole/ros2_ws/install/my_cpp_pkg
[1.890s] DEBUG:colcon.colcon_core.event_handler.log_command:Invoking command in '/home/readikole/ros2_ws/build/my_cpp_pkg': CMAKE_PREFIX_PATH=${CMAKE_PREFIX_PATH}:/opt/ros/humble /home/readikole/.local/bin/cmake --build /home/readikole/ros2_ws/build/my_cpp_pkg -- -j12 -l12
[1.978s] DEBUG:colcon.colcon_core.event_handler.log_command:Invoked command in '/home/readikole/ros2_ws/build/my_cpp_pkg' returned '0': CMAKE_PREFIX_PATH=${CMAKE_PREFIX_PATH}:/opt/ros/humble /home/readikole/.local/bin/cmake --build /home/readikole/ros2_ws/build/my_cpp_pkg -- -j12 -l12
[2.000s] DEBUG:colcon.colcon_core.event_handler.log_command:Invoking command in '/home/readikole/ros2_ws/build/my_py_pkg': PYTHONPATH=/home/readikole/ros2_ws/build/my_py_pkg/prefix_override:/home/readikole/ros2_ws/install/my_py_pkg/lib/python3.10/site-packages:${PYTHONPATH} /usr/bin/python3 setup.py develop --editable --build-directory /home/readikole/ros2_ws/build/my_py_pkg/build --no-deps install_data
[2.096s] DEBUG:colcon.colcon_core.event_handler.log_command:Invoking command in '/home/readikole/ros2_ws/build/my_cpp_pkg': CMAKE_PREFIX_PATH=${CMAKE_PREFIX_PATH}:/opt/ros/humble /home/readikole/.local/bin/cmake --install /home/readikole/ros2_ws/build/my_cpp_pkg
[2.148s] Level 1:colcon.colcon_core.environment:create_environment_scripts_only(my_cpp_pkg)
[2.151s] DEBUG:colcon.colcon_core.event_handler.log_command:Invoked command in '/home/readikole/ros2_ws/build/my_cpp_pkg' returned '0': CMAKE_PREFIX_PATH=${CMAKE_PREFIX_PATH}:/opt/ros/humble /home/readikole/.local/bin/cmake --install /home/readikole/ros2_ws/build/my_cpp_pkg
[2.159s] Level 1:colcon.colcon_core.environment:checking '/home/readikole/ros2_ws/install/my_cpp_pkg' for CMake module files
[2.160s] Level 1:colcon.colcon_core.environment:checking '/home/readikole/ros2_ws/install/my_cpp_pkg' for CMake config files
[2.161s] Level 1:colcon.colcon_core.shell:create_environment_hook('my_cpp_pkg', 'cmake_prefix_path')
[2.165s] INFO:colcon.colcon_core.shell:Creating environment hook '/home/readikole/ros2_ws/install/my_cpp_pkg/share/my_cpp_pkg/hook/cmake_prefix_path.ps1'
[2.165s] INFO:colcon.colcon_core.shell:Creating environment descriptor '/home/readikole/ros2_ws/install/my_cpp_pkg/share/my_cpp_pkg/hook/cmake_prefix_path.dsv'
[2.166s] INFO:colcon.colcon_core.shell:Creating environment hook '/home/readikole/ros2_ws/install/my_cpp_pkg/share/my_cpp_pkg/hook/cmake_prefix_path.sh'
[2.166s] Level 1:colcon.colcon_core.environment:checking '/home/readikole/ros2_ws/install/my_cpp_pkg/lib'
[2.167s] Level 1:colcon.colcon_core.environment:checking '/home/readikole/ros2_ws/install/my_cpp_pkg/bin'
[2.167s] Level 1:colcon.colcon_core.environment:checking '/home/readikole/ros2_ws/install/my_cpp_pkg/lib/pkgconfig/my_cpp_pkg.pc'
[2.167s] Level 1:colcon.colcon_core.environment:checking '/home/readikole/ros2_ws/install/my_cpp_pkg/lib/python3.10/site-packages'
[2.167s] Level 1:colcon.colcon_core.environment:checking '/home/readikole/ros2_ws/install/my_cpp_pkg/bin'
[2.173s] INFO:colcon.colcon_core.shell:Creating package script '/home/readikole/ros2_ws/install/my_cpp_pkg/share/my_cpp_pkg/package.ps1'
[2.174s] INFO:colcon.colcon_core.shell:Creating package descriptor '/home/readikole/ros2_ws/install/my_cpp_pkg/share/my_cpp_pkg/package.dsv'
[2.175s] INFO:colcon.colcon_core.shell:Creating package script '/home/readikole/ros2_ws/install/my_cpp_pkg/share/my_cpp_pkg/package.sh'
[2.177s] INFO:colcon.colcon_core.shell:Creating package script '/home/readikole/ros2_ws/install/my_cpp_pkg/share/my_cpp_pkg/package.bash'
[2.178s] INFO:colcon.colcon_core.shell:Creating package script '/home/readikole/ros2_ws/install/my_cpp_pkg/share/my_cpp_pkg/package.zsh'
[2.179s] Level 1:colcon.colcon_core.environment:create_file_with_runtime_dependencies(/home/readikole/ros2_ws/install/my_cpp_pkg/share/colcon-core/packages/my_cpp_pkg)
[2.249s] Level 1:colcon.colcon_core.environment:create_environment_scripts_only(my_cpp_pkg)
[2.256s] Level 1:colcon.colcon_core.environment:checking '/home/readikole/ros2_ws/install/my_cpp_pkg' for CMake module files
[2.256s] Level 1:colcon.colcon_core.environment:checking '/home/readikole/ros2_ws/install/my_cpp_pkg' for CMake config files
[2.257s] Level 1:colcon.colcon_core.shell:create_environment_hook('my_cpp_pkg', 'cmake_prefix_path')
[2.261s] INFO:colcon.colcon_core.shell:Creating environment hook '/home/readikole/ros2_ws/install/my_cpp_pkg/share/my_cpp_pkg/hook/cmake_prefix_path.ps1'
[2.262s] INFO:colcon.colcon_core.shell:Creating environment descriptor '/home/readikole/ros2_ws/install/my_cpp_pkg/share/my_cpp_pkg/hook/cmake_prefix_path.dsv'
[2.262s] INFO:colcon.colcon_core.shell:Creating environment hook '/home/readikole/ros2_ws/install/my_cpp_pkg/share/my_cpp_pkg/hook/cmake_prefix_path.sh'
[2.263s] Level 1:colcon.colcon_core.environment:checking '/home/readikole/ros2_ws/install/my_cpp_pkg/lib'
[2.263s] Level 1:colcon.colcon_core.environment:checking '/home/readikole/ros2_ws/install/my_cpp_pkg/bin'
[2.263s] Level 1:colcon.colcon_core.environment:checking '/home/readikole/ros2_ws/install/my_cpp_pkg/lib/pkgconfig/my_cpp_pkg.pc'
[2.263s] Level 1:colcon.colcon_core.environment:checking '/home/readikole/ros2_ws/install/my_cpp_pkg/lib/python3.10/site-packages'
[2.263s] Level 1:colcon.colcon_core.environment:checking '/home/readikole/ros2_ws/install/my_cpp_pkg/bin'
[2.268s] INFO:colcon.colcon_core.shell:Creating package script '/home/readikole/ros2_ws/install/my_cpp_pkg/share/my_cpp_pkg/package.ps1'
[2.268s] INFO:colcon.colcon_core.shell:Creating package descriptor '/home/readikole/ros2_ws/install/my_cpp_pkg/share/my_cpp_pkg/package.dsv'
[2.269s] INFO:colcon.colcon_core.shell:Creating package script '/home/readikole/ros2_ws/install/my_cpp_pkg/share/my_cpp_pkg/package.sh'
[2.270s] INFO:colcon.colcon_core.shell:Creating package script '/home/readikole/ros2_ws/install/my_cpp_pkg/share/my_cpp_pkg/package.bash'
[2.270s] INFO:colcon.colcon_core.shell:Creating package script '/home/readikole/ros2_ws/install/my_cpp_pkg/share/my_cpp_pkg/package.zsh'
[2.270s] Level 1:colcon.colcon_core.environment:create_file_with_runtime_dependencies(/home/readikole/ros2_ws/install/my_cpp_pkg/share/colcon-core/packages/my_cpp_pkg)
[3.219s] Level 1:colcon.colcon_core.shell:create_environment_hook('my_py_pkg', 'pythonpath_develop')
[3.223s] INFO:colcon.colcon_core.shell:Creating environment hook '/home/readikole/ros2_ws/build/my_py_pkg/share/my_py_pkg/hook/pythonpath_develop.ps1'
[3.224s] DEBUG:colcon.colcon_core.event_handler.log_command:Invoked command in '/home/readikole/ros2_ws/build/my_py_pkg' returned '0': PYTHONPATH=/home/readikole/ros2_ws/build/my_py_pkg/prefix_override:/home/readikole/ros2_ws/install/my_py_pkg/lib/python3.10/site-packages:${PYTHONPATH} /usr/bin/python3 setup.py develop --editable --build-directory /home/readikole/ros2_ws/build/my_py_pkg/build --no-deps install_data
[3.225s] INFO:colcon.colcon_core.shell:Creating environment descriptor '/home/readikole/ros2_ws/build/my_py_pkg/share/my_py_pkg/hook/pythonpath_develop.dsv'
[3.225s] INFO:colcon.colcon_core.shell:Creating environment hook '/home/readikole/ros2_ws/build/my_py_pkg/share/my_py_pkg/hook/pythonpath_develop.sh'
[3.237s] Level 1:colcon.colcon_core.environment:checking '/home/readikole/ros2_ws/install/my_py_pkg' for CMake module files
[3.239s] Level 1:colcon.colcon_core.environment:checking '/home/readikole/ros2_ws/install/my_py_pkg' for CMake config files
[3.240s] Level 1:colcon.colcon_core.environment:checking '/home/readikole/ros2_ws/install/my_py_pkg/lib'
[3.240s] Level 1:colcon.colcon_core.environment:checking '/home/readikole/ros2_ws/install/my_py_pkg/bin'
[3.240s] Level 1:colcon.colcon_core.environment:checking '/home/readikole/ros2_ws/install/my_py_pkg/lib/pkgconfig/my_py_pkg.pc'
[3.240s] Level 1:colcon.colcon_core.environment:checking '/home/readikole/ros2_ws/install/my_py_pkg/lib/python3.10/site-packages'
[3.240s] Level 1:colcon.colcon_core.shell:create_environment_hook('my_py_pkg', 'pythonpath')
[3.246s] INFO:colcon.colcon_core.shell:Creating environment hook '/home/readikole/ros2_ws/install/my_py_pkg/share/my_py_pkg/hook/pythonpath.ps1'
[3.246s] INFO:colcon.colcon_core.shell:Creating environment descriptor '/home/readikole/ros2_ws/install/my_py_pkg/share/my_py_pkg/hook/pythonpath.dsv'
[3.247s] INFO:colcon.colcon_core.shell:Creating environment hook '/home/readikole/ros2_ws/install/my_py_pkg/share/my_py_pkg/hook/pythonpath.sh'
[3.247s] Level 1:colcon.colcon_core.environment:checking '/home/readikole/ros2_ws/install/my_py_pkg/bin'
[3.247s] Level 1:colcon.colcon_core.environment:create_environment_scripts_only(my_py_pkg)
[3.252s] INFO:colcon.colcon_core.shell:Creating package script '/home/readikole/ros2_ws/install/my_py_pkg/share/my_py_pkg/package.ps1'
[3.253s] INFO:colcon.colcon_core.shell:Creating package descriptor '/home/readikole/ros2_ws/install/my_py_pkg/share/my_py_pkg/package.dsv'
[3.253s] INFO:colcon.colcon_core.shell:Creating package script '/home/readikole/ros2_ws/install/my_py_pkg/share/my_py_pkg/package.sh'
[3.254s] INFO:colcon.colcon_core.shell:Creating package script '/home/readikole/ros2_ws/install/my_py_pkg/share/my_py_pkg/package.bash'
[3.254s] INFO:colcon.colcon_core.shell:Creating package script '/home/readikole/ros2_ws/install/my_py_pkg/share/my_py_pkg/package.zsh'
[3.255s] Level 1:colcon.colcon_core.environment:create_file_with_runtime_dependencies(/home/readikole/ros2_ws/install/my_py_pkg/share/colcon-core/packages/my_py_pkg)
[3.255s] DEBUG:colcon.colcon_parallel_executor.executor.parallel:closing loop
[3.255s] DEBUG:colcon.colcon_parallel_executor.executor.parallel:loop closed
[3.256s] DEBUG:colcon.colcon_parallel_executor.executor.parallel:run_until_complete finished with '0'
[3.256s] DEBUG:colcon.colcon_core.event_reactor:joining thread
[3.262s] INFO:colcon.colcon_core.plugin_system:Skipping extension 'colcon_notification.desktop_notification.terminal_notifier': Not used on non-Darwin systems
[3.262s] INFO:colcon.colcon_core.plugin_system:Skipping extension 'colcon_notification.desktop_notification.win32': Not used on non-Windows systems
[3.262s] INFO:colcon.colcon_notification.desktop_notification:Sending desktop notification using 'notify2'
[3.280s] DEBUG:colcon.colcon_core.event_reactor:joined thread
[3.287s] INFO:colcon.colcon_core.shell:Creating prefix script '/home/readikole/ros2_ws/install/local_setup.ps1'
[3.288s] INFO:colcon.colcon_core.shell:Creating prefix util module '/home/readikole/ros2_ws/install/_local_setup_util_ps1.py'
[3.290s] INFO:colcon.colcon_core.shell:Creating prefix chain script '/home/readikole/ros2_ws/install/setup.ps1'
[3.293s] INFO:colcon.colcon_core.shell:Creating prefix script '/home/readikole/ros2_ws/install/local_setup.sh'
[3.294s] INFO:colcon.colcon_core.shell:Creating prefix util module '/home/readikole/ros2_ws/install/_local_setup_util_sh.py'
[3.295s] INFO:colcon.colcon_core.shell:Creating prefix chain script '/home/readikole/ros2_ws/install/setup.sh'
[3.298s] INFO:colcon.colcon_core.shell:Creating prefix script '/home/readikole/ros2_ws/install/local_setup.bash'
[3.299s] INFO:colcon.colcon_core.shell:Creating prefix chain script '/home/readikole/ros2_ws/install/setup.bash'
[3.303s] INFO:colcon.colcon_core.shell:Creating prefix script '/home/readikole/ros2_ws/install/local_setup.zsh'
[3.303s] INFO:colcon.colcon_core.shell:Creating prefix chain script '/home/readikole/ros2_ws/install/setup.zsh'
