[1.259s] Invoking command in '/home/readikole/ros2_ws/build/my_py_pkg': PYTHONPATH=/home/readikole/ros2_ws/build/my_py_pkg/prefix_override:/home/readikole/ros2_ws/install/my_py_pkg/lib/python3.10/site-packages:${PYTHONPATH} /usr/bin/python3 setup.py develop --editable --build-directory /home/readikole/ros2_ws/build/my_py_pkg/build --no-deps install_data
[1.863s] running develop
[1.864s] /home/readikole/.local/lib/python3.10/site-packages/setuptools/command/develop.py:40: EasyInstallDeprecationWarning: easy_install command is deprecated.
[1.864s] !!
[1.864s] 
[1.864s]         ********************************************************************************
[1.864s]         Please avoid running ``setup.py`` and ``easy_install``.
[1.864s]         Instead, use pypa/build, pypa/installer or other
[1.864s]         standards-based tools.
[1.864s] 
[1.865s]         See https://github.com/pypa/setuptools/issues/917 for details.
[1.865s]         ********************************************************************************
[1.865s] 
[1.865s] !!
[1.865s]   easy_install.initialize_options(self)
[1.923s] /home/readikole/.local/lib/python3.10/site-packages/setuptools/_distutils/cmd.py:66: SetuptoolsDeprecationWarning: setup.py install is deprecated.
[1.923s] !!
[1.924s] 
[1.924s]         ********************************************************************************
[1.924s]         Please avoid running ``setup.py`` directly.
[1.924s]         Instead, use pypa/build, pypa/installer or other
[1.924s]         standards-based tools.
[1.924s] 
[1.924s]         See https://blog.ganssle.io/articles/2021/10/setup-py-deprecated.html for details.
[1.924s]         ********************************************************************************
[1.924s] 
[1.925s] !!
[1.925s]   self.initialize_options()
[2.311s] running egg_info
[2.338s] writing my_py_pkg.egg-info/PKG-INFO
[2.339s] writing dependency_links to my_py_pkg.egg-info/dependency_links.txt
[2.339s] writing entry points to my_py_pkg.egg-info/entry_points.txt
[2.339s] writing requirements to my_py_pkg.egg-info/requires.txt
[2.339s] writing top-level names to my_py_pkg.egg-info/top_level.txt
[2.417s] reading manifest file 'my_py_pkg.egg-info/SOURCES.txt'
[2.418s] writing manifest file 'my_py_pkg.egg-info/SOURCES.txt'
[2.446s] running build_ext
[2.446s] Creating /home/readikole/ros2_ws/install/my_py_pkg/lib/python3.10/site-packages/my-py-pkg.egg-link (link to .)
[2.447s] Installing py_node script to /home/readikole/ros2_ws/install/my_py_pkg/lib/my_py_pkg
[2.448s] 
[2.448s] Installed /home/readikole/ros2_ws/build/my_py_pkg
[2.448s] running install_data
[2.482s] Invoked command in '/home/readikole/ros2_ws/build/my_py_pkg' returned '0': PYTHONPATH=/home/readikole/ros2_ws/build/my_py_pkg/prefix_override:/home/readikole/ros2_ws/install/my_py_pkg/lib/python3.10/site-packages:${PYTHONPATH} /usr/bin/python3 setup.py develop --editable --build-directory /home/readikole/ros2_ws/build/my_py_pkg/build --no-deps install_data
