[1.423s] Invoking command in '/home/readikole/ros2_ws/build/turtlesim_catch_them_all': PYTHONPATH=/home/readikole/ros2_ws/build/turtlesim_catch_them_all/prefix_override:/home/readikole/ros2_ws/install/turtlesim_catch_them_all/lib/python3.10/site-packages:${PYTHONPATH} /usr/bin/python3 setup.py develop --editable --build-directory /home/readikole/ros2_ws/build/turtlesim_catch_them_all/build --no-deps install_data
[1.967s] running develop
[1.985s] /home/readikole/.local/lib/python3.10/site-packages/setuptools/command/develop.py:40: EasyInstallDeprecationWarning: easy_install command is deprecated.
[1.986s] !!
[1.986s] 
[1.986s]         ********************************************************************************
[1.986s]         Please avoid running ``setup.py`` and ``easy_install``.
[1.986s]         Instead, use pypa/build, pypa/installer or other
[1.986s]         standards-based tools.
[1.987s] 
[1.987s]         See https://github.com/pypa/setuptools/issues/917 for details.
[1.987s]         ********************************************************************************
[1.987s] 
[1.987s] !!
[1.987s]   easy_install.initialize_options(self)
[2.055s] /home/readikole/.local/lib/python3.10/site-packages/setuptools/_distutils/cmd.py:66: SetuptoolsDeprecationWarning: setup.py install is deprecated.
[2.055s] !!
[2.056s] 
[2.056s]         ********************************************************************************
[2.056s]         Please avoid running ``setup.py`` directly.
[2.056s]         Instead, use pypa/build, pypa/installer or other
[2.056s]         standards-based tools.
[2.056s] 
[2.057s]         See https://blog.ganssle.io/articles/2021/10/setup-py-deprecated.html for details.
[2.057s]         ********************************************************************************
[2.057s] 
[2.057s] !!
[2.057s]   self.initialize_options()
[2.443s] running egg_info
[2.471s] writing turtlesim_catch_them_all.egg-info/PKG-INFO
[2.508s] writing dependency_links to turtlesim_catch_them_all.egg-info/dependency_links.txt
[2.513s] writing entry points to turtlesim_catch_them_all.egg-info/entry_points.txt
[2.548s] writing requirements to turtlesim_catch_them_all.egg-info/requires.txt
[2.555s] writing top-level names to turtlesim_catch_them_all.egg-info/top_level.txt
[2.613s] reading manifest file 'turtlesim_catch_them_all.egg-info/SOURCES.txt'
[2.641s] writing manifest file 'turtlesim_catch_them_all.egg-info/SOURCES.txt'
[2.671s] running build_ext
[2.671s] Creating /home/readikole/ros2_ws/install/turtlesim_catch_them_all/lib/python3.10/site-packages/turtlesim-catch-them-all.egg-link (link to .)
[2.672s] Installing turtle_spawner script to /home/readikole/ros2_ws/install/turtlesim_catch_them_all/lib/turtlesim_catch_them_all
[2.673s] Installing turtlesim_controller script to /home/readikole/ros2_ws/install/turtlesim_catch_them_all/lib/turtlesim_catch_them_all
[2.673s] 
[2.673s] Installed /home/readikole/ros2_ws/build/turtlesim_catch_them_all
[2.673s] running install_data
[2.718s] Invoked command in '/home/readikole/ros2_ws/build/turtlesim_catch_them_all' returned '0': PYTHONPATH=/home/readikole/ros2_ws/build/turtlesim_catch_them_all/prefix_override:/home/readikole/ros2_ws/install/turtlesim_catch_them_all/lib/python3.10/site-packages:${PYTHONPATH} /usr/bin/python3 setup.py develop --editable --build-directory /home/readikole/ros2_ws/build/turtlesim_catch_them_all/build --no-deps install_data
