running develop
/home/readikole/.local/lib/python3.10/site-packages/setuptools/command/develop.py:40: EasyInstallDeprecationWarning: easy_install command is deprecated.
!!

        ********************************************************************************
        Please avoid running ``setup.py`` and ``easy_install``.
        Instead, use pypa/build, pypa/installer or other
        standards-based tools.

        See https://github.com/pypa/setuptools/issues/917 for details.
        ********************************************************************************

!!
  easy_install.initialize_options(self)
/home/readikole/.local/lib/python3.10/site-packages/setuptools/_distutils/cmd.py:66: SetuptoolsDeprecationWarning: setup.py install is deprecated.
!!

        ********************************************************************************
        Please avoid running ``setup.py`` directly.
        Instead, use pypa/build, pypa/installer or other
        standards-based tools.

        See https://blog.ganssle.io/articles/2021/10/setup-py-deprecated.html for details.
        ********************************************************************************

!!
  self.initialize_options()
running egg_info
writing my_py_pkg.egg-info/PKG-INFO
writing dependency_links to my_py_pkg.egg-info/dependency_links.txt
writing entry points to my_py_pkg.egg-info/entry_points.txt
writing requirements to my_py_pkg.egg-info/requires.txt
writing top-level names to my_py_pkg.egg-info/top_level.txt
reading manifest file 'my_py_pkg.egg-info/SOURCES.txt'
writing manifest file 'my_py_pkg.egg-info/SOURCES.txt'
running build_ext
Creating /home/readikole/ros2_ws/install/my_py_pkg/lib/python3.10/site-packages/my-py-pkg.egg-link (link to .)
Installing py_node script to /home/readikole/ros2_ws/install/my_py_pkg/lib/my_py_pkg
Installing robot_news_station script to /home/readikole/ros2_ws/install/my_py_pkg/lib/my_py_pkg

Installed /home/readikole/ros2_ws/build/my_py_pkg
running install_data
copying package.xml -> /home/readikole/ros2_ws/install/my_py_pkg/share/my_py_pkg
