[1.294s] Invoking command in '/home/readikole/ros2_ws/build/my_py_pkg': PYTHONPATH=/home/readikole/ros2_ws/build/my_py_pkg/prefix_override:/home/readikole/ros2_ws/install/my_py_pkg/lib/python3.10/site-packages:${PYTHONPATH} /usr/bin/python3 setup.py develop --editable --build-directory /home/readikole/ros2_ws/build/my_py_pkg/build --no-deps install_data
[1.854s] running develop
[1.854s] /home/readikole/.local/lib/python3.10/site-packages/setuptools/command/develop.py:40: EasyInstallDeprecationWarning: easy_install command is deprecated.
[1.854s] !!
[1.854s] 
[1.854s]         ********************************************************************************
[1.854s]         Please avoid running ``setup.py`` and ``easy_install``.
[1.854s]         Instead, use pypa/build, pypa/installer or other
[1.854s]         standards-based tools.
[1.855s] 
[1.855s]         See https://github.com/pypa/setuptools/issues/917 for details.
[1.855s]         ********************************************************************************
[1.855s] 
[1.855s] !!
[1.855s]   easy_install.initialize_options(self)
[1.914s] /home/readikole/.local/lib/python3.10/site-packages/setuptools/_distutils/cmd.py:66: SetuptoolsDeprecationWarning: setup.py install is deprecated.
[1.915s] !!
[1.915s] 
[1.915s]         ********************************************************************************
[1.915s]         Please avoid running ``setup.py`` directly.
[1.915s]         Instead, use pypa/build, pypa/installer or other
[1.915s]         standards-based tools.
[1.915s] 
[1.915s]         See https://blog.ganssle.io/articles/2021/10/setup-py-deprecated.html for details.
[1.915s]         ********************************************************************************
[1.916s] 
[1.916s] !!
[1.916s]   self.initialize_options()
[2.271s] running egg_info
[2.305s] writing my_py_pkg.egg-info/PKG-INFO
[2.305s] writing dependency_links to my_py_pkg.egg-info/dependency_links.txt
[2.305s] writing entry points to my_py_pkg.egg-info/entry_points.txt
[2.306s] writing requirements to my_py_pkg.egg-info/requires.txt
[2.306s] writing top-level names to my_py_pkg.egg-info/top_level.txt
[2.361s] reading manifest file 'my_py_pkg.egg-info/SOURCES.txt'
[2.362s] writing manifest file 'my_py_pkg.egg-info/SOURCES.txt'
[2.392s] running build_ext
[2.392s] Creating /home/readikole/ros2_ws/install/my_py_pkg/lib/python3.10/site-packages/my-py-pkg.egg-link (link to .)
[2.394s] Installing py_node script to /home/readikole/ros2_ws/install/my_py_pkg/lib/my_py_pkg
[2.394s] 
[2.395s] Installed /home/readikole/ros2_ws/build/my_py_pkg
[2.395s] running install_data
[2.434s] Invoked command in '/home/readikole/ros2_ws/build/my_py_pkg' returned '0': PYTHONPATH=/home/readikole/ros2_ws/build/my_py_pkg/prefix_override:/home/readikole/ros2_ws/install/my_py_pkg/lib/python3.10/site-packages:${PYTHONPATH} /usr/bin/python3 setup.py develop --editable --build-directory /home/readikole/ros2_ws/build/my_py_pkg/build --no-deps install_data
