[1.153s] Invoking command in '/home/readikole/ros2_ws/build/my_py_pkg': PYTHONPATH=/home/readikole/ros2_ws/build/my_py_pkg/prefix_override:/home/readikole/ros2_ws/install/my_py_pkg/lib/python3.10/site-packages:${PYTHONPATH} /usr/bin/python3 setup.py develop --editable --build-directory /home/readikole/ros2_ws/build/my_py_pkg/build --no-deps install_data
[1.763s] running develop
[1.763s] /home/readikole/.local/lib/python3.10/site-packages/setuptools/command/develop.py:40: EasyInstallDeprecationWarning: easy_install command is deprecated.
[1.763s] !!
[1.763s] 
[1.764s]         ********************************************************************************
[1.764s]         Please avoid running ``setup.py`` and ``easy_install``.
[1.764s]         Instead, use pypa/build, pypa/installer or other
[1.764s]         standards-based tools.
[1.764s] 
[1.764s]         See https://github.com/pypa/setuptools/issues/917 for details.
[1.764s]         ********************************************************************************
[1.765s] 
[1.765s] !!
[1.765s]   easy_install.initialize_options(self)
[1.822s] /home/readikole/.local/lib/python3.10/site-packages/setuptools/_distutils/cmd.py:66: SetuptoolsDeprecationWarning: setup.py install is deprecated.
[1.823s] !!
[1.823s] 
[1.823s]         ********************************************************************************
[1.823s]         Please avoid running ``setup.py`` directly.
[1.823s]         Instead, use pypa/build, pypa/installer or other
[1.823s]         standards-based tools.
[1.823s] 
[1.824s]         See https://blog.ganssle.io/articles/2021/10/setup-py-deprecated.html for details.
[1.824s]         ********************************************************************************
[1.824s] 
[1.824s] !!
[1.824s]   self.initialize_options()
[2.178s] running egg_info
[2.208s] writing my_py_pkg.egg-info/PKG-INFO
[2.208s] writing dependency_links to my_py_pkg.egg-info/dependency_links.txt
[2.208s] writing entry points to my_py_pkg.egg-info/entry_points.txt
[2.209s] writing requirements to my_py_pkg.egg-info/requires.txt
[2.209s] writing top-level names to my_py_pkg.egg-info/top_level.txt
[2.258s] reading manifest file 'my_py_pkg.egg-info/SOURCES.txt'
[2.259s] writing manifest file 'my_py_pkg.egg-info/SOURCES.txt'
[2.288s] running build_ext
[2.288s] Creating /home/readikole/ros2_ws/install/my_py_pkg/lib/python3.10/site-packages/my-py-pkg.egg-link (link to .)
[2.289s] Installing py_node script to /home/readikole/ros2_ws/install/my_py_pkg/lib/my_py_pkg
[2.289s] Installing robot_news_station script to /home/readikole/ros2_ws/install/my_py_pkg/lib/my_py_pkg
[2.289s] Installing smartphone script to /home/readikole/ros2_ws/install/my_py_pkg/lib/my_py_pkg
[2.290s] 
[2.290s] Installed /home/readikole/ros2_ws/build/my_py_pkg
[2.290s] running install_data
[2.328s] Invoked command in '/home/readikole/ros2_ws/build/my_py_pkg' returned '0': PYTHONPATH=/home/readikole/ros2_ws/build/my_py_pkg/prefix_override:/home/readikole/ros2_ws/install/my_py_pkg/lib/python3.10/site-packages:${PYTHONPATH} /usr/bin/python3 setup.py develop --editable --build-directory /home/readikole/ros2_ws/build/my_py_pkg/build --no-deps install_data
