[0.489s] DEBUG:colcon:Command line arguments: ['/usr/bin/colcon', 'build']
[0.489s] DEBUG:colcon:Parsed command line arguments: Namespace(log_base=None, log_level=None, verb_name='build', build_base='build', install_base='install', merge_install=False, symlink_install=False, test_result_base=None, continue_on_error=False, executor='parallel', parallel_workers=12, event_handlers=None, ignore_user_meta=False, metas=['./colcon.meta'], base_paths=['.'], packages_ignore=None, packages_ignore_regex=None, paths=None, packages_up_to=None, packages_up_to_regex=None, packages_above=None, packages_above_and_dependencies=None, packages_above_depth=None, packages_select_by_dep=None, packages_skip_by_dep=None, packages_skip_up_to=None, packages_select_build_failed=False, packages_skip_build_finished=False, packages_select_test_failures=False, packages_skip_test_passed=False, packages_select=None, packages_skip=None, packages_select_regex=None, packages_skip_regex=None, packages_start=None, packages_end=None, allow_overriding=[], cmake_args=None, cmake_target=None, cmake_target_skip_unavailable=False, cmake_clean_cache=False, cmake_clean_first=False, cmake_force_configure=False, ament_cmake_args=None, catkin_cmake_args=None, catkin_skip_building_tests=False, verb_parser=<colcon_defaults.argument_parser.defaults.DefaultArgumentsDecorator object at 0x7f1e429c1690>, verb_extension=<colcon_core.verb.build.BuildVerb object at 0x7f1e42ae2c80>, main=<bound method BuildVerb.main of <colcon_core.verb.build.BuildVerb object at 0x7f1e42ae2c80>>)
[0.536s] Level 1:colcon.colcon_core.package_discovery:discover_packages(colcon_meta) check parameters
[0.536s] Level 1:colcon.colcon_core.package_discovery:discover_packages(recursive) check parameters
[0.536s] Level 1:colcon.colcon_core.package_discovery:discover_packages(ignore) check parameters
[0.536s] Level 1:colcon.colcon_core.package_discovery:discover_packages(path) check parameters
[0.537s] Level 1:colcon.colcon_core.package_discovery:discover_packages(colcon_meta) discover
[0.537s] Level 1:colcon.colcon_core.package_discovery:discover_packages(recursive) discover
[0.537s] INFO:colcon.colcon_core.package_discovery:Crawling recursively for packages in '/home/readikole/ros2_ws'
[0.537s] Level 1:colcon.colcon_core.package_identification:_identify(.) by extensions ['ignore', 'ignore_ament_install']
[0.537s] Level 1:colcon.colcon_core.package_identification:_identify(.) by extension 'ignore'
[0.537s] Level 1:colcon.colcon_core.package_identification:_identify(.) by extension 'ignore_ament_install'
[0.537s] Level 1:colcon.colcon_core.package_identification:_identify(.) by extensions ['colcon_pkg']
[0.537s] Level 1:colcon.colcon_core.package_identification:_identify(.) by extension 'colcon_pkg'
[0.537s] Level 1:colcon.colcon_core.package_identification:_identify(.) by extensions ['colcon_meta']
[0.537s] Level 1:colcon.colcon_core.package_identification:_identify(.) by extension 'colcon_meta'
[0.538s] Level 1:colcon.colcon_core.package_identification:_identify(.) by extensions ['ros']
[0.538s] Level 1:colcon.colcon_core.package_identification:_identify(.) by extension 'ros'
[0.560s] Level 1:colcon.colcon_core.package_identification:_identify(.) by extensions ['cmake', 'python']
[0.560s] Level 1:colcon.colcon_core.package_identification:_identify(.) by extension 'cmake'
[0.560s] Level 1:colcon.colcon_core.package_identification:_identify(.) by extension 'python'
[0.560s] Level 1:colcon.colcon_core.package_identification:_identify(.) by extensions ['python_setup_py']
[0.560s] Level 1:colcon.colcon_core.package_identification:_identify(.) by extension 'python_setup_py'
[0.560s] Level 1:colcon.colcon_core.package_identification:_identify(build) by extensions ['ignore', 'ignore_ament_install']
[0.560s] Level 1:colcon.colcon_core.package_identification:_identify(build) by extension 'ignore'
[0.560s] Level 1:colcon.colcon_core.package_identification:_identify(build) ignored
[0.561s] Level 1:colcon.colcon_core.package_identification:_identify(install) by extensions ['ignore', 'ignore_ament_install']
[0.561s] Level 1:colcon.colcon_core.package_identification:_identify(install) by extension 'ignore'
[0.561s] Level 1:colcon.colcon_core.package_identification:_identify(install) ignored
[0.561s] Level 1:colcon.colcon_core.package_identification:_identify(log) by extensions ['ignore', 'ignore_ament_install']
[0.561s] Level 1:colcon.colcon_core.package_identification:_identify(log) by extension 'ignore'
[0.561s] Level 1:colcon.colcon_core.package_identification:_identify(log) ignored
[0.561s] Level 1:colcon.colcon_core.package_identification:_identify(src) by extensions ['ignore', 'ignore_ament_install']
[0.562s] Level 1:colcon.colcon_core.package_identification:_identify(src) by extension 'ignore'
[0.562s] Level 1:colcon.colcon_core.package_identification:_identify(src) by extension 'ignore_ament_install'
[0.562s] Level 1:colcon.colcon_core.package_identification:_identify(src) by extensions ['colcon_pkg']
[0.562s] Level 1:colcon.colcon_core.package_identification:_identify(src) by extension 'colcon_pkg'
[0.562s] Level 1:colcon.colcon_core.package_identification:_identify(src) by extensions ['colcon_meta']
[0.562s] Level 1:colcon.colcon_core.package_identification:_identify(src) by extension 'colcon_meta'
[0.562s] Level 1:colcon.colcon_core.package_identification:_identify(src) by extensions ['ros']
[0.562s] Level 1:colcon.colcon_core.package_identification:_identify(src) by extension 'ros'
[0.562s] Level 1:colcon.colcon_core.package_identification:_identify(src) by extensions ['cmake', 'python']
[0.562s] Level 1:colcon.colcon_core.package_identification:_identify(src) by extension 'cmake'
[0.562s] Level 1:colcon.colcon_core.package_identification:_identify(src) by extension 'python'
[0.563s] Level 1:colcon.colcon_core.package_identification:_identify(src) by extensions ['python_setup_py']
[0.563s] Level 1:colcon.colcon_core.package_identification:_identify(src) by extension 'python_setup_py'
[0.563s] Level 1:colcon.colcon_core.package_identification:_identify(src/build) by extensions ['ignore', 'ignore_ament_install']
[0.563s] Level 1:colcon.colcon_core.package_identification:_identify(src/build) by extension 'ignore'
[0.563s] Level 1:colcon.colcon_core.package_identification:_identify(src/build) ignored
[0.563s] Level 1:colcon.colcon_core.package_identification:_identify(src/install) by extensions ['ignore', 'ignore_ament_install']
[0.563s] Level 1:colcon.colcon_core.package_identification:_identify(src/install) by extension 'ignore'
[0.563s] Level 1:colcon.colcon_core.package_identification:_identify(src/install) ignored
[0.564s] Level 1:colcon.colcon_core.package_identification:_identify(src/log) by extensions ['ignore', 'ignore_ament_install']
[0.564s] Level 1:colcon.colcon_core.package_identification:_identify(src/log) by extension 'ignore'
[0.564s] Level 1:colcon.colcon_core.package_identification:_identify(src/log) ignored
[0.564s] Level 1:colcon.colcon_core.package_identification:_identify(src/my_cpp_pkg) by extensions ['ignore', 'ignore_ament_install']
[0.564s] Level 1:colcon.colcon_core.package_identification:_identify(src/my_cpp_pkg) by extension 'ignore'
[0.564s] Level 1:colcon.colcon_core.package_identification:_identify(src/my_cpp_pkg) by extension 'ignore_ament_install'
[0.564s] Level 1:colcon.colcon_core.package_identification:_identify(src/my_cpp_pkg) by extensions ['colcon_pkg']
[0.564s] Level 1:colcon.colcon_core.package_identification:_identify(src/my_cpp_pkg) by extension 'colcon_pkg'
[0.564s] Level 1:colcon.colcon_core.package_identification:_identify(src/my_cpp_pkg) by extensions ['colcon_meta']
[0.565s] Level 1:colcon.colcon_core.package_identification:_identify(src/my_cpp_pkg) by extension 'colcon_meta'
[0.565s] Level 1:colcon.colcon_core.package_identification:_identify(src/my_cpp_pkg) by extensions ['ros']
[0.565s] Level 1:colcon.colcon_core.package_identification:_identify(src/my_cpp_pkg) by extension 'ros'
[0.568s] DEBUG:colcon.colcon_core.package_identification:Package 'src/my_cpp_pkg' with type 'ros.ament_cmake' and name 'my_cpp_pkg'
[0.568s] Level 1:colcon.colcon_core.package_identification:_identify(src/my_py_pkg) by extensions ['ignore', 'ignore_ament_install']
[0.568s] Level 1:colcon.colcon_core.package_identification:_identify(src/my_py_pkg) by extension 'ignore'
[0.568s] Level 1:colcon.colcon_core.package_identification:_identify(src/my_py_pkg) by extension 'ignore_ament_install'
[0.568s] Level 1:colcon.colcon_core.package_identification:_identify(src/my_py_pkg) by extensions ['colcon_pkg']
[0.568s] Level 1:colcon.colcon_core.package_identification:_identify(src/my_py_pkg) by extension 'colcon_pkg'
[0.569s] Level 1:colcon.colcon_core.package_identification:_identify(src/my_py_pkg) by extensions ['colcon_meta']
[0.569s] Level 1:colcon.colcon_core.package_identification:_identify(src/my_py_pkg) by extension 'colcon_meta'
[0.569s] Level 1:colcon.colcon_core.package_identification:_identify(src/my_py_pkg) by extensions ['ros']
[0.569s] Level 1:colcon.colcon_core.package_identification:_identify(src/my_py_pkg) by extension 'ros'
[0.570s] DEBUG:colcon.colcon_core.package_identification:Package 'src/my_py_pkg' with type 'ros.ament_python' and name 'my_py_pkg'
[0.570s] Level 1:colcon.colcon_core.package_discovery:discover_packages(recursive) using defaults
[0.570s] Level 1:colcon.colcon_core.package_discovery:discover_packages(ignore) discover
[0.570s] Level 1:colcon.colcon_core.package_discovery:discover_packages(ignore) using defaults
[0.570s] Level 1:colcon.colcon_core.package_discovery:discover_packages(path) discover
[0.570s] Level 1:colcon.colcon_core.package_discovery:discover_packages(path) using defaults
[0.616s] Level 1:colcon.colcon_core.package_discovery:discover_packages(prefix_path) check parameters
[0.617s] Level 1:colcon.colcon_core.package_discovery:discover_packages(prefix_path) discover
[0.623s] DEBUG:colcon.colcon_installed_package_information.package_discovery:Found 1 installed packages in /home/readikole/ros2_ws/src/install
[0.626s] DEBUG:colcon.colcon_installed_package_information.package_discovery:Found 2 installed packages in /home/readikole/ros2_ws/install
[0.631s] DEBUG:colcon.colcon_installed_package_information.package_discovery:Found 280 installed packages in /opt/ros/humble
[0.633s] Level 1:colcon.colcon_core.package_discovery:discover_packages(prefix_path) using defaults
[0.722s] Level 5:colcon.colcon_core.verb:set package 'my_cpp_pkg' build argument 'cmake_args' from command line to 'None'
[0.722s] Level 5:colcon.colcon_core.verb:set package 'my_cpp_pkg' build argument 'cmake_target' from command line to 'None'
[0.722s] Level 5:colcon.colcon_core.verb:set package 'my_cpp_pkg' build argument 'cmake_target_skip_unavailable' from command line to 'False'
[0.722s] Level 5:colcon.colcon_core.verb:set package 'my_cpp_pkg' build argument 'cmake_clean_cache' from command line to 'False'
[0.722s] Level 5:colcon.colcon_core.verb:set package 'my_cpp_pkg' build argument 'cmake_clean_first' from command line to 'False'
[0.722s] Level 5:colcon.colcon_core.verb:set package 'my_cpp_pkg' build argument 'cmake_force_configure' from command line to 'False'
[0.722s] Level 5:colcon.colcon_core.verb:set package 'my_cpp_pkg' build argument 'ament_cmake_args' from command line to 'None'
[0.722s] Level 5:colcon.colcon_core.verb:set package 'my_cpp_pkg' build argument 'catkin_cmake_args' from command line to 'None'
[0.722s] Level 5:colcon.colcon_core.verb:set package 'my_cpp_pkg' build argument 'catkin_skip_building_tests' from command line to 'False'
[0.723s] DEBUG:colcon.colcon_core.verb:Building package 'my_cpp_pkg' with the following arguments: {'ament_cmake_args': None, 'build_base': '/home/readikole/ros2_ws/build/my_cpp_pkg', 'catkin_cmake_args': None, 'catkin_skip_building_tests': False, 'cmake_args': None, 'cmake_clean_cache': False, 'cmake_clean_first': False, 'cmake_force_configure': False, 'cmake_target': None, 'cmake_target_skip_unavailable': False, 'install_base': '/home/readikole/ros2_ws/install/my_cpp_pkg', 'merge_install': False, 'path': '/home/readikole/ros2_ws/src/my_cpp_pkg', 'symlink_install': False, 'test_result_base': None}
[0.726s] Level 5:colcon.colcon_core.verb:set package 'my_py_pkg' build argument 'cmake_args' from command line to 'None'
[0.726s] Level 5:colcon.colcon_core.verb:set package 'my_py_pkg' build argument 'cmake_target' from command line to 'None'
[0.726s] Level 5:colcon.colcon_core.verb:set package 'my_py_pkg' build argument 'cmake_target_skip_unavailable' from command line to 'False'
[0.726s] Level 5:colcon.colcon_core.verb:set package 'my_py_pkg' build argument 'cmake_clean_cache' from command line to 'False'
[0.726s] Level 5:colcon.colcon_core.verb:set package 'my_py_pkg' build argument 'cmake_clean_first' from command line to 'False'
[0.726s] Level 5:colcon.colcon_core.verb:set package 'my_py_pkg' build argument 'cmake_force_configure' from command line to 'False'
[0.726s] Level 5:colcon.colcon_core.verb:set package 'my_py_pkg' build argument 'ament_cmake_args' from command line to 'None'
[0.726s] Level 5:colcon.colcon_core.verb:set package 'my_py_pkg' build argument 'catkin_cmake_args' from command line to 'None'
[0.726s] Level 5:colcon.colcon_core.verb:set package 'my_py_pkg' build argument 'catkin_skip_building_tests' from command line to 'False'
[0.726s] DEBUG:colcon.colcon_core.verb:Building package 'my_py_pkg' with the following arguments: {'ament_cmake_args': None, 'build_base': '/home/readikole/ros2_ws/build/my_py_pkg', 'catkin_cmake_args': None, 'catkin_skip_building_tests': False, 'cmake_args': None, 'cmake_clean_cache': False, 'cmake_clean_first': False, 'cmake_force_configure': False, 'cmake_target': None, 'cmake_target_skip_unavailable': False, 'install_base': '/home/readikole/ros2_ws/install/my_py_pkg', 'merge_install': False, 'path': '/home/readikole/ros2_ws/src/my_py_pkg', 'symlink_install': False, 'test_result_base': None}
[0.729s] INFO:colcon.colcon_core.executor:Executing jobs using 'parallel' executor
[0.741s] DEBUG:colcon.colcon_parallel_executor.executor.parallel:run_until_complete
[0.742s] INFO:colcon.colcon_ros.task.ament_cmake.build:Building ROS package in '/home/readikole/ros2_ws/src/my_cpp_pkg' with build type 'ament_cmake'
[0.742s] INFO:colcon.colcon_cmake.task.cmake.build:Building CMake package in '/home/readikole/ros2_ws/src/my_cpp_pkg'
[0.753s] INFO:colcon.colcon_core.plugin_system:Skipping extension 'colcon_core.shell.bat': Not used on non-Windows systems
[0.754s] INFO:colcon.colcon_core.shell:Skip shell extension 'powershell' for command environment: Not usable outside of PowerShell
[0.754s] DEBUG:colcon.colcon_core.shell:Skip shell extension 'dsv' for command environment
[0.770s] INFO:colcon.colcon_ros.task.ament_python.build:Building ROS package in '/home/readikole/ros2_ws/src/my_py_pkg' with build type 'ament_python'
[0.770s] Level 1:colcon.colcon_core.shell:create_environment_hook('my_py_pkg', 'ament_prefix_path')
[0.778s] INFO:colcon.colcon_core.shell:Creating environment hook '/home/readikole/ros2_ws/install/my_py_pkg/share/my_py_pkg/hook/ament_prefix_path.ps1'
[0.779s] INFO:colcon.colcon_core.shell:Creating environment descriptor '/home/readikole/ros2_ws/install/my_py_pkg/share/my_py_pkg/hook/ament_prefix_path.dsv'
[0.780s] INFO:colcon.colcon_core.shell:Creating environment hook '/home/readikole/ros2_ws/install/my_py_pkg/share/my_py_pkg/hook/ament_prefix_path.sh'
[0.787s] INFO:colcon.colcon_core.shell:Skip shell extension 'powershell' for command environment: Not usable outside of PowerShell
[0.787s] DEBUG:colcon.colcon_core.shell:Skip shell extension 'dsv' for command environment
[0.812s] DEBUG:colcon.colcon_core.event_handler.log_command:Invoking command in '/home/readikole/ros2_ws/build/my_cpp_pkg': CMAKE_PREFIX_PATH=${CMAKE_PREFIX_PATH}:/home/readikole/ros2_ws/install/my_py_pkg:/opt/ros/humble /home/readikole/.local/bin/cmake --build /home/readikole/ros2_ws/build/my_cpp_pkg -- -j12 -l12
[1.174s] INFO:colcon.colcon_core.task.python.build:Building Python package in '/home/readikole/ros2_ws/src/my_py_pkg'
[1.179s] INFO:colcon.colcon_core.shell:Skip shell extension 'powershell' for command environment: Not usable outside of PowerShell
[1.179s] DEBUG:colcon.colcon_core.shell:Skip shell extension 'dsv' for command environment
[1.193s] DEBUG:colcon.colcon_core.event_handler.log_command:Invoked command in '/home/readikole/ros2_ws/build/my_cpp_pkg' returned '0': CMAKE_PREFIX_PATH=${CMAKE_PREFIX_PATH}:/home/readikole/ros2_ws/install/my_py_pkg:/opt/ros/humble /home/readikole/.local/bin/cmake --build /home/readikole/ros2_ws/build/my_cpp_pkg -- -j12 -l12
[1.308s] DEBUG:colcon.colcon_core.event_handler.log_command:Invoking command in '/home/readikole/ros2_ws/build/my_cpp_pkg': CMAKE_PREFIX_PATH=${CMAKE_PREFIX_PATH}:/home/readikole/ros2_ws/install/my_py_pkg:/opt/ros/humble /home/readikole/.local/bin/cmake --install /home/readikole/ros2_ws/build/my_cpp_pkg
[1.364s] Level 1:colcon.colcon_core.environment:create_environment_scripts_only(my_cpp_pkg)
[1.367s] DEBUG:colcon.colcon_core.event_handler.log_command:Invoked command in '/home/readikole/ros2_ws/build/my_cpp_pkg' returned '0': CMAKE_PREFIX_PATH=${CMAKE_PREFIX_PATH}:/home/readikole/ros2_ws/install/my_py_pkg:/opt/ros/humble /home/readikole/.local/bin/cmake --install /home/readikole/ros2_ws/build/my_cpp_pkg
[1.377s] Level 1:colcon.colcon_core.environment:checking '/home/readikole/ros2_ws/install/my_cpp_pkg' for CMake module files
[1.378s] Level 1:colcon.colcon_core.environment:checking '/home/readikole/ros2_ws/install/my_cpp_pkg' for CMake config files
[1.378s] Level 1:colcon.colcon_core.shell:create_environment_hook('my_cpp_pkg', 'cmake_prefix_path')
[1.383s] INFO:colcon.colcon_core.shell:Creating environment hook '/home/readikole/ros2_ws/install/my_cpp_pkg/share/my_cpp_pkg/hook/cmake_prefix_path.ps1'
[1.384s] INFO:colcon.colcon_core.shell:Creating environment descriptor '/home/readikole/ros2_ws/install/my_cpp_pkg/share/my_cpp_pkg/hook/cmake_prefix_path.dsv'
[1.385s] INFO:colcon.colcon_core.shell:Creating environment hook '/home/readikole/ros2_ws/install/my_cpp_pkg/share/my_cpp_pkg/hook/cmake_prefix_path.sh'
[1.385s] Level 1:colcon.colcon_core.environment:checking '/home/readikole/ros2_ws/install/my_cpp_pkg/lib'
[1.386s] Level 1:colcon.colcon_core.environment:checking '/home/readikole/ros2_ws/install/my_cpp_pkg/bin'
[1.386s] Level 1:colcon.colcon_core.environment:checking '/home/readikole/ros2_ws/install/my_cpp_pkg/lib/pkgconfig/my_cpp_pkg.pc'
[1.386s] Level 1:colcon.colcon_core.environment:checking '/home/readikole/ros2_ws/install/my_cpp_pkg/lib/python3.10/site-packages'
[1.387s] Level 1:colcon.colcon_core.environment:checking '/home/readikole/ros2_ws/install/my_cpp_pkg/bin'
[1.392s] INFO:colcon.colcon_core.shell:Creating package script '/home/readikole/ros2_ws/install/my_cpp_pkg/share/my_cpp_pkg/package.ps1'
[1.393s] INFO:colcon.colcon_core.shell:Creating package descriptor '/home/readikole/ros2_ws/install/my_cpp_pkg/share/my_cpp_pkg/package.dsv'
[1.394s] INFO:colcon.colcon_core.shell:Creating package script '/home/readikole/ros2_ws/install/my_cpp_pkg/share/my_cpp_pkg/package.sh'
[1.395s] INFO:colcon.colcon_core.shell:Creating package script '/home/readikole/ros2_ws/install/my_cpp_pkg/share/my_cpp_pkg/package.bash'
[1.396s] INFO:colcon.colcon_core.shell:Creating package script '/home/readikole/ros2_ws/install/my_cpp_pkg/share/my_cpp_pkg/package.zsh'
[1.397s] Level 1:colcon.colcon_core.environment:create_file_with_runtime_dependencies(/home/readikole/ros2_ws/install/my_cpp_pkg/share/colcon-core/packages/my_cpp_pkg)
[1.468s] Level 1:colcon.colcon_core.environment:create_environment_scripts_only(my_cpp_pkg)
[1.475s] Level 1:colcon.colcon_core.environment:checking '/home/readikole/ros2_ws/install/my_cpp_pkg' for CMake module files
[1.476s] Level 1:colcon.colcon_core.environment:checking '/home/readikole/ros2_ws/install/my_cpp_pkg' for CMake config files
[1.477s] Level 1:colcon.colcon_core.shell:create_environment_hook('my_cpp_pkg', 'cmake_prefix_path')
[1.481s] INFO:colcon.colcon_core.shell:Creating environment hook '/home/readikole/ros2_ws/install/my_cpp_pkg/share/my_cpp_pkg/hook/cmake_prefix_path.ps1'
[1.482s] INFO:colcon.colcon_core.shell:Creating environment descriptor '/home/readikole/ros2_ws/install/my_cpp_pkg/share/my_cpp_pkg/hook/cmake_prefix_path.dsv'
[1.483s] INFO:colcon.colcon_core.shell:Creating environment hook '/home/readikole/ros2_ws/install/my_cpp_pkg/share/my_cpp_pkg/hook/cmake_prefix_path.sh'
[1.483s] Level 1:colcon.colcon_core.environment:checking '/home/readikole/ros2_ws/install/my_cpp_pkg/lib'
[1.483s] Level 1:colcon.colcon_core.environment:checking '/home/readikole/ros2_ws/install/my_cpp_pkg/bin'
[1.483s] Level 1:colcon.colcon_core.environment:checking '/home/readikole/ros2_ws/install/my_cpp_pkg/lib/pkgconfig/my_cpp_pkg.pc'
[1.484s] Level 1:colcon.colcon_core.environment:checking '/home/readikole/ros2_ws/install/my_cpp_pkg/lib/python3.10/site-packages'
[1.484s] Level 1:colcon.colcon_core.environment:checking '/home/readikole/ros2_ws/install/my_cpp_pkg/bin'
[1.489s] INFO:colcon.colcon_core.shell:Creating package script '/home/readikole/ros2_ws/install/my_cpp_pkg/share/my_cpp_pkg/package.ps1'
[1.490s] INFO:colcon.colcon_core.shell:Creating package descriptor '/home/readikole/ros2_ws/install/my_cpp_pkg/share/my_cpp_pkg/package.dsv'
[1.491s] INFO:colcon.colcon_core.shell:Creating package script '/home/readikole/ros2_ws/install/my_cpp_pkg/share/my_cpp_pkg/package.sh'
[1.492s] INFO:colcon.colcon_core.shell:Creating package script '/home/readikole/ros2_ws/install/my_cpp_pkg/share/my_cpp_pkg/package.bash'
[1.492s] INFO:colcon.colcon_core.shell:Creating package script '/home/readikole/ros2_ws/install/my_cpp_pkg/share/my_cpp_pkg/package.zsh'
[1.493s] Level 1:colcon.colcon_core.environment:create_file_with_runtime_dependencies(/home/readikole/ros2_ws/install/my_cpp_pkg/share/colcon-core/packages/my_cpp_pkg)
[2.150s] DEBUG:colcon.colcon_core.event_handler.log_command:Invoking command in '/home/readikole/ros2_ws/build/my_py_pkg': PYTHONPATH=/home/readikole/ros2_ws/build/my_py_pkg/prefix_override:/home/readikole/ros2_ws/install/my_py_pkg/lib/python3.10/site-packages:${PYTHONPATH} /usr/bin/python3 setup.py develop --uninstall --editable --build-directory /home/readikole/ros2_ws/build/my_py_pkg/build
[3.193s] DEBUG:colcon.colcon_core.event_handler.log_command:Invoked command in '/home/readikole/ros2_ws/build/my_py_pkg' returned '0': PYTHONPATH=/home/readikole/ros2_ws/build/my_py_pkg/prefix_override:/home/readikole/ros2_ws/install/my_py_pkg/lib/python3.10/site-packages:${PYTHONPATH} /usr/bin/python3 setup.py develop --uninstall --editable --build-directory /home/readikole/ros2_ws/build/my_py_pkg/build
[3.196s] DEBUG:colcon.colcon_core.event_handler.log_command:Invoking command in '/home/readikole/ros2_ws/src/my_py_pkg': PYTHONPATH=/home/readikole/ros2_ws/build/my_py_pkg/prefix_override:/home/readikole/ros2_ws/install/my_py_pkg/lib/python3.10/site-packages:${PYTHONPATH} /usr/bin/python3 setup.py egg_info --egg-base ../../build/my_py_pkg build --build-base /home/readikole/ros2_ws/build/my_py_pkg/build install --record /home/readikole/ros2_ws/build/my_py_pkg/install.log --single-version-externally-managed
[4.126s] Level 1:colcon.colcon_core.environment:checking '/home/readikole/ros2_ws/install/my_py_pkg' for CMake module files
[4.127s] DEBUG:colcon.colcon_core.event_handler.log_command:Invoked command in '/home/readikole/ros2_ws/src/my_py_pkg' returned '0': PYTHONPATH=/home/readikole/ros2_ws/build/my_py_pkg/prefix_override:/home/readikole/ros2_ws/install/my_py_pkg/lib/python3.10/site-packages:${PYTHONPATH} /usr/bin/python3 setup.py egg_info --egg-base ../../build/my_py_pkg build --build-base /home/readikole/ros2_ws/build/my_py_pkg/build install --record /home/readikole/ros2_ws/build/my_py_pkg/install.log --single-version-externally-managed
[4.127s] Level 1:colcon.colcon_core.environment:checking '/home/readikole/ros2_ws/install/my_py_pkg' for CMake config files
[4.128s] Level 1:colcon.colcon_core.environment:checking '/home/readikole/ros2_ws/install/my_py_pkg/lib'
[4.128s] Level 1:colcon.colcon_core.environment:checking '/home/readikole/ros2_ws/install/my_py_pkg/bin'
[4.129s] Level 1:colcon.colcon_core.environment:checking '/home/readikole/ros2_ws/install/my_py_pkg/lib/pkgconfig/my_py_pkg.pc'
[4.129s] Level 1:colcon.colcon_core.environment:checking '/home/readikole/ros2_ws/install/my_py_pkg/lib/python3.10/site-packages'
[4.129s] Level 1:colcon.colcon_core.shell:create_environment_hook('my_py_pkg', 'pythonpath')
[4.134s] INFO:colcon.colcon_core.shell:Creating environment hook '/home/readikole/ros2_ws/install/my_py_pkg/share/my_py_pkg/hook/pythonpath.ps1'
[4.135s] INFO:colcon.colcon_core.shell:Creating environment descriptor '/home/readikole/ros2_ws/install/my_py_pkg/share/my_py_pkg/hook/pythonpath.dsv'
[4.135s] INFO:colcon.colcon_core.shell:Creating environment hook '/home/readikole/ros2_ws/install/my_py_pkg/share/my_py_pkg/hook/pythonpath.sh'
[4.136s] Level 1:colcon.colcon_core.environment:checking '/home/readikole/ros2_ws/install/my_py_pkg/bin'
[4.136s] Level 1:colcon.colcon_core.environment:create_environment_scripts_only(my_py_pkg)
[4.142s] INFO:colcon.colcon_core.shell:Creating package script '/home/readikole/ros2_ws/install/my_py_pkg/share/my_py_pkg/package.ps1'
[4.142s] INFO:colcon.colcon_core.shell:Creating package descriptor '/home/readikole/ros2_ws/install/my_py_pkg/share/my_py_pkg/package.dsv'
[4.143s] INFO:colcon.colcon_core.shell:Creating package script '/home/readikole/ros2_ws/install/my_py_pkg/share/my_py_pkg/package.sh'
[4.143s] INFO:colcon.colcon_core.shell:Creating package script '/home/readikole/ros2_ws/install/my_py_pkg/share/my_py_pkg/package.bash'
[4.144s] INFO:colcon.colcon_core.shell:Creating package script '/home/readikole/ros2_ws/install/my_py_pkg/share/my_py_pkg/package.zsh'
[4.144s] Level 1:colcon.colcon_core.environment:create_file_with_runtime_dependencies(/home/readikole/ros2_ws/install/my_py_pkg/share/colcon-core/packages/my_py_pkg)
[4.145s] DEBUG:colcon.colcon_parallel_executor.executor.parallel:closing loop
[4.145s] DEBUG:colcon.colcon_parallel_executor.executor.parallel:loop closed
[4.145s] DEBUG:colcon.colcon_parallel_executor.executor.parallel:run_until_complete finished with '0'
[4.145s] DEBUG:colcon.colcon_core.event_reactor:joining thread
[4.153s] INFO:colcon.colcon_core.plugin_system:Skipping extension 'colcon_notification.desktop_notification.terminal_notifier': Not used on non-Darwin systems
[4.153s] INFO:colcon.colcon_core.plugin_system:Skipping extension 'colcon_notification.desktop_notification.win32': Not used on non-Windows systems
[4.153s] INFO:colcon.colcon_notification.desktop_notification:Sending desktop notification using 'notify2'
[4.172s] DEBUG:colcon.colcon_core.event_reactor:joined thread
[4.180s] INFO:colcon.colcon_core.shell:Creating prefix script '/home/readikole/ros2_ws/install/local_setup.ps1'
[4.182s] INFO:colcon.colcon_core.shell:Creating prefix util module '/home/readikole/ros2_ws/install/_local_setup_util_ps1.py'
[4.185s] INFO:colcon.colcon_core.shell:Creating prefix chain script '/home/readikole/ros2_ws/install/setup.ps1'
[4.188s] INFO:colcon.colcon_core.shell:Creating prefix script '/home/readikole/ros2_ws/install/local_setup.sh'
[4.189s] INFO:colcon.colcon_core.shell:Creating prefix util module '/home/readikole/ros2_ws/install/_local_setup_util_sh.py'
[4.190s] INFO:colcon.colcon_core.shell:Creating prefix chain script '/home/readikole/ros2_ws/install/setup.sh'
[4.194s] INFO:colcon.colcon_core.shell:Creating prefix script '/home/readikole/ros2_ws/install/local_setup.bash'
[4.195s] INFO:colcon.colcon_core.shell:Creating prefix chain script '/home/readikole/ros2_ws/install/setup.bash'
[4.199s] INFO:colcon.colcon_core.shell:Creating prefix script '/home/readikole/ros2_ws/install/local_setup.zsh'
[4.200s] INFO:colcon.colcon_core.shell:Creating prefix chain script '/home/readikole/ros2_ws/install/setup.zsh'
