[1.119s] Invoking command in '/home/readikole/ros2_ws/build/my_py_pkg': PYTHONPATH=/home/readikole/ros2_ws/build/my_py_pkg/prefix_override:/home/readikole/ros2_ws/install/my_py_pkg/lib/python3.10/site-packages:${PYTHONPATH} /usr/bin/python3 setup.py develop --editable --build-directory /home/readikole/ros2_ws/build/my_py_pkg/build --no-deps install_data
[1.665s] running develop
[1.665s] /home/readikole/.local/lib/python3.10/site-packages/setuptools/command/develop.py:40: EasyInstallDeprecationWarning: easy_install command is deprecated.
[1.665s] !!
[1.665s] 
[1.665s]         ********************************************************************************
[1.666s]         Please avoid running ``setup.py`` and ``easy_install``.
[1.666s]         Instead, use pypa/build, pypa/installer or other
[1.666s]         standards-based tools.
[1.666s] 
[1.666s]         See https://github.com/pypa/setuptools/issues/917 for details.
[1.666s]         ********************************************************************************
[1.667s] 
[1.667s] !!
[1.667s]   easy_install.initialize_options(self)
[1.729s] /home/readikole/.local/lib/python3.10/site-packages/setuptools/_distutils/cmd.py:66: SetuptoolsDeprecationWarning: setup.py install is deprecated.
[1.729s] !!
[1.730s] 
[1.730s]         ********************************************************************************
[1.730s]         Please avoid running ``setup.py`` directly.
[1.730s]         Instead, use pypa/build, pypa/installer or other
[1.730s]         standards-based tools.
[1.730s] 
[1.731s]         See https://blog.ganssle.io/articles/2021/10/setup-py-deprecated.html for details.
[1.731s]         ********************************************************************************
[1.731s] 
[1.731s] !!
[1.731s]   self.initialize_options()
[2.078s] running egg_info
[2.104s] writing my_py_pkg.egg-info/PKG-INFO
[2.105s] writing dependency_links to my_py_pkg.egg-info/dependency_links.txt
[2.105s] writing entry points to my_py_pkg.egg-info/entry_points.txt
[2.105s] writing requirements to my_py_pkg.egg-info/requires.txt
[2.105s] writing top-level names to my_py_pkg.egg-info/top_level.txt
[2.164s] reading manifest file 'my_py_pkg.egg-info/SOURCES.txt'
[2.166s] writing manifest file 'my_py_pkg.egg-info/SOURCES.txt'
[2.194s] running build_ext
[2.194s] Creating /home/readikole/ros2_ws/install/my_py_pkg/lib/python3.10/site-packages/my-py-pkg.egg-link (link to .)
[2.196s] Installing add_two_ints_client script to /home/readikole/ros2_ws/install/my_py_pkg/lib/my_py_pkg
[2.196s] Installing add_two_ints_client_no_oop script to /home/readikole/ros2_ws/install/my_py_pkg/lib/my_py_pkg
[2.196s] Installing add_two_ints_server script to /home/readikole/ros2_ws/install/my_py_pkg/lib/my_py_pkg
[2.196s] Installing number_counter script to /home/readikole/ros2_ws/install/my_py_pkg/lib/my_py_pkg
[2.197s] Installing number_publisher script to /home/readikole/ros2_ws/install/my_py_pkg/lib/my_py_pkg
[2.197s] Installing py_node script to /home/readikole/ros2_ws/install/my_py_pkg/lib/my_py_pkg
[2.197s] Installing robot_news_station script to /home/readikole/ros2_ws/install/my_py_pkg/lib/my_py_pkg
[2.198s] Installing smartphone script to /home/readikole/ros2_ws/install/my_py_pkg/lib/my_py_pkg
[2.198s] 
[2.198s] Installed /home/readikole/ros2_ws/build/my_py_pkg
[2.198s] running install_data
[2.236s] Invoked command in '/home/readikole/ros2_ws/build/my_py_pkg' returned '0': PYTHONPATH=/home/readikole/ros2_ws/build/my_py_pkg/prefix_override:/home/readikole/ros2_ws/install/my_py_pkg/lib/python3.10/site-packages:${PYTHONPATH} /usr/bin/python3 setup.py develop --editable --build-directory /home/readikole/ros2_ws/build/my_py_pkg/build --no-deps install_data
