[1.390s] Invoking command in '/home/readikole/ros2_ws/build/my_py_pkg': PYTHONPATH=/home/readikole/ros2_ws/build/my_py_pkg/prefix_override:/home/readikole/ros2_ws/install/my_py_pkg/lib/python3.10/site-packages:${PYTHONPATH} /usr/bin/python3 setup.py develop --editable --build-directory /home/readikole/ros2_ws/build/my_py_pkg/build --no-deps install_data
[1.902s] running develop
[1.922s] /home/readikole/.local/lib/python3.10/site-packages/setuptools/command/develop.py:40: EasyInstallDeprecationWarning: easy_install command is deprecated.
[1.922s] !!
[1.922s] 
[1.923s]         ********************************************************************************
[1.923s]         Please avoid running ``setup.py`` and ``easy_install``.
[1.923s]         Instead, use pypa/build, pypa/installer or other
[1.923s]         standards-based tools.
[1.923s] 
[1.923s]         See https://github.com/pypa/setuptools/issues/917 for details.
[1.924s]         ********************************************************************************
[1.924s] 
[1.924s] !!
[1.924s]   easy_install.initialize_options(self)
[1.984s] /home/readikole/.local/lib/python3.10/site-packages/setuptools/_distutils/cmd.py:66: SetuptoolsDeprecationWarning: setup.py install is deprecated.
[1.984s] !!
[1.984s] 
[1.984s]         ********************************************************************************
[1.984s]         Please avoid running ``setup.py`` directly.
[1.984s]         Instead, use pypa/build, pypa/installer or other
[1.985s]         standards-based tools.
[1.985s] 
[1.985s]         See https://blog.ganssle.io/articles/2021/10/setup-py-deprecated.html for details.
[1.985s]         ********************************************************************************
[1.985s] 
[1.985s] !!
[1.985s]   self.initialize_options()
[2.378s] running egg_info
[2.413s] writing my_py_pkg.egg-info/PKG-INFO
[2.413s] writing dependency_links to my_py_pkg.egg-info/dependency_links.txt
[2.414s] writing entry points to my_py_pkg.egg-info/entry_points.txt
[2.414s] writing requirements to my_py_pkg.egg-info/requires.txt
[2.415s] writing top-level names to my_py_pkg.egg-info/top_level.txt
[2.490s] reading manifest file 'my_py_pkg.egg-info/SOURCES.txt'
[2.511s] writing manifest file 'my_py_pkg.egg-info/SOURCES.txt'
[2.553s] running build_ext
[2.553s] Creating /home/readikole/ros2_ws/install/my_py_pkg/lib/python3.10/site-packages/my-py-pkg.egg-link (link to .)
[2.555s] Installing number_counter script to /home/readikole/ros2_ws/install/my_py_pkg/lib/my_py_pkg
[2.555s] Installing number_publisher script to /home/readikole/ros2_ws/install/my_py_pkg/lib/my_py_pkg
[2.555s] Installing py_node script to /home/readikole/ros2_ws/install/my_py_pkg/lib/my_py_pkg
[2.556s] Installing robot_news_station script to /home/readikole/ros2_ws/install/my_py_pkg/lib/my_py_pkg
[2.556s] Installing smartphone script to /home/readikole/ros2_ws/install/my_py_pkg/lib/my_py_pkg
[2.556s] 
[2.556s] Installed /home/readikole/ros2_ws/build/my_py_pkg
[2.557s] running install_data
[2.622s] Invoked command in '/home/readikole/ros2_ws/build/my_py_pkg' returned '0': PYTHONPATH=/home/readikole/ros2_ws/build/my_py_pkg/prefix_override:/home/readikole/ros2_ws/install/my_py_pkg/lib/python3.10/site-packages:${PYTHONPATH} /usr/bin/python3 setup.py develop --editable --build-directory /home/readikole/ros2_ws/build/my_py_pkg/build --no-deps install_data
