[0.469s] DEBUG:colcon:Command line arguments: ['/usr/bin/colcon', 'build', '--packages-select', 'my_cpp_pkg']
[0.469s] DEBUG:colcon:Parsed command line arguments: Namespace(log_base=None, log_level=None, verb_name='build', build_base='build', install_base='install', merge_install=False, symlink_install=False, test_result_base=None, continue_on_error=False, executor='parallel', parallel_workers=12, event_handlers=None, ignore_user_meta=False, metas=['./colcon.meta'], base_paths=['.'], packages_ignore=None, packages_ignore_regex=None, paths=None, packages_up_to=None, packages_up_to_regex=None, packages_above=None, packages_above_and_dependencies=None, packages_above_depth=None, packages_select_by_dep=None, packages_skip_by_dep=None, packages_skip_up_to=None, packages_select_build_failed=False, packages_skip_build_finished=False, packages_select_test_failures=False, packages_skip_test_passed=False, packages_select=['my_cpp_pkg'], packages_skip=None, packages_select_regex=None, packages_skip_regex=None, packages_start=None, packages_end=None, allow_overriding=[], cmake_args=None, cmake_target=None, cmake_target_skip_unavailable=False, cmake_clean_cache=False, cmake_clean_first=False, cmake_force_configure=False, ament_cmake_args=None, catkin_cmake_args=None, catkin_skip_building_tests=False, verb_parser=<colcon_defaults.argument_parser.defaults.DefaultArgumentsDecorator object at 0x7fd55f284d00>, verb_extension=<colcon_core.verb.build.BuildVerb object at 0x7fd55f3d2320>, main=<bound method BuildVerb.main of <colcon_core.verb.build.BuildVerb object at 0x7fd55f3d2320>>)
[0.513s] Level 1:colcon.colcon_core.package_discovery:discover_packages(colcon_meta) check parameters
[0.513s] Level 1:colcon.colcon_core.package_discovery:discover_packages(recursive) check parameters
[0.513s] Level 1:colcon.colcon_core.package_discovery:discover_packages(ignore) check parameters
[0.513s] Level 1:colcon.colcon_core.package_discovery:discover_packages(path) check parameters
[0.513s] Level 1:colcon.colcon_core.package_discovery:discover_packages(colcon_meta) discover
[0.513s] Level 1:colcon.colcon_core.package_discovery:discover_packages(recursive) discover
[0.513s] INFO:colcon.colcon_core.package_discovery:Crawling recursively for packages in '/home/readikole/ros2_ws'
[0.514s] Level 1:colcon.colcon_core.package_identification:_identify(.) by extensions ['ignore', 'ignore_ament_install']
[0.514s] Level 1:colcon.colcon_core.package_identification:_identify(.) by extension 'ignore'
[0.514s] Level 1:colcon.colcon_core.package_identification:_identify(.) by extension 'ignore_ament_install'
[0.514s] Level 1:colcon.colcon_core.package_identification:_identify(.) by extensions ['colcon_pkg']
[0.514s] Level 1:colcon.colcon_core.package_identification:_identify(.) by extension 'colcon_pkg'
[0.514s] Level 1:colcon.colcon_core.package_identification:_identify(.) by extensions ['colcon_meta']
[0.514s] Level 1:colcon.colcon_core.package_identification:_identify(.) by extension 'colcon_meta'
[0.514s] Level 1:colcon.colcon_core.package_identification:_identify(.) by extensions ['ros']
[0.514s] Level 1:colcon.colcon_core.package_identification:_identify(.) by extension 'ros'
[0.532s] Level 1:colcon.colcon_core.package_identification:_identify(.) by extensions ['cmake', 'python']
[0.532s] Level 1:colcon.colcon_core.package_identification:_identify(.) by extension 'cmake'
[0.532s] Level 1:colcon.colcon_core.package_identification:_identify(.) by extension 'python'
[0.532s] Level 1:colcon.colcon_core.package_identification:_identify(.) by extensions ['python_setup_py']
[0.532s] Level 1:colcon.colcon_core.package_identification:_identify(.) by extension 'python_setup_py'
[0.532s] Level 1:colcon.colcon_core.package_identification:_identify(build) by extensions ['ignore', 'ignore_ament_install']
[0.532s] Level 1:colcon.colcon_core.package_identification:_identify(build) by extension 'ignore'
[0.532s] Level 1:colcon.colcon_core.package_identification:_identify(build) ignored
[0.532s] Level 1:colcon.colcon_core.package_identification:_identify(install) by extensions ['ignore', 'ignore_ament_install']
[0.533s] Level 1:colcon.colcon_core.package_identification:_identify(install) by extension 'ignore'
[0.533s] Level 1:colcon.colcon_core.package_identification:_identify(install) ignored
[0.533s] Level 1:colcon.colcon_core.package_identification:_identify(log) by extensions ['ignore', 'ignore_ament_install']
[0.533s] Level 1:colcon.colcon_core.package_identification:_identify(log) by extension 'ignore'
[0.533s] Level 1:colcon.colcon_core.package_identification:_identify(log) ignored
[0.533s] Level 1:colcon.colcon_core.package_identification:_identify(src) by extensions ['ignore', 'ignore_ament_install']
[0.533s] Level 1:colcon.colcon_core.package_identification:_identify(src) by extension 'ignore'
[0.533s] Level 1:colcon.colcon_core.package_identification:_identify(src) by extension 'ignore_ament_install'
[0.533s] Level 1:colcon.colcon_core.package_identification:_identify(src) by extensions ['colcon_pkg']
[0.533s] Level 1:colcon.colcon_core.package_identification:_identify(src) by extension 'colcon_pkg'
[0.533s] Level 1:colcon.colcon_core.package_identification:_identify(src) by extensions ['colcon_meta']
[0.534s] Level 1:colcon.colcon_core.package_identification:_identify(src) by extension 'colcon_meta'
[0.534s] Level 1:colcon.colcon_core.package_identification:_identify(src) by extensions ['ros']
[0.534s] Level 1:colcon.colcon_core.package_identification:_identify(src) by extension 'ros'
[0.534s] Level 1:colcon.colcon_core.package_identification:_identify(src) by extensions ['cmake', 'python']
[0.534s] Level 1:colcon.colcon_core.package_identification:_identify(src) by extension 'cmake'
[0.534s] Level 1:colcon.colcon_core.package_identification:_identify(src) by extension 'python'
[0.534s] Level 1:colcon.colcon_core.package_identification:_identify(src) by extensions ['python_setup_py']
[0.534s] Level 1:colcon.colcon_core.package_identification:_identify(src) by extension 'python_setup_py'
[0.534s] Level 1:colcon.colcon_core.package_identification:_identify(src/my_cpp_pkg) by extensions ['ignore', 'ignore_ament_install']
[0.534s] Level 1:colcon.colcon_core.package_identification:_identify(src/my_cpp_pkg) by extension 'ignore'
[0.534s] Level 1:colcon.colcon_core.package_identification:_identify(src/my_cpp_pkg) by extension 'ignore_ament_install'
[0.534s] Level 1:colcon.colcon_core.package_identification:_identify(src/my_cpp_pkg) by extensions ['colcon_pkg']
[0.534s] Level 1:colcon.colcon_core.package_identification:_identify(src/my_cpp_pkg) by extension 'colcon_pkg'
[0.535s] Level 1:colcon.colcon_core.package_identification:_identify(src/my_cpp_pkg) by extensions ['colcon_meta']
[0.535s] Level 1:colcon.colcon_core.package_identification:_identify(src/my_cpp_pkg) by extension 'colcon_meta'
[0.535s] Level 1:colcon.colcon_core.package_identification:_identify(src/my_cpp_pkg) by extensions ['ros']
[0.535s] Level 1:colcon.colcon_core.package_identification:_identify(src/my_cpp_pkg) by extension 'ros'
[0.537s] DEBUG:colcon.colcon_core.package_identification:Package 'src/my_cpp_pkg' with type 'ros.ament_cmake' and name 'my_cpp_pkg'
[0.538s] Level 1:colcon.colcon_core.package_identification:_identify(src/my_py_pkg) by extensions ['ignore', 'ignore_ament_install']
[0.538s] Level 1:colcon.colcon_core.package_identification:_identify(src/my_py_pkg) by extension 'ignore'
[0.538s] Level 1:colcon.colcon_core.package_identification:_identify(src/my_py_pkg) by extension 'ignore_ament_install'
[0.538s] Level 1:colcon.colcon_core.package_identification:_identify(src/my_py_pkg) by extensions ['colcon_pkg']
[0.538s] Level 1:colcon.colcon_core.package_identification:_identify(src/my_py_pkg) by extension 'colcon_pkg'
[0.538s] Level 1:colcon.colcon_core.package_identification:_identify(src/my_py_pkg) by extensions ['colcon_meta']
[0.538s] Level 1:colcon.colcon_core.package_identification:_identify(src/my_py_pkg) by extension 'colcon_meta'
[0.538s] Level 1:colcon.colcon_core.package_identification:_identify(src/my_py_pkg) by extensions ['ros']
[0.538s] Level 1:colcon.colcon_core.package_identification:_identify(src/my_py_pkg) by extension 'ros'
[0.539s] DEBUG:colcon.colcon_core.package_identification:Package 'src/my_py_pkg' with type 'ros.ament_python' and name 'my_py_pkg'
[0.539s] Level 1:colcon.colcon_core.package_discovery:discover_packages(recursive) using defaults
[0.539s] Level 1:colcon.colcon_core.package_discovery:discover_packages(ignore) discover
[0.539s] Level 1:colcon.colcon_core.package_discovery:discover_packages(ignore) using defaults
[0.539s] Level 1:colcon.colcon_core.package_discovery:discover_packages(path) discover
[0.539s] Level 1:colcon.colcon_core.package_discovery:discover_packages(path) using defaults
[0.575s] INFO:colcon.colcon_core.package_selection:Skipping not selected package 'my_py_pkg' in 'src/my_py_pkg'
[0.576s] Level 1:colcon.colcon_core.package_discovery:discover_packages(prefix_path) check parameters
[0.576s] Level 1:colcon.colcon_core.package_discovery:discover_packages(prefix_path) discover
[0.582s] DEBUG:colcon.colcon_installed_package_information.package_discovery:Found 280 installed packages in /opt/ros/humble
[0.584s] Level 1:colcon.colcon_core.package_discovery:discover_packages(prefix_path) using defaults
[0.660s] Level 5:colcon.colcon_core.verb:set package 'my_cpp_pkg' build argument 'cmake_args' from command line to 'None'
[0.660s] Level 5:colcon.colcon_core.verb:set package 'my_cpp_pkg' build argument 'cmake_target' from command line to 'None'
[0.660s] Level 5:colcon.colcon_core.verb:set package 'my_cpp_pkg' build argument 'cmake_target_skip_unavailable' from command line to 'False'
[0.660s] Level 5:colcon.colcon_core.verb:set package 'my_cpp_pkg' build argument 'cmake_clean_cache' from command line to 'False'
[0.660s] Level 5:colcon.colcon_core.verb:set package 'my_cpp_pkg' build argument 'cmake_clean_first' from command line to 'False'
[0.661s] Level 5:colcon.colcon_core.verb:set package 'my_cpp_pkg' build argument 'cmake_force_configure' from command line to 'False'
[0.661s] Level 5:colcon.colcon_core.verb:set package 'my_cpp_pkg' build argument 'ament_cmake_args' from command line to 'None'
[0.661s] Level 5:colcon.colcon_core.verb:set package 'my_cpp_pkg' build argument 'catkin_cmake_args' from command line to 'None'
[0.661s] Level 5:colcon.colcon_core.verb:set package 'my_cpp_pkg' build argument 'catkin_skip_building_tests' from command line to 'False'
[0.661s] DEBUG:colcon.colcon_core.verb:Building package 'my_cpp_pkg' with the following arguments: {'ament_cmake_args': None, 'build_base': '/home/readikole/ros2_ws/build/my_cpp_pkg', 'catkin_cmake_args': None, 'catkin_skip_building_tests': False, 'cmake_args': None, 'cmake_clean_cache': False, 'cmake_clean_first': False, 'cmake_force_configure': False, 'cmake_target': None, 'cmake_target_skip_unavailable': False, 'install_base': '/home/readikole/ros2_ws/install/my_cpp_pkg', 'merge_install': False, 'path': '/home/readikole/ros2_ws/src/my_cpp_pkg', 'symlink_install': False, 'test_result_base': None}
[0.663s] INFO:colcon.colcon_core.executor:Executing jobs using 'parallel' executor
[0.673s] DEBUG:colcon.colcon_parallel_executor.executor.parallel:run_until_complete
[0.673s] INFO:colcon.colcon_ros.task.ament_cmake.build:Building ROS package in '/home/readikole/ros2_ws/src/my_cpp_pkg' with build type 'ament_cmake'
[0.673s] INFO:colcon.colcon_cmake.task.cmake.build:Building CMake package in '/home/readikole/ros2_ws/src/my_cpp_pkg'
[0.681s] INFO:colcon.colcon_core.plugin_system:Skipping extension 'colcon_core.shell.bat': Not used on non-Windows systems
[0.681s] INFO:colcon.colcon_core.shell:Skip shell extension 'powershell' for command environment: Not usable outside of PowerShell
[0.681s] DEBUG:colcon.colcon_core.shell:Skip shell extension 'dsv' for command environment
[0.694s] DEBUG:colcon.colcon_core.event_handler.log_command:Invoking command in '/home/readikole/ros2_ws/build/my_cpp_pkg': CMAKE_PREFIX_PATH=/opt/ros/humble /home/readikole/.local/bin/cmake --build /home/readikole/ros2_ws/build/my_cpp_pkg -- -j12 -l12
[4.735s] DEBUG:colcon.colcon_core.event_handler.log_command:Invoked command in '/home/readikole/ros2_ws/build/my_cpp_pkg' returned '0': CMAKE_PREFIX_PATH=/opt/ros/humble /home/readikole/.local/bin/cmake --build /home/readikole/ros2_ws/build/my_cpp_pkg -- -j12 -l12
[4.833s] DEBUG:colcon.colcon_core.event_handler.log_command:Invoking command in '/home/readikole/ros2_ws/build/my_cpp_pkg': CMAKE_PREFIX_PATH=/opt/ros/humble /home/readikole/.local/bin/cmake --install /home/readikole/ros2_ws/build/my_cpp_pkg
[4.881s] Level 1:colcon.colcon_core.environment:create_environment_scripts_only(my_cpp_pkg)
[4.883s] DEBUG:colcon.colcon_core.event_handler.log_command:Invoked command in '/home/readikole/ros2_ws/build/my_cpp_pkg' returned '0': CMAKE_PREFIX_PATH=/opt/ros/humble /home/readikole/.local/bin/cmake --install /home/readikole/ros2_ws/build/my_cpp_pkg
[4.893s] Level 1:colcon.colcon_core.environment:checking '/home/readikole/ros2_ws/install/my_cpp_pkg' for CMake module files
[4.893s] Level 1:colcon.colcon_core.environment:checking '/home/readikole/ros2_ws/install/my_cpp_pkg' for CMake config files
[4.894s] Level 1:colcon.colcon_core.shell:create_environment_hook('my_cpp_pkg', 'cmake_prefix_path')
[4.898s] INFO:colcon.colcon_core.shell:Creating environment hook '/home/readikole/ros2_ws/install/my_cpp_pkg/share/my_cpp_pkg/hook/cmake_prefix_path.ps1'
[4.899s] INFO:colcon.colcon_core.shell:Creating environment descriptor '/home/readikole/ros2_ws/install/my_cpp_pkg/share/my_cpp_pkg/hook/cmake_prefix_path.dsv'
[4.900s] INFO:colcon.colcon_core.shell:Creating environment hook '/home/readikole/ros2_ws/install/my_cpp_pkg/share/my_cpp_pkg/hook/cmake_prefix_path.sh'
[4.901s] Level 1:colcon.colcon_core.environment:checking '/home/readikole/ros2_ws/install/my_cpp_pkg/lib'
[4.901s] Level 1:colcon.colcon_core.environment:checking '/home/readikole/ros2_ws/install/my_cpp_pkg/bin'
[4.901s] Level 1:colcon.colcon_core.environment:checking '/home/readikole/ros2_ws/install/my_cpp_pkg/lib/pkgconfig/my_cpp_pkg.pc'
[4.901s] Level 1:colcon.colcon_core.environment:checking '/home/readikole/ros2_ws/install/my_cpp_pkg/lib/python3.10/site-packages'
[4.901s] Level 1:colcon.colcon_core.environment:checking '/home/readikole/ros2_ws/install/my_cpp_pkg/bin'
[4.906s] INFO:colcon.colcon_core.shell:Creating package script '/home/readikole/ros2_ws/install/my_cpp_pkg/share/my_cpp_pkg/package.ps1'
[4.907s] INFO:colcon.colcon_core.shell:Creating package descriptor '/home/readikole/ros2_ws/install/my_cpp_pkg/share/my_cpp_pkg/package.dsv'
[4.908s] INFO:colcon.colcon_core.shell:Creating package script '/home/readikole/ros2_ws/install/my_cpp_pkg/share/my_cpp_pkg/package.sh'
[4.909s] INFO:colcon.colcon_core.shell:Creating package script '/home/readikole/ros2_ws/install/my_cpp_pkg/share/my_cpp_pkg/package.bash'
[4.910s] INFO:colcon.colcon_core.shell:Creating package script '/home/readikole/ros2_ws/install/my_cpp_pkg/share/my_cpp_pkg/package.zsh'
[4.910s] Level 1:colcon.colcon_core.environment:create_file_with_runtime_dependencies(/home/readikole/ros2_ws/install/my_cpp_pkg/share/colcon-core/packages/my_cpp_pkg)
[4.974s] Level 1:colcon.colcon_core.environment:create_environment_scripts_only(my_cpp_pkg)
[4.981s] Level 1:colcon.colcon_core.environment:checking '/home/readikole/ros2_ws/install/my_cpp_pkg' for CMake module files
[4.982s] Level 1:colcon.colcon_core.environment:checking '/home/readikole/ros2_ws/install/my_cpp_pkg' for CMake config files
[4.982s] Level 1:colcon.colcon_core.shell:create_environment_hook('my_cpp_pkg', 'cmake_prefix_path')
[4.986s] INFO:colcon.colcon_core.shell:Creating environment hook '/home/readikole/ros2_ws/install/my_cpp_pkg/share/my_cpp_pkg/hook/cmake_prefix_path.ps1'
[4.987s] INFO:colcon.colcon_core.shell:Creating environment descriptor '/home/readikole/ros2_ws/install/my_cpp_pkg/share/my_cpp_pkg/hook/cmake_prefix_path.dsv'
[4.988s] INFO:colcon.colcon_core.shell:Creating environment hook '/home/readikole/ros2_ws/install/my_cpp_pkg/share/my_cpp_pkg/hook/cmake_prefix_path.sh'
[4.988s] Level 1:colcon.colcon_core.environment:checking '/home/readikole/ros2_ws/install/my_cpp_pkg/lib'
[4.988s] Level 1:colcon.colcon_core.environment:checking '/home/readikole/ros2_ws/install/my_cpp_pkg/bin'
[4.989s] Level 1:colcon.colcon_core.environment:checking '/home/readikole/ros2_ws/install/my_cpp_pkg/lib/pkgconfig/my_cpp_pkg.pc'
[4.989s] Level 1:colcon.colcon_core.environment:checking '/home/readikole/ros2_ws/install/my_cpp_pkg/lib/python3.10/site-packages'
[4.989s] Level 1:colcon.colcon_core.environment:checking '/home/readikole/ros2_ws/install/my_cpp_pkg/bin'
[4.993s] INFO:colcon.colcon_core.shell:Creating package script '/home/readikole/ros2_ws/install/my_cpp_pkg/share/my_cpp_pkg/package.ps1'
[4.994s] INFO:colcon.colcon_core.shell:Creating package descriptor '/home/readikole/ros2_ws/install/my_cpp_pkg/share/my_cpp_pkg/package.dsv'
[4.995s] INFO:colcon.colcon_core.shell:Creating package script '/home/readikole/ros2_ws/install/my_cpp_pkg/share/my_cpp_pkg/package.sh'
[4.995s] INFO:colcon.colcon_core.shell:Creating package script '/home/readikole/ros2_ws/install/my_cpp_pkg/share/my_cpp_pkg/package.bash'
[4.996s] INFO:colcon.colcon_core.shell:Creating package script '/home/readikole/ros2_ws/install/my_cpp_pkg/share/my_cpp_pkg/package.zsh'
[4.996s] Level 1:colcon.colcon_core.environment:create_file_with_runtime_dependencies(/home/readikole/ros2_ws/install/my_cpp_pkg/share/colcon-core/packages/my_cpp_pkg)
[4.996s] DEBUG:colcon.colcon_parallel_executor.executor.parallel:closing loop
[4.997s] DEBUG:colcon.colcon_parallel_executor.executor.parallel:loop closed
[4.997s] DEBUG:colcon.colcon_parallel_executor.executor.parallel:run_until_complete finished with '0'
[4.997s] DEBUG:colcon.colcon_core.event_reactor:joining thread
[5.004s] INFO:colcon.colcon_core.plugin_system:Skipping extension 'colcon_notification.desktop_notification.terminal_notifier': Not used on non-Darwin systems
[5.004s] INFO:colcon.colcon_core.plugin_system:Skipping extension 'colcon_notification.desktop_notification.win32': Not used on non-Windows systems
[5.004s] INFO:colcon.colcon_notification.desktop_notification:Sending desktop notification using 'notify2'
[5.034s] DEBUG:colcon.colcon_core.event_reactor:joined thread
[5.040s] INFO:colcon.colcon_core.shell:Creating prefix script '/home/readikole/ros2_ws/install/local_setup.ps1'
[5.042s] INFO:colcon.colcon_core.shell:Creating prefix util module '/home/readikole/ros2_ws/install/_local_setup_util_ps1.py'
[5.044s] INFO:colcon.colcon_core.shell:Creating prefix chain script '/home/readikole/ros2_ws/install/setup.ps1'
[5.047s] INFO:colcon.colcon_core.shell:Creating prefix script '/home/readikole/ros2_ws/install/local_setup.sh'
[5.048s] INFO:colcon.colcon_core.shell:Creating prefix util module '/home/readikole/ros2_ws/install/_local_setup_util_sh.py'
[5.049s] INFO:colcon.colcon_core.shell:Creating prefix chain script '/home/readikole/ros2_ws/install/setup.sh'
[5.051s] INFO:colcon.colcon_core.shell:Creating prefix script '/home/readikole/ros2_ws/install/local_setup.bash'
[5.052s] INFO:colcon.colcon_core.shell:Creating prefix chain script '/home/readikole/ros2_ws/install/setup.bash'
[5.054s] INFO:colcon.colcon_core.shell:Creating prefix script '/home/readikole/ros2_ws/install/local_setup.zsh'
[5.055s] INFO:colcon.colcon_core.shell:Creating prefix chain script '/home/readikole/ros2_ws/install/setup.zsh'
