[0.032s] Invoking command in '/home/readikole/ros2_ws/src/build/my_cpp_pkg': CMAKE_PREFIX_PATH=${CMAKE_PREFIX_PATH}:/home/readikole/ros2_ws/install/my_py_pkg:/opt/ros/humble /home/readikole/.local/bin/cmake /home/readikole/ros2_ws/src/my_cpp_pkg -DAMENT_CMAKE_SYMLINK_INSTALL=1 -DCMAKE_INSTALL_PREFIX=/home/readikole/ros2_ws/src/install/my_cpp_pkg
[0.085s] -- Found ament_cmake: 1.3.5 (/opt/ros/humble/share/ament_cmake/cmake)
[0.233s] -- Override CMake install command with custom implementation using symlinks instead of copying resources
[0.245s] -- Found rclcpp: 16.0.4 (/opt/ros/humble/share/rclcpp/cmake)
[0.294s] -- Found rosidl_generator_c: 3.1.4 (/opt/ros/humble/share/rosidl_generator_c/cmake)
[0.298s] -- Found rosidl_adapter: 3.1.4 (/opt/ros/humble/share/rosidl_adapter/cmake)
[0.309s] -- Found rosidl_generator_cpp: 3.1.4 (/opt/ros/humble/share/rosidl_generator_cpp/cmake)
[0.337s] -- Using all available rosidl_typesupport_c: rosidl_typesupport_fastrtps_c;rosidl_typesupport_introspection_c
[0.367s] -- Using all available rosidl_typesupport_cpp: rosidl_typesupport_fastrtps_cpp;rosidl_typesupport_introspection_cpp
[0.484s] -- Found rmw_implementation_cmake: 6.1.1 (/opt/ros/humble/share/rmw_implementation_cmake/cmake)
[0.486s] -- Found rmw_fastrtps_cpp: 6.2.2 (/opt/ros/humble/share/rmw_fastrtps_cpp/cmake)
[0.688s] -- Using RMW implementation 'rmw_fastrtps_cpp' as default
[0.986s] -- Found ament_lint_auto: 0.12.6 (/opt/ros/humble/share/ament_lint_auto/cmake)
[1.090s] -- Added test 'cppcheck' to perform static code analysis on C / C++ code
[1.090s] -- Configured cppcheck include dirs: 
[1.090s] -- Configured cppcheck exclude dirs and/or files: 
[1.091s] -- Added test 'lint_cmake' to check CMake code style
[1.092s] -- Added test 'uncrustify' to check C / C++ code style
[1.092s] -- Configured uncrustify additional arguments: 
[1.093s] -- Added test 'xmllint' to check XML markup files
[1.094s] -- Configuring done (1.0s)
[1.107s] -- Generating done (0.0s)
[1.109s] -- Build files have been written to: /home/readikole/ros2_ws/src/build/my_cpp_pkg
[1.128s] Invoked command in '/home/readikole/ros2_ws/src/build/my_cpp_pkg' returned '0': CMAKE_PREFIX_PATH=${CMAKE_PREFIX_PATH}:/home/readikole/ros2_ws/install/my_py_pkg:/opt/ros/humble /home/readikole/.local/bin/cmake /home/readikole/ros2_ws/src/my_cpp_pkg -DAMENT_CMAKE_SYMLINK_INSTALL=1 -DCMAKE_INSTALL_PREFIX=/home/readikole/ros2_ws/src/install/my_cpp_pkg
[1.130s] Invoking command in '/home/readikole/ros2_ws/src/build/my_cpp_pkg': CMAKE_PREFIX_PATH=${CMAKE_PREFIX_PATH}:/home/readikole/ros2_ws/install/my_py_pkg:/opt/ros/humble /home/readikole/.local/bin/cmake --build /home/readikole/ros2_ws/src/build/my_cpp_pkg -- -j12 -l12
[1.201s] [ 50%] [32m[1mLinking CXX executable cpp_node[0m
[1.304s] [100%] Built target cpp_node
[1.313s] Invoked command in '/home/readikole/ros2_ws/src/build/my_cpp_pkg' returned '0': CMAKE_PREFIX_PATH=${CMAKE_PREFIX_PATH}:/home/readikole/ros2_ws/install/my_py_pkg:/opt/ros/humble /home/readikole/.local/bin/cmake --build /home/readikole/ros2_ws/src/build/my_cpp_pkg -- -j12 -l12
[1.415s] Invoking command in '/home/readikole/ros2_ws/src/build/my_cpp_pkg': CMAKE_PREFIX_PATH=${CMAKE_PREFIX_PATH}:/home/readikole/ros2_ws/install/my_py_pkg:/opt/ros/humble /home/readikole/.local/bin/cmake --install /home/readikole/ros2_ws/src/build/my_cpp_pkg
[1.458s] -- Install configuration: ""
[1.459s] -- Execute custom install script
[1.460s] -- Symlinking: /home/readikole/ros2_ws/src/install/my_cpp_pkg/lib/my_cpp_pkg/cpp_node
[1.463s] -- Symlinking: /home/readikole/ros2_ws/src/install/my_cpp_pkg/share/ament_index/resource_index/package_run_dependencies/my_cpp_pkg
[1.466s] -- Symlinking: /home/readikole/ros2_ws/src/install/my_cpp_pkg/share/ament_index/resource_index/parent_prefix_path/my_cpp_pkg
[1.469s] -- Symlinking: /home/readikole/ros2_ws/src/install/my_cpp_pkg/share/my_cpp_pkg/environment/ament_prefix_path.sh
[1.473s] -- Symlinking: /home/readikole/ros2_ws/src/install/my_cpp_pkg/share/my_cpp_pkg/environment/ament_prefix_path.dsv
[1.476s] -- Symlinking: /home/readikole/ros2_ws/src/install/my_cpp_pkg/share/my_cpp_pkg/environment/path.sh
[1.479s] -- Symlinking: /home/readikole/ros2_ws/src/install/my_cpp_pkg/share/my_cpp_pkg/environment/path.dsv
[1.482s] -- Symlinking: /home/readikole/ros2_ws/src/install/my_cpp_pkg/share/my_cpp_pkg/local_setup.bash
[1.485s] -- Symlinking: /home/readikole/ros2_ws/src/install/my_cpp_pkg/share/my_cpp_pkg/local_setup.sh
[1.488s] -- Symlinking: /home/readikole/ros2_ws/src/install/my_cpp_pkg/share/my_cpp_pkg/local_setup.zsh
[1.491s] -- Symlinking: /home/readikole/ros2_ws/src/install/my_cpp_pkg/share/my_cpp_pkg/local_setup.dsv
[1.493s] -- Symlinking: /home/readikole/ros2_ws/src/install/my_cpp_pkg/share/my_cpp_pkg/package.dsv
[1.496s] -- Symlinking: /home/readikole/ros2_ws/src/install/my_cpp_pkg/share/ament_index/resource_index/packages/my_cpp_pkg
[1.498s] -- Symlinking: /home/readikole/ros2_ws/src/install/my_cpp_pkg/share/my_cpp_pkg/cmake/my_cpp_pkgConfig.cmake
[1.501s] -- Symlinking: /home/readikole/ros2_ws/src/install/my_cpp_pkg/share/my_cpp_pkg/cmake/my_cpp_pkgConfig-version.cmake
[1.504s] -- Symlinking: /home/readikole/ros2_ws/src/install/my_cpp_pkg/share/my_cpp_pkg/package.xml
[1.515s] Invoked command in '/home/readikole/ros2_ws/src/build/my_cpp_pkg' returned '0': CMAKE_PREFIX_PATH=${CMAKE_PREFIX_PATH}:/home/readikole/ros2_ws/install/my_py_pkg:/opt/ros/humble /home/readikole/.local/bin/cmake --install /home/readikole/ros2_ws/src/build/my_cpp_pkg
