[0.028s] Invoking command in '/home/readikole/ros2_ws/src/build/my_cpp_pkg': CMAKE_PREFIX_PATH=${CMAKE_PREFIX_PATH}:/home/readikole/ros2_ws/install/my_py_pkg:/opt/ros/humble /home/readikole/.local/bin/cmake /home/readikole/ros2_ws/src/my_cpp_pkg -DCMAKE_INSTALL_PREFIX=/home/readikole/ros2_ws/src/install/my_cpp_pkg
[0.077s] -- Found ament_cmake: 1.3.5 (/opt/ros/humble/share/ament_cmake/cmake)
[0.213s] -- Override CMake install command with custom implementation using symlinks instead of copying resources
[0.225s] -- Found rclcpp: 16.0.4 (/opt/ros/humble/share/rclcpp/cmake)
[0.279s] -- Found rosidl_generator_c: 3.1.4 (/opt/ros/humble/share/rosidl_generator_c/cmake)
[0.284s] -- Found rosidl_adapter: 3.1.4 (/opt/ros/humble/share/rosidl_adapter/cmake)
[0.297s] -- Found rosidl_generator_cpp: 3.1.4 (/opt/ros/humble/share/rosidl_generator_cpp/cmake)
[0.322s] -- Using all available rosidl_typesupport_c: rosidl_typesupport_fastrtps_c;rosidl_typesupport_introspection_c
[0.356s] -- Using all available rosidl_typesupport_cpp: rosidl_typesupport_fastrtps_cpp;rosidl_typesupport_introspection_cpp
[0.459s] -- Found rmw_implementation_cmake: 6.1.1 (/opt/ros/humble/share/rmw_implementation_cmake/cmake)
[0.461s] -- Found rmw_fastrtps_cpp: 6.2.2 (/opt/ros/humble/share/rmw_fastrtps_cpp/cmake)
[0.634s] -- Using RMW implementation 'rmw_fastrtps_cpp' as default
[0.913s] -- Found example_interfaces: 0.9.3 (/opt/ros/humble/share/example_interfaces/cmake)
[1.185s] -- Found ament_lint_auto: 0.12.6 (/opt/ros/humble/share/ament_lint_auto/cmake)
[1.285s] -- Added test 'cppcheck' to perform static code analysis on C / C++ code
[1.285s] -- Configured cppcheck include dirs: 
[1.285s] -- Configured cppcheck exclude dirs and/or files: 
[1.286s] -- Added test 'lint_cmake' to check CMake code style
[1.287s] -- Added test 'uncrustify' to check C / C++ code style
[1.288s] -- Configured uncrustify additional arguments: 
[1.288s] -- Added test 'xmllint' to check XML markup files
[1.290s] -- Configuring done (1.2s)
[1.318s] -- Generating done (0.0s)
[1.320s] -- Build files have been written to: /home/readikole/ros2_ws/src/build/my_cpp_pkg
[1.337s] Invoked command in '/home/readikole/ros2_ws/src/build/my_cpp_pkg' returned '0': CMAKE_PREFIX_PATH=${CMAKE_PREFIX_PATH}:/home/readikole/ros2_ws/install/my_py_pkg:/opt/ros/humble /home/readikole/.local/bin/cmake /home/readikole/ros2_ws/src/my_cpp_pkg -DCMAKE_INSTALL_PREFIX=/home/readikole/ros2_ws/src/install/my_cpp_pkg
[1.340s] Invoking command in '/home/readikole/ros2_ws/src/build/my_cpp_pkg': CMAKE_PREFIX_PATH=${CMAKE_PREFIX_PATH}:/home/readikole/ros2_ws/install/my_py_pkg:/opt/ros/humble /home/readikole/.local/bin/cmake --build /home/readikole/ros2_ws/src/build/my_cpp_pkg -- -j12 -l12
[1.407s] [ 16%] [32mBuilding CXX object CMakeFiles/smartphone.dir/src/smartphone.cpp.o[0m
[1.407s] [ 33%] [32mBuilding CXX object CMakeFiles/robot_news_station.dir/src/robot_news_station.cpp.o[0m
[1.423s] [ 50%] [32mBuilding CXX object CMakeFiles/cpp_node.dir/src/my_first_node.cpp.o[0m
[5.960s] [ 66%] [32m[1mLinking CXX executable cpp_node[0m
[6.089s] [ 66%] Built target cpp_node
[7.850s] [ 83%] [32m[1mLinking CXX executable robot_news_station[0m
[8.086s] [ 83%] Built target robot_news_station
[13.095s] [100%] [32m[1mLinking CXX executable smartphone[0m
[13.590s] [100%] Built target smartphone
[13.600s] Invoked command in '/home/readikole/ros2_ws/src/build/my_cpp_pkg' returned '0': CMAKE_PREFIX_PATH=${CMAKE_PREFIX_PATH}:/home/readikole/ros2_ws/install/my_py_pkg:/opt/ros/humble /home/readikole/.local/bin/cmake --build /home/readikole/ros2_ws/src/build/my_cpp_pkg -- -j12 -l12
[13.702s] Invoking command in '/home/readikole/ros2_ws/src/build/my_cpp_pkg': CMAKE_PREFIX_PATH=${CMAKE_PREFIX_PATH}:/home/readikole/ros2_ws/install/my_py_pkg:/opt/ros/humble /home/readikole/.local/bin/cmake --install /home/readikole/ros2_ws/src/build/my_cpp_pkg
[13.738s] -- Install configuration: ""
[13.738s] -- Execute custom install script
[13.739s] -- Up-to-date symlink: /home/readikole/ros2_ws/src/install/my_cpp_pkg/lib/my_cpp_pkg/cpp_node
[13.739s] -- Symlinking: /home/readikole/ros2_ws/src/install/my_cpp_pkg/lib/my_cpp_pkg/robot_news_station
[13.742s] -- Symlinking: /home/readikole/ros2_ws/src/install/my_cpp_pkg/lib/my_cpp_pkg/smartphone
[13.745s] -- Up-to-date symlink: /home/readikole/ros2_ws/src/install/my_cpp_pkg/share/ament_index/resource_index/package_run_dependencies/my_cpp_pkg
[13.746s] -- Up-to-date symlink: /home/readikole/ros2_ws/src/install/my_cpp_pkg/share/ament_index/resource_index/parent_prefix_path/my_cpp_pkg
[13.746s] -- Up-to-date symlink: /home/readikole/ros2_ws/src/install/my_cpp_pkg/share/my_cpp_pkg/environment/ament_prefix_path.sh
[13.746s] -- Up-to-date symlink: /home/readikole/ros2_ws/src/install/my_cpp_pkg/share/my_cpp_pkg/environment/ament_prefix_path.dsv
[13.747s] -- Up-to-date symlink: /home/readikole/ros2_ws/src/install/my_cpp_pkg/share/my_cpp_pkg/environment/path.sh
[13.747s] -- Up-to-date symlink: /home/readikole/ros2_ws/src/install/my_cpp_pkg/share/my_cpp_pkg/environment/path.dsv
[13.747s] -- Up-to-date symlink: /home/readikole/ros2_ws/src/install/my_cpp_pkg/share/my_cpp_pkg/local_setup.bash
[13.748s] -- Up-to-date symlink: /home/readikole/ros2_ws/src/install/my_cpp_pkg/share/my_cpp_pkg/local_setup.sh
[13.748s] -- Up-to-date symlink: /home/readikole/ros2_ws/src/install/my_cpp_pkg/share/my_cpp_pkg/local_setup.zsh
[13.748s] -- Up-to-date symlink: /home/readikole/ros2_ws/src/install/my_cpp_pkg/share/my_cpp_pkg/local_setup.dsv
[13.748s] -- Symlinking: /home/readikole/ros2_ws/src/install/my_cpp_pkg/share/my_cpp_pkg/package.dsv
[13.751s] -- Up-to-date symlink: /home/readikole/ros2_ws/src/install/my_cpp_pkg/share/ament_index/resource_index/packages/my_cpp_pkg
[13.752s] -- Up-to-date symlink: /home/readikole/ros2_ws/src/install/my_cpp_pkg/share/my_cpp_pkg/cmake/my_cpp_pkgConfig.cmake
[13.752s] -- Up-to-date symlink: /home/readikole/ros2_ws/src/install/my_cpp_pkg/share/my_cpp_pkg/cmake/my_cpp_pkgConfig-version.cmake
[13.752s] -- Up-to-date symlink: /home/readikole/ros2_ws/src/install/my_cpp_pkg/share/my_cpp_pkg/package.xml
[13.760s] Invoked command in '/home/readikole/ros2_ws/src/build/my_cpp_pkg' returned '0': CMAKE_PREFIX_PATH=${CMAKE_PREFIX_PATH}:/home/readikole/ros2_ws/install/my_py_pkg:/opt/ros/humble /home/readikole/.local/bin/cmake --install /home/readikole/ros2_ws/src/build/my_cpp_pkg
