[1.403s] Invoking command in '/home/readikole/ros2_ws/build/my_py_pkg': PYTHONPATH=/home/readikole/ros2_ws/build/my_py_pkg/prefix_override:/home/readikole/ros2_ws/install/my_py_pkg/lib/python3.10/site-packages:${PYTHONPATH} /usr/bin/python3 setup.py develop --editable --build-directory /home/readikole/ros2_ws/build/my_py_pkg/build --no-deps install_data
[1.921s] running develop
[1.939s] /home/readikole/.local/lib/python3.10/site-packages/setuptools/command/develop.py:40: EasyInstallDeprecationWarning: easy_install command is deprecated.
[1.939s] !!
[1.939s] 
[1.939s]         ********************************************************************************
[1.939s]         Please avoid running ``setup.py`` and ``easy_install``.
[1.939s]         Instead, use pypa/build, pypa/installer or other
[1.939s]         standards-based tools.
[1.939s] 
[1.939s]         See https://github.com/pypa/setuptools/issues/917 for details.
[1.940s]         ********************************************************************************
[1.940s] 
[1.940s] !!
[1.940s]   easy_install.initialize_options(self)
[2.000s] /home/readikole/.local/lib/python3.10/site-packages/setuptools/_distutils/cmd.py:66: SetuptoolsDeprecationWarning: setup.py install is deprecated.
[2.000s] !!
[2.001s] 
[2.001s]         ********************************************************************************
[2.001s]         Please avoid running ``setup.py`` directly.
[2.001s]         Instead, use pypa/build, pypa/installer or other
[2.001s]         standards-based tools.
[2.001s] 
[2.001s]         See https://blog.ganssle.io/articles/2021/10/setup-py-deprecated.html for details.
[2.001s]         ********************************************************************************
[2.001s] 
[2.002s] !!
[2.002s]   self.initialize_options()
[2.332s] running egg_info
[2.357s] writing my_py_pkg.egg-info/PKG-INFO
[2.358s] writing dependency_links to my_py_pkg.egg-info/dependency_links.txt
[2.358s] writing entry points to my_py_pkg.egg-info/entry_points.txt
[2.358s] writing requirements to my_py_pkg.egg-info/requires.txt
[2.358s] writing top-level names to my_py_pkg.egg-info/top_level.txt
[2.410s] reading manifest file 'my_py_pkg.egg-info/SOURCES.txt'
[2.412s] writing manifest file 'my_py_pkg.egg-info/SOURCES.txt'
[2.438s] running build_ext
[2.439s] Creating /home/readikole/ros2_ws/install/my_py_pkg/lib/python3.10/site-packages/my-py-pkg.egg-link (link to .)
[2.439s] Installing py_node script to /home/readikole/ros2_ws/install/my_py_pkg/lib/my_py_pkg
[2.440s] Installing robot_news_station script to /home/readikole/ros2_ws/install/my_py_pkg/lib/my_py_pkg
[2.440s] Installing smartphone script to /home/readikole/ros2_ws/install/my_py_pkg/lib/my_py_pkg
[2.440s] 
[2.440s] Installed /home/readikole/ros2_ws/build/my_py_pkg
[2.440s] running install_data
[2.480s] Invoked command in '/home/readikole/ros2_ws/build/my_py_pkg' returned '0': PYTHONPATH=/home/readikole/ros2_ws/build/my_py_pkg/prefix_override:/home/readikole/ros2_ws/install/my_py_pkg/lib/python3.10/site-packages:${PYTHONPATH} /usr/bin/python3 setup.py develop --editable --build-directory /home/readikole/ros2_ws/build/my_py_pkg/build --no-deps install_data
