[1.216s] Invoking command in '/home/readikole/ros2_ws/build/my_py_pkg': PYTHONPATH=/home/readikole/ros2_ws/build/my_py_pkg/prefix_override:/home/readikole/ros2_ws/install/my_py_pkg/lib/python3.10/site-packages:${PYTHONPATH} /usr/bin/python3 setup.py develop --editable --build-directory /home/readikole/ros2_ws/build/my_py_pkg/build --no-deps install_data
[1.794s] running develop
[1.813s] /home/readikole/.local/lib/python3.10/site-packages/setuptools/command/develop.py:40: EasyInstallDeprecationWarning: easy_install command is deprecated.
[1.813s] !!
[1.813s] 
[1.813s]         ********************************************************************************
[1.814s]         Please avoid running ``setup.py`` and ``easy_install``.
[1.814s]         Instead, use pypa/build, pypa/installer or other
[1.814s]         standards-based tools.
[1.814s] 
[1.814s]         See https://github.com/pypa/setuptools/issues/917 for details.
[1.814s]         ********************************************************************************
[1.814s] 
[1.814s] !!
[1.814s]   easy_install.initialize_options(self)
[1.866s] /home/readikole/.local/lib/python3.10/site-packages/setuptools/_distutils/cmd.py:66: SetuptoolsDeprecationWarning: setup.py install is deprecated.
[1.866s] !!
[1.866s] 
[1.866s]         ********************************************************************************
[1.866s]         Please avoid running ``setup.py`` directly.
[1.866s]         Instead, use pypa/build, pypa/installer or other
[1.867s]         standards-based tools.
[1.867s] 
[1.867s]         See https://blog.ganssle.io/articles/2021/10/setup-py-deprecated.html for details.
[1.867s]         ********************************************************************************
[1.867s] 
[1.867s] !!
[1.867s]   self.initialize_options()
[2.232s] running egg_info
[2.257s] writing my_py_pkg.egg-info/PKG-INFO
[2.257s] writing dependency_links to my_py_pkg.egg-info/dependency_links.txt
[2.258s] writing entry points to my_py_pkg.egg-info/entry_points.txt
[2.258s] writing requirements to my_py_pkg.egg-info/requires.txt
[2.258s] writing top-level names to my_py_pkg.egg-info/top_level.txt
[2.316s] reading manifest file 'my_py_pkg.egg-info/SOURCES.txt'
[2.317s] writing manifest file 'my_py_pkg.egg-info/SOURCES.txt'
[2.344s] running build_ext
[2.344s] Creating /home/readikole/ros2_ws/install/my_py_pkg/lib/python3.10/site-packages/my-py-pkg.egg-link (link to .)
[2.345s] Installing py_node script to /home/readikole/ros2_ws/install/my_py_pkg/lib/my_py_pkg
[2.346s] 
[2.346s] Installed /home/readikole/ros2_ws/build/my_py_pkg
[2.346s] running install_data
[2.384s] Invoked command in '/home/readikole/ros2_ws/build/my_py_pkg' returned '0': PYTHONPATH=/home/readikole/ros2_ws/build/my_py_pkg/prefix_override:/home/readikole/ros2_ws/install/my_py_pkg/lib/python3.10/site-packages:${PYTHONPATH} /usr/bin/python3 setup.py develop --editable --build-directory /home/readikole/ros2_ws/build/my_py_pkg/build --no-deps install_data
