[1.101s] Invoking command in '/home/readikole/ros2_ws/build/my_py_pkg': PYTHONPATH=/home/readikole/ros2_ws/build/my_py_pkg/prefix_override:/home/readikole/ros2_ws/install/my_py_pkg/lib/python3.10/site-packages:${PYTHONPATH} /usr/bin/python3 setup.py develop --editable --build-directory /home/readikole/ros2_ws/build/my_py_pkg/build --no-deps install_data
[1.604s] running develop
[1.604s] /home/readikole/.local/lib/python3.10/site-packages/setuptools/command/develop.py:40: EasyInstallDeprecationWarning: easy_install command is deprecated.
[1.604s] !!
[1.605s] 
[1.605s]         ********************************************************************************
[1.605s]         Please avoid running ``setup.py`` and ``easy_install``.
[1.605s]         Instead, use pypa/build, pypa/installer or other
[1.605s]         standards-based tools.
[1.605s] 
[1.605s]         See https://github.com/pypa/setuptools/issues/917 for details.
[1.606s]         ********************************************************************************
[1.606s] 
[1.606s] !!
[1.606s]   easy_install.initialize_options(self)
[1.663s] /home/readikole/.local/lib/python3.10/site-packages/setuptools/_distutils/cmd.py:66: SetuptoolsDeprecationWarning: setup.py install is deprecated.
[1.663s] !!
[1.663s] 
[1.663s]         ********************************************************************************
[1.664s]         Please avoid running ``setup.py`` directly.
[1.664s]         Instead, use pypa/build, pypa/installer or other
[1.664s]         standards-based tools.
[1.664s] 
[1.664s]         See https://blog.ganssle.io/articles/2021/10/setup-py-deprecated.html for details.
[1.664s]         ********************************************************************************
[1.664s] 
[1.664s] !!
[1.665s]   self.initialize_options()
[2.005s] running egg_info
[2.033s] writing my_py_pkg.egg-info/PKG-INFO
[2.033s] writing dependency_links to my_py_pkg.egg-info/dependency_links.txt
[2.033s] writing entry points to my_py_pkg.egg-info/entry_points.txt
[2.034s] writing requirements to my_py_pkg.egg-info/requires.txt
[2.034s] writing top-level names to my_py_pkg.egg-info/top_level.txt
[2.091s] reading manifest file 'my_py_pkg.egg-info/SOURCES.txt'
[2.092s] writing manifest file 'my_py_pkg.egg-info/SOURCES.txt'
[2.123s] running build_ext
[2.124s] Creating /home/readikole/ros2_ws/install/my_py_pkg/lib/python3.10/site-packages/my-py-pkg.egg-link (link to .)
[2.125s] Installing add_two_ints_server script to /home/readikole/ros2_ws/install/my_py_pkg/lib/my_py_pkg
[2.125s] Installing number_counter script to /home/readikole/ros2_ws/install/my_py_pkg/lib/my_py_pkg
[2.125s] Installing number_publisher script to /home/readikole/ros2_ws/install/my_py_pkg/lib/my_py_pkg
[2.125s] Installing py_node script to /home/readikole/ros2_ws/install/my_py_pkg/lib/my_py_pkg
[2.126s] Installing robot_news_station script to /home/readikole/ros2_ws/install/my_py_pkg/lib/my_py_pkg
[2.126s] Installing smartphone script to /home/readikole/ros2_ws/install/my_py_pkg/lib/my_py_pkg
[2.126s] 
[2.126s] Installed /home/readikole/ros2_ws/build/my_py_pkg
[2.127s] running install_data
[2.168s] Invoked command in '/home/readikole/ros2_ws/build/my_py_pkg' returned '0': PYTHONPATH=/home/readikole/ros2_ws/build/my_py_pkg/prefix_override:/home/readikole/ros2_ws/install/my_py_pkg/lib/python3.10/site-packages:${PYTHONPATH} /usr/bin/python3 setup.py develop --editable --build-directory /home/readikole/ros2_ws/build/my_py_pkg/build --no-deps install_data
