/home/readikole/.local/lib/python3.10/site-packages/setuptools/dist.py:745: SetuptoolsDeprecationWarning: Invalid dash-separated options
!!

        ********************************************************************************
        Usage of dash-separated 'script-dir' will not be supported in future
        versions. Please use the underscore name 'script_dir' instead.

        By 2023-Sep-26, you need to update your project and remove deprecated calls
        or your builds will no longer be supported.

        See https://setuptools.pypa.io/en/latest/userguide/declarative_config.html for details.
        ********************************************************************************

!!
  opt = self.warn_dash_deprecation(opt, section)
running develop
/home/readikole/.local/lib/python3.10/site-packages/setuptools/command/develop.py:40: EasyInstallDeprecationWarning: easy_install command is deprecated.
!!

        ********************************************************************************
        Please avoid running ``setup.py`` and ``easy_install``.
        Instead, use pypa/build, pypa/installer or other
        standards-based tools.

        See https://github.com/pypa/setuptools/issues/917 for details.
        ********************************************************************************

!!
  easy_install.initialize_options(self)
/home/readikole/.local/lib/python3.10/site-packages/setuptools/_distutils/cmd.py:66: SetuptoolsDeprecationWarning: setup.py install is deprecated.
!!

        ********************************************************************************
        Please avoid running ``setup.py`` directly.
        Instead, use pypa/build, pypa/installer or other
        standards-based tools.

        See https://blog.ganssle.io/articles/2021/10/setup-py-deprecated.html for details.
        ********************************************************************************

!!
  self.initialize_options()
Removing /home/readikole/ros2_ws/install/my_py_pkg/lib/python3.10/site-packages/my-py-pkg.egg-link (link to .)
/home/readikole/.local/lib/python3.10/site-packages/setuptools/dist.py:745: SetuptoolsDeprecationWarning: Invalid dash-separated options
!!

        ********************************************************************************
        Usage of dash-separated 'script-dir' will not be supported in future
        versions. Please use the underscore name 'script_dir' instead.

        By 2023-Sep-26, you need to update your project and remove deprecated calls
        or your builds will no longer be supported.

        See https://setuptools.pypa.io/en/latest/userguide/declarative_config.html for details.
        ********************************************************************************

!!
  opt = self.warn_dash_deprecation(opt, section)
running egg_info
writing ../../build/my_py_pkg/my_py_pkg.egg-info/PKG-INFO
writing dependency_links to ../../build/my_py_pkg/my_py_pkg.egg-info/dependency_links.txt
writing entry points to ../../build/my_py_pkg/my_py_pkg.egg-info/entry_points.txt
writing requirements to ../../build/my_py_pkg/my_py_pkg.egg-info/requires.txt
writing top-level names to ../../build/my_py_pkg/my_py_pkg.egg-info/top_level.txt
reading manifest file '../../build/my_py_pkg/my_py_pkg.egg-info/SOURCES.txt'
writing manifest file '../../build/my_py_pkg/my_py_pkg.egg-info/SOURCES.txt'
running build
running build_py
copying my_py_pkg/add_two_ints_client_no_oop.py -> /home/readikole/ros2_ws/build/my_py_pkg/build/lib/my_py_pkg
copying my_py_pkg/battery.py -> /home/readikole/ros2_ws/build/my_py_pkg/build/lib/my_py_pkg
copying my_py_pkg/hw_status_publisher.py -> /home/readikole/ros2_ws/build/my_py_pkg/build/lib/my_py_pkg
copying my_py_pkg/add_two_ints_client.py -> /home/readikole/ros2_ws/build/my_py_pkg/build/lib/my_py_pkg
copying my_py_pkg/led_panel.py -> /home/readikole/ros2_ws/build/my_py_pkg/build/lib/my_py_pkg
copying my_py_pkg/add_two_ints_server.py -> /home/readikole/ros2_ws/build/my_py_pkg/build/lib/my_py_pkg
copying my_py_pkg/number_counter.py -> /home/readikole/ros2_ws/build/my_py_pkg/build/lib/my_py_pkg
running install
/home/readikole/.local/lib/python3.10/site-packages/setuptools/_distutils/cmd.py:66: SetuptoolsDeprecationWarning: setup.py install is deprecated.
!!

        ********************************************************************************
        Please avoid running ``setup.py`` directly.
        Instead, use pypa/build, pypa/installer or other
        standards-based tools.

        See https://blog.ganssle.io/articles/2021/10/setup-py-deprecated.html for details.
        ********************************************************************************

!!
  self.initialize_options()
running install_lib
creating /home/readikole/ros2_ws/install/my_py_pkg/lib/python3.10/site-packages/my_py_pkg
copying /home/readikole/ros2_ws/build/my_py_pkg/build/lib/my_py_pkg/add_two_ints_client_no_oop.py -> /home/readikole/ros2_ws/install/my_py_pkg/lib/python3.10/site-packages/my_py_pkg
copying /home/readikole/ros2_ws/build/my_py_pkg/build/lib/my_py_pkg/battery.py -> /home/readikole/ros2_ws/install/my_py_pkg/lib/python3.10/site-packages/my_py_pkg
copying /home/readikole/ros2_ws/build/my_py_pkg/build/lib/my_py_pkg/number_publisher.py -> /home/readikole/ros2_ws/install/my_py_pkg/lib/python3.10/site-packages/my_py_pkg
copying /home/readikole/ros2_ws/build/my_py_pkg/build/lib/my_py_pkg/my_first_node.py -> /home/readikole/ros2_ws/install/my_py_pkg/lib/python3.10/site-packages/my_py_pkg
copying /home/readikole/ros2_ws/build/my_py_pkg/build/lib/my_py_pkg/robot_news_station.py -> /home/readikole/ros2_ws/install/my_py_pkg/lib/python3.10/site-packages/my_py_pkg
copying /home/readikole/ros2_ws/build/my_py_pkg/build/lib/my_py_pkg/hw_status_publisher.py -> /home/readikole/ros2_ws/install/my_py_pkg/lib/python3.10/site-packages/my_py_pkg
copying /home/readikole/ros2_ws/build/my_py_pkg/build/lib/my_py_pkg/__init__.py -> /home/readikole/ros2_ws/install/my_py_pkg/lib/python3.10/site-packages/my_py_pkg
copying /home/readikole/ros2_ws/build/my_py_pkg/build/lib/my_py_pkg/template_python_node.py -> /home/readikole/ros2_ws/install/my_py_pkg/lib/python3.10/site-packages/my_py_pkg
copying /home/readikole/ros2_ws/build/my_py_pkg/build/lib/my_py_pkg/add_two_ints_client.py -> /home/readikole/ros2_ws/install/my_py_pkg/lib/python3.10/site-packages/my_py_pkg
copying /home/readikole/ros2_ws/build/my_py_pkg/build/lib/my_py_pkg/smartphone.py -> /home/readikole/ros2_ws/install/my_py_pkg/lib/python3.10/site-packages/my_py_pkg
copying /home/readikole/ros2_ws/build/my_py_pkg/build/lib/my_py_pkg/led_panel.py -> /home/readikole/ros2_ws/install/my_py_pkg/lib/python3.10/site-packages/my_py_pkg
copying /home/readikole/ros2_ws/build/my_py_pkg/build/lib/my_py_pkg/add_two_ints_server.py -> /home/readikole/ros2_ws/install/my_py_pkg/lib/python3.10/site-packages/my_py_pkg
copying /home/readikole/ros2_ws/build/my_py_pkg/build/lib/my_py_pkg/number_counter.py -> /home/readikole/ros2_ws/install/my_py_pkg/lib/python3.10/site-packages/my_py_pkg
byte-compiling /home/readikole/ros2_ws/install/my_py_pkg/lib/python3.10/site-packages/my_py_pkg/add_two_ints_client_no_oop.py to add_two_ints_client_no_oop.cpython-310.pyc
byte-compiling /home/readikole/ros2_ws/install/my_py_pkg/lib/python3.10/site-packages/my_py_pkg/battery.py to battery.cpython-310.pyc
byte-compiling /home/readikole/ros2_ws/install/my_py_pkg/lib/python3.10/site-packages/my_py_pkg/number_publisher.py to number_publisher.cpython-310.pyc
byte-compiling /home/readikole/ros2_ws/install/my_py_pkg/lib/python3.10/site-packages/my_py_pkg/my_first_node.py to my_first_node.cpython-310.pyc
byte-compiling /home/readikole/ros2_ws/install/my_py_pkg/lib/python3.10/site-packages/my_py_pkg/robot_news_station.py to robot_news_station.cpython-310.pyc
byte-compiling /home/readikole/ros2_ws/install/my_py_pkg/lib/python3.10/site-packages/my_py_pkg/hw_status_publisher.py to hw_status_publisher.cpython-310.pyc
byte-compiling /home/readikole/ros2_ws/install/my_py_pkg/lib/python3.10/site-packages/my_py_pkg/__init__.py to __init__.cpython-310.pyc
byte-compiling /home/readikole/ros2_ws/install/my_py_pkg/lib/python3.10/site-packages/my_py_pkg/template_python_node.py to template_python_node.cpython-310.pyc
byte-compiling /home/readikole/ros2_ws/install/my_py_pkg/lib/python3.10/site-packages/my_py_pkg/add_two_ints_client.py to add_two_ints_client.cpython-310.pyc
byte-compiling /home/readikole/ros2_ws/install/my_py_pkg/lib/python3.10/site-packages/my_py_pkg/smartphone.py to smartphone.cpython-310.pyc
byte-compiling /home/readikole/ros2_ws/install/my_py_pkg/lib/python3.10/site-packages/my_py_pkg/led_panel.py to led_panel.cpython-310.pyc
byte-compiling /home/readikole/ros2_ws/install/my_py_pkg/lib/python3.10/site-packages/my_py_pkg/add_two_ints_server.py to add_two_ints_server.cpython-310.pyc
byte-compiling /home/readikole/ros2_ws/install/my_py_pkg/lib/python3.10/site-packages/my_py_pkg/number_counter.py to number_counter.cpython-310.pyc
running install_data
running install_egg_info
Copying ../../build/my_py_pkg/my_py_pkg.egg-info to /home/readikole/ros2_ws/install/my_py_pkg/lib/python3.10/site-packages/my_py_pkg-0.0.0-py3.10.egg-info
running install_scripts
Installing add_two_ints_client script to /home/readikole/ros2_ws/install/my_py_pkg/lib/my_py_pkg
Installing add_two_ints_client_no_oop script to /home/readikole/ros2_ws/install/my_py_pkg/lib/my_py_pkg
Installing add_two_ints_server script to /home/readikole/ros2_ws/install/my_py_pkg/lib/my_py_pkg
Installing battery script to /home/readikole/ros2_ws/install/my_py_pkg/lib/my_py_pkg
Installing hw_status_publisher script to /home/readikole/ros2_ws/install/my_py_pkg/lib/my_py_pkg
Installing led_panel script to /home/readikole/ros2_ws/install/my_py_pkg/lib/my_py_pkg
Installing number_counter script to /home/readikole/ros2_ws/install/my_py_pkg/lib/my_py_pkg
Installing number_publisher script to /home/readikole/ros2_ws/install/my_py_pkg/lib/my_py_pkg
Installing py_node script to /home/readikole/ros2_ws/install/my_py_pkg/lib/my_py_pkg
Installing robot_news_station script to /home/readikole/ros2_ws/install/my_py_pkg/lib/my_py_pkg
Installing smartphone script to /home/readikole/ros2_ws/install/my_py_pkg/lib/my_py_pkg
writing list of installed files to '/home/readikole/ros2_ws/build/my_py_pkg/install.log'
