[1.238s] Invoking command in '/home/readikole/ros2_ws/build/my_py_pkg': PYTHONPATH=/home/readikole/ros2_ws/build/my_py_pkg/prefix_override:/home/readikole/ros2_ws/install/my_py_pkg/lib/python3.10/site-packages:${PYTHONPATH} /usr/bin/python3 setup.py develop --editable --build-directory /home/readikole/ros2_ws/build/my_py_pkg/build --no-deps install_data
[1.817s] running develop
[1.818s] /home/readikole/.local/lib/python3.10/site-packages/setuptools/command/develop.py:40: EasyInstallDeprecationWarning: easy_install command is deprecated.
[1.818s] !!
[1.818s] 
[1.818s]         ********************************************************************************
[1.818s]         Please avoid running ``setup.py`` and ``easy_install``.
[1.819s]         Instead, use pypa/build, pypa/installer or other
[1.819s]         standards-based tools.
[1.819s] 
[1.819s]         See https://github.com/pypa/setuptools/issues/917 for details.
[1.819s]         ********************************************************************************
[1.819s] 
[1.820s] !!
[1.820s]   easy_install.initialize_options(self)
[1.883s] /home/readikole/.local/lib/python3.10/site-packages/setuptools/_distutils/cmd.py:66: SetuptoolsDeprecationWarning: setup.py install is deprecated.
[1.883s] !!
[1.883s] 
[1.884s]         ********************************************************************************
[1.884s]         Please avoid running ``setup.py`` directly.
[1.884s]         Instead, use pypa/build, pypa/installer or other
[1.884s]         standards-based tools.
[1.884s] 
[1.884s]         See https://blog.ganssle.io/articles/2021/10/setup-py-deprecated.html for details.
[1.885s]         ********************************************************************************
[1.885s] 
[1.885s] !!
[1.885s]   self.initialize_options()
[2.258s] running egg_info
[2.287s] writing my_py_pkg.egg-info/PKG-INFO
[2.287s] writing dependency_links to my_py_pkg.egg-info/dependency_links.txt
[2.287s] writing entry points to my_py_pkg.egg-info/entry_points.txt
[2.288s] writing requirements to my_py_pkg.egg-info/requires.txt
[2.288s] writing top-level names to my_py_pkg.egg-info/top_level.txt
[2.354s] reading manifest file 'my_py_pkg.egg-info/SOURCES.txt'
[2.355s] writing manifest file 'my_py_pkg.egg-info/SOURCES.txt'
[2.387s] running build_ext
[2.387s] Creating /home/readikole/ros2_ws/install/my_py_pkg/lib/python3.10/site-packages/my-py-pkg.egg-link (link to .)
[2.389s] Installing add_two_ints_client_no_oop script to /home/readikole/ros2_ws/install/my_py_pkg/lib/my_py_pkg
[2.389s] Installing add_two_ints_server script to /home/readikole/ros2_ws/install/my_py_pkg/lib/my_py_pkg
[2.389s] Installing number_counter script to /home/readikole/ros2_ws/install/my_py_pkg/lib/my_py_pkg
[2.390s] Installing number_publisher script to /home/readikole/ros2_ws/install/my_py_pkg/lib/my_py_pkg
[2.390s] Installing py_node script to /home/readikole/ros2_ws/install/my_py_pkg/lib/my_py_pkg
[2.390s] Installing robot_news_station script to /home/readikole/ros2_ws/install/my_py_pkg/lib/my_py_pkg
[2.391s] Installing smartphone script to /home/readikole/ros2_ws/install/my_py_pkg/lib/my_py_pkg
[2.391s] 
[2.391s] Installed /home/readikole/ros2_ws/build/my_py_pkg
[2.392s] running install_data
[2.433s] Invoked command in '/home/readikole/ros2_ws/build/my_py_pkg' returned '0': PYTHONPATH=/home/readikole/ros2_ws/build/my_py_pkg/prefix_override:/home/readikole/ros2_ws/install/my_py_pkg/lib/python3.10/site-packages:${PYTHONPATH} /usr/bin/python3 setup.py develop --editable --build-directory /home/readikole/ros2_ws/build/my_py_pkg/build --no-deps install_data
