running develop
/home/readikole/.local/lib/python3.10/site-packages/setuptools/command/develop.py:40: EasyInstallDeprecationWarning: easy_install command is deprecated.
!!

        ********************************************************************************
        Please avoid running ``setup.py`` and ``easy_install``.
        Instead, use pypa/build, pypa/installer or other
        standards-based tools.

        See https://github.com/pypa/setuptools/issues/917 for details.
        ********************************************************************************

!!
  easy_install.initialize_options(self)
/home/readikole/.local/lib/python3.10/site-packages/setuptools/_distutils/cmd.py:66: SetuptoolsDeprecationWarning: setup.py install is deprecated.
!!

        ********************************************************************************
        Please avoid running ``setup.py`` directly.
        Instead, use pypa/build, pypa/installer or other
        standards-based tools.

        See https://blog.ganssle.io/articles/2021/10/setup-py-deprecated.html for details.
        ********************************************************************************

!!
  self.initialize_options()
running egg_info
writing turtlesim_catch_them_all.egg-info/PKG-INFO
writing dependency_links to turtlesim_catch_them_all.egg-info/dependency_links.txt
writing entry points to turtlesim_catch_them_all.egg-info/entry_points.txt
writing requirements to turtlesim_catch_them_all.egg-info/requires.txt
writing top-level names to turtlesim_catch_them_all.egg-info/top_level.txt
reading manifest file 'turtlesim_catch_them_all.egg-info/SOURCES.txt'
writing manifest file 'turtlesim_catch_them_all.egg-info/SOURCES.txt'
running build_ext
Creating /home/readikole/ros2_ws/install/turtlesim_catch_them_all/lib/python3.10/site-packages/turtlesim-catch-them-all.egg-link (link to .)
Installing turtlesim_controller script to /home/readikole/ros2_ws/install/turtlesim_catch_them_all/lib/turtlesim_catch_them_all

Installed /home/readikole/ros2_ws/build/turtlesim_catch_them_all
running install_data
