[0.031s] Invoking command in '/home/readikole/ros2_ws/build/my_robot_bringup': AMENT_PREFIX_PATH=/home/readikole/ros2_ws/install/my_py_pkg:/home/readikole/ros2_ws/src/install/my_cpp_pkg:/home/readikole/ros2_ws/install/my_cpp_pkg:/home/readikole/ros2_ws/install/my_robot_interfaces:/home/readikole/ros2_ws/install/my_robot_bringup:/opt/ros/humble CMAKE_PREFIX_PATH=/home/readikole/ros2_ws/install/my_cpp_pkg:/home/readikole/ros2_ws/install/my_robot_interfaces:/home/readikole/ros2_ws/src/install/my_cpp_pkg:/home/readikole/ros2_ws/install/my_robot_bringup:/home/readikole/ros2_ws/install/my_py_pkg:/opt/ros/humble /home/readikole/.local/bin/cmake --build /home/readikole/ros2_ws/build/my_robot_bringup -- -j12 -l12
[0.084s] -- Found ament_cmake: 1.3.5 (/opt/ros/humble/share/ament_cmake/cmake)
[0.228s] -- Override CMake install command with custom implementation using symlinks instead of copying resources
[0.241s] -- Found ament_lint_auto: 0.12.6 (/opt/ros/humble/share/ament_lint_auto/cmake)
[0.348s] -- Added test 'flake8' to check Python code syntax and style conventions
[0.348s] -- Added test 'lint_cmake' to check CMake code style
[0.349s] -- Added test 'pep257' to check Python code against some of the docstring style conventions in PEP 257
[0.350s] -- Added test 'xmllint' to check XML markup files
[0.352s] -- Configuring done (0.3s)
[0.357s] -- Generating done (0.0s)
[0.358s] -- Build files have been written to: /home/readikole/ros2_ws/build/my_robot_bringup
[0.373s] Invoked command in '/home/readikole/ros2_ws/build/my_robot_bringup' returned '0': AMENT_PREFIX_PATH=/home/readikole/ros2_ws/install/my_py_pkg:/home/readikole/ros2_ws/src/install/my_cpp_pkg:/home/readikole/ros2_ws/install/my_cpp_pkg:/home/readikole/ros2_ws/install/my_robot_interfaces:/home/readikole/ros2_ws/install/my_robot_bringup:/opt/ros/humble CMAKE_PREFIX_PATH=/home/readikole/ros2_ws/install/my_cpp_pkg:/home/readikole/ros2_ws/install/my_robot_interfaces:/home/readikole/ros2_ws/src/install/my_cpp_pkg:/home/readikole/ros2_ws/install/my_robot_bringup:/home/readikole/ros2_ws/install/my_py_pkg:/opt/ros/humble /home/readikole/.local/bin/cmake --build /home/readikole/ros2_ws/build/my_robot_bringup -- -j12 -l12
[0.473s] Invoking command in '/home/readikole/ros2_ws/build/my_robot_bringup': AMENT_PREFIX_PATH=/home/readikole/ros2_ws/install/my_py_pkg:/home/readikole/ros2_ws/src/install/my_cpp_pkg:/home/readikole/ros2_ws/install/my_cpp_pkg:/home/readikole/ros2_ws/install/my_robot_interfaces:/home/readikole/ros2_ws/install/my_robot_bringup:/opt/ros/humble CMAKE_PREFIX_PATH=/home/readikole/ros2_ws/install/my_cpp_pkg:/home/readikole/ros2_ws/install/my_robot_interfaces:/home/readikole/ros2_ws/src/install/my_cpp_pkg:/home/readikole/ros2_ws/install/my_robot_bringup:/home/readikole/ros2_ws/install/my_py_pkg:/opt/ros/humble /home/readikole/.local/bin/cmake --install /home/readikole/ros2_ws/build/my_robot_bringup
[0.507s] -- Install configuration: ""
[0.508s] -- Execute custom install script
[0.509s] -- Up-to-date symlink: /home/readikole/ros2_ws/install/my_robot_bringup/share/my_robot_bringup/launch/number_app.launch.py
[0.509s] -- Symlinking: /home/readikole/ros2_ws/install/my_robot_bringup/share/my_robot_bringup/launch/radio.launch.py
[0.512s] -- Up-to-date symlink: /home/readikole/ros2_ws/install/my_robot_bringup/share/ament_index/resource_index/package_run_dependencies/my_robot_bringup
[0.512s] -- Up-to-date symlink: /home/readikole/ros2_ws/install/my_robot_bringup/share/ament_index/resource_index/parent_prefix_path/my_robot_bringup
[0.513s] -- Up-to-date symlink: /home/readikole/ros2_ws/install/my_robot_bringup/share/my_robot_bringup/environment/ament_prefix_path.sh
[0.513s] -- Up-to-date symlink: /home/readikole/ros2_ws/install/my_robot_bringup/share/my_robot_bringup/environment/ament_prefix_path.dsv
[0.513s] -- Up-to-date symlink: /home/readikole/ros2_ws/install/my_robot_bringup/share/my_robot_bringup/environment/path.sh
[0.513s] -- Up-to-date symlink: /home/readikole/ros2_ws/install/my_robot_bringup/share/my_robot_bringup/environment/path.dsv
[0.514s] -- Up-to-date symlink: /home/readikole/ros2_ws/install/my_robot_bringup/share/my_robot_bringup/local_setup.bash
[0.514s] -- Up-to-date symlink: /home/readikole/ros2_ws/install/my_robot_bringup/share/my_robot_bringup/local_setup.sh
[0.514s] -- Up-to-date symlink: /home/readikole/ros2_ws/install/my_robot_bringup/share/my_robot_bringup/local_setup.zsh
[0.515s] -- Up-to-date symlink: /home/readikole/ros2_ws/install/my_robot_bringup/share/my_robot_bringup/local_setup.dsv
[0.515s] -- Symlinking: /home/readikole/ros2_ws/install/my_robot_bringup/share/my_robot_bringup/package.dsv
[0.518s] -- Up-to-date symlink: /home/readikole/ros2_ws/install/my_robot_bringup/share/ament_index/resource_index/packages/my_robot_bringup
[0.518s] -- Up-to-date symlink: /home/readikole/ros2_ws/install/my_robot_bringup/share/my_robot_bringup/cmake/my_robot_bringupConfig.cmake
[0.519s] -- Up-to-date symlink: /home/readikole/ros2_ws/install/my_robot_bringup/share/my_robot_bringup/cmake/my_robot_bringupConfig-version.cmake
[0.519s] -- Up-to-date symlink: /home/readikole/ros2_ws/install/my_robot_bringup/share/my_robot_bringup/package.xml
[0.527s] Invoked command in '/home/readikole/ros2_ws/build/my_robot_bringup' returned '0': AMENT_PREFIX_PATH=/home/readikole/ros2_ws/install/my_py_pkg:/home/readikole/ros2_ws/src/install/my_cpp_pkg:/home/readikole/ros2_ws/install/my_cpp_pkg:/home/readikole/ros2_ws/install/my_robot_interfaces:/home/readikole/ros2_ws/install/my_robot_bringup:/opt/ros/humble CMAKE_PREFIX_PATH=/home/readikole/ros2_ws/install/my_cpp_pkg:/home/readikole/ros2_ws/install/my_robot_interfaces:/home/readikole/ros2_ws/src/install/my_cpp_pkg:/home/readikole/ros2_ws/install/my_robot_bringup:/home/readikole/ros2_ws/install/my_py_pkg:/opt/ros/humble /home/readikole/.local/bin/cmake --install /home/readikole/ros2_ws/build/my_robot_bringup
