[0.030s] Invoking command in '/home/readikole/ros2_ws/src/build/my_cpp_pkg': CMAKE_PREFIX_PATH=${CMAKE_PREFIX_PATH}:/opt/ros/humble /home/readikole/.local/bin/cmake --build /home/readikole/ros2_ws/src/build/my_cpp_pkg -- -j12 -l12
[0.110s] [ 50%] [32mBuilding CXX object CMakeFiles/cpp_node.dir/src/my_first_node.cpp.o[0m
[4.167s] [100%] [32m[1mLinking CXX executable cpp_node[0m
[4.280s] [100%] Built target cpp_node
[4.289s] Invoked command in '/home/readikole/ros2_ws/src/build/my_cpp_pkg' returned '0': CMAKE_PREFIX_PATH=${CMAKE_PREFIX_PATH}:/opt/ros/humble /home/readikole/.local/bin/cmake --build /home/readikole/ros2_ws/src/build/my_cpp_pkg -- -j12 -l12
[4.387s] Invoking command in '/home/readikole/ros2_ws/src/build/my_cpp_pkg': CMAKE_PREFIX_PATH=${CMAKE_PREFIX_PATH}:/opt/ros/humble /home/readikole/.local/bin/cmake --install /home/readikole/ros2_ws/src/build/my_cpp_pkg
[4.423s] -- Install configuration: ""
[4.424s] -- Installing: /home/readikole/ros2_ws/src/install/my_cpp_pkg/lib/my_cpp_pkg/cpp_node
[4.425s] -- Set runtime path of "/home/readikole/ros2_ws/src/install/my_cpp_pkg/lib/my_cpp_pkg/cpp_node" to ""
[4.425s] -- Up-to-date: /home/readikole/ros2_ws/src/install/my_cpp_pkg/share/ament_index/resource_index/package_run_dependencies/my_cpp_pkg
[4.425s] -- Up-to-date: /home/readikole/ros2_ws/src/install/my_cpp_pkg/share/ament_index/resource_index/parent_prefix_path/my_cpp_pkg
[4.425s] -- Up-to-date: /home/readikole/ros2_ws/src/install/my_cpp_pkg/share/my_cpp_pkg/environment/ament_prefix_path.sh
[4.426s] -- Up-to-date: /home/readikole/ros2_ws/src/install/my_cpp_pkg/share/my_cpp_pkg/environment/ament_prefix_path.dsv
[4.426s] -- Up-to-date: /home/readikole/ros2_ws/src/install/my_cpp_pkg/share/my_cpp_pkg/environment/path.sh
[4.426s] -- Up-to-date: /home/readikole/ros2_ws/src/install/my_cpp_pkg/share/my_cpp_pkg/environment/path.dsv
[4.426s] -- Up-to-date: /home/readikole/ros2_ws/src/install/my_cpp_pkg/share/my_cpp_pkg/local_setup.bash
[4.426s] -- Up-to-date: /home/readikole/ros2_ws/src/install/my_cpp_pkg/share/my_cpp_pkg/local_setup.sh
[4.427s] -- Up-to-date: /home/readikole/ros2_ws/src/install/my_cpp_pkg/share/my_cpp_pkg/local_setup.zsh
[4.427s] -- Up-to-date: /home/readikole/ros2_ws/src/install/my_cpp_pkg/share/my_cpp_pkg/local_setup.dsv
[4.427s] -- Installing: /home/readikole/ros2_ws/src/install/my_cpp_pkg/share/my_cpp_pkg/package.dsv
[4.427s] -- Up-to-date: /home/readikole/ros2_ws/src/install/my_cpp_pkg/share/ament_index/resource_index/packages/my_cpp_pkg
[4.427s] -- Up-to-date: /home/readikole/ros2_ws/src/install/my_cpp_pkg/share/my_cpp_pkg/cmake/my_cpp_pkgConfig.cmake
[4.428s] -- Up-to-date: /home/readikole/ros2_ws/src/install/my_cpp_pkg/share/my_cpp_pkg/cmake/my_cpp_pkgConfig-version.cmake
[4.428s] -- Up-to-date: /home/readikole/ros2_ws/src/install/my_cpp_pkg/share/my_cpp_pkg/package.xml
[4.433s] Invoked command in '/home/readikole/ros2_ws/src/build/my_cpp_pkg' returned '0': CMAKE_PREFIX_PATH=${CMAKE_PREFIX_PATH}:/opt/ros/humble /home/readikole/.local/bin/cmake --install /home/readikole/ros2_ws/src/build/my_cpp_pkg
