[0.023s] Invoking command in '/home/readikole/ros2_ws/build/my_cpp_pkg': CMAKE_PREFIX_PATH=${CMAKE_PREFIX_PATH}:/home/readikole/ros2_ws/install/my_py_pkg:/opt/ros/humble /home/readikole/.local/bin/cmake --build /home/readikole/ros2_ws/build/my_cpp_pkg -- -j12 -l12
[0.101s] [100%] Built target cpp_node
[0.110s] Invoked command in '/home/readikole/ros2_ws/build/my_cpp_pkg' returned '0': CMAKE_PREFIX_PATH=${CMAKE_PREFIX_PATH}:/home/readikole/ros2_ws/install/my_py_pkg:/opt/ros/humble /home/readikole/.local/bin/cmake --build /home/readikole/ros2_ws/build/my_cpp_pkg -- -j12 -l12
[0.208s] Invoking command in '/home/readikole/ros2_ws/build/my_cpp_pkg': CMAKE_PREFIX_PATH=${CMAKE_PREFIX_PATH}:/home/readikole/ros2_ws/install/my_py_pkg:/opt/ros/humble /home/readikole/.local/bin/cmake --install /home/readikole/ros2_ws/build/my_cpp_pkg
[0.243s] -- Install configuration: ""
[0.243s] -- Execute custom install script
[0.244s] -- Up-to-date symlink: /home/readikole/ros2_ws/install/my_cpp_pkg/lib/my_cpp_pkg/cpp_node
[0.244s] -- Up-to-date symlink: /home/readikole/ros2_ws/install/my_cpp_pkg/share/ament_index/resource_index/package_run_dependencies/my_cpp_pkg
[0.244s] -- Up-to-date symlink: /home/readikole/ros2_ws/install/my_cpp_pkg/share/ament_index/resource_index/parent_prefix_path/my_cpp_pkg
[0.245s] -- Up-to-date symlink: /home/readikole/ros2_ws/install/my_cpp_pkg/share/my_cpp_pkg/environment/ament_prefix_path.sh
[0.245s] -- Up-to-date symlink: /home/readikole/ros2_ws/install/my_cpp_pkg/share/my_cpp_pkg/environment/ament_prefix_path.dsv
[0.245s] -- Up-to-date symlink: /home/readikole/ros2_ws/install/my_cpp_pkg/share/my_cpp_pkg/environment/path.sh
[0.245s] -- Up-to-date symlink: /home/readikole/ros2_ws/install/my_cpp_pkg/share/my_cpp_pkg/environment/path.dsv
[0.246s] -- Up-to-date symlink: /home/readikole/ros2_ws/install/my_cpp_pkg/share/my_cpp_pkg/local_setup.bash
[0.246s] -- Up-to-date symlink: /home/readikole/ros2_ws/install/my_cpp_pkg/share/my_cpp_pkg/local_setup.sh
[0.246s] -- Up-to-date symlink: /home/readikole/ros2_ws/install/my_cpp_pkg/share/my_cpp_pkg/local_setup.zsh
[0.246s] -- Up-to-date symlink: /home/readikole/ros2_ws/install/my_cpp_pkg/share/my_cpp_pkg/local_setup.dsv
[0.247s] -- Symlinking: /home/readikole/ros2_ws/install/my_cpp_pkg/share/my_cpp_pkg/package.dsv
[0.249s] -- Up-to-date symlink: /home/readikole/ros2_ws/install/my_cpp_pkg/share/ament_index/resource_index/packages/my_cpp_pkg
[0.250s] -- Up-to-date symlink: /home/readikole/ros2_ws/install/my_cpp_pkg/share/my_cpp_pkg/cmake/my_cpp_pkgConfig.cmake
[0.250s] -- Up-to-date symlink: /home/readikole/ros2_ws/install/my_cpp_pkg/share/my_cpp_pkg/cmake/my_cpp_pkgConfig-version.cmake
[0.250s] -- Up-to-date symlink: /home/readikole/ros2_ws/install/my_cpp_pkg/share/my_cpp_pkg/package.xml
[0.258s] Invoked command in '/home/readikole/ros2_ws/build/my_cpp_pkg' returned '0': CMAKE_PREFIX_PATH=${CMAKE_PREFIX_PATH}:/home/readikole/ros2_ws/install/my_py_pkg:/opt/ros/humble /home/readikole/.local/bin/cmake --install /home/readikole/ros2_ws/build/my_cpp_pkg
