[1.145s] Invoking command in '/home/readikole/ros2_ws/build/my_py_pkg': PYTHONPATH=/home/readikole/ros2_ws/build/my_py_pkg/prefix_override:/home/readikole/ros2_ws/install/my_py_pkg/lib/python3.10/site-packages:${PYTHONPATH} /usr/bin/python3 setup.py develop --editable --build-directory /home/readikole/ros2_ws/build/my_py_pkg/build --no-deps install_data
[1.670s] running develop
[1.670s] /home/readikole/.local/lib/python3.10/site-packages/setuptools/command/develop.py:40: EasyInstallDeprecationWarning: easy_install command is deprecated.
[1.670s] !!
[1.670s] 
[1.670s]         ********************************************************************************
[1.670s]         Please avoid running ``setup.py`` and ``easy_install``.
[1.670s]         Instead, use pypa/build, pypa/installer or other
[1.671s]         standards-based tools.
[1.671s] 
[1.671s]         See https://github.com/pypa/setuptools/issues/917 for details.
[1.671s]         ********************************************************************************
[1.671s] 
[1.671s] !!
[1.671s]   easy_install.initialize_options(self)
[1.723s] /home/readikole/.local/lib/python3.10/site-packages/setuptools/_distutils/cmd.py:66: SetuptoolsDeprecationWarning: setup.py install is deprecated.
[1.723s] !!
[1.724s] 
[1.724s]         ********************************************************************************
[1.724s]         Please avoid running ``setup.py`` directly.
[1.724s]         Instead, use pypa/build, pypa/installer or other
[1.724s]         standards-based tools.
[1.724s] 
[1.725s]         See https://blog.ganssle.io/articles/2021/10/setup-py-deprecated.html for details.
[1.725s]         ********************************************************************************
[1.725s] 
[1.725s] !!
[1.725s]   self.initialize_options()
[2.042s] running egg_info
[2.066s] writing my_py_pkg.egg-info/PKG-INFO
[2.067s] writing dependency_links to my_py_pkg.egg-info/dependency_links.txt
[2.067s] writing entry points to my_py_pkg.egg-info/entry_points.txt
[2.068s] writing requirements to my_py_pkg.egg-info/requires.txt
[2.068s] writing top-level names to my_py_pkg.egg-info/top_level.txt
[2.126s] reading manifest file 'my_py_pkg.egg-info/SOURCES.txt'
[2.127s] writing manifest file 'my_py_pkg.egg-info/SOURCES.txt'
[2.157s] running build_ext
[2.157s] Creating /home/readikole/ros2_ws/install/my_py_pkg/lib/python3.10/site-packages/my-py-pkg.egg-link (link to .)
[2.158s] Installing add_two_ints_client_no_oop script to /home/readikole/ros2_ws/install/my_py_pkg/lib/my_py_pkg
[2.158s] Installing add_two_ints_server script to /home/readikole/ros2_ws/install/my_py_pkg/lib/my_py_pkg
[2.159s] Installing number_counter script to /home/readikole/ros2_ws/install/my_py_pkg/lib/my_py_pkg
[2.159s] Installing number_publisher script to /home/readikole/ros2_ws/install/my_py_pkg/lib/my_py_pkg
[2.159s] Installing py_node script to /home/readikole/ros2_ws/install/my_py_pkg/lib/my_py_pkg
[2.160s] Installing robot_news_station script to /home/readikole/ros2_ws/install/my_py_pkg/lib/my_py_pkg
[2.160s] Installing smartphone script to /home/readikole/ros2_ws/install/my_py_pkg/lib/my_py_pkg
[2.160s] 
[2.160s] Installed /home/readikole/ros2_ws/build/my_py_pkg
[2.161s] running install_data
[2.196s] Invoked command in '/home/readikole/ros2_ws/build/my_py_pkg' returned '0': PYTHONPATH=/home/readikole/ros2_ws/build/my_py_pkg/prefix_override:/home/readikole/ros2_ws/install/my_py_pkg/lib/python3.10/site-packages:${PYTHONPATH} /usr/bin/python3 setup.py develop --editable --build-directory /home/readikole/ros2_ws/build/my_py_pkg/build --no-deps install_data
