[1.075s] Invoking command in '/home/readikole/ros2_ws/src/my_py_pkg': PYTHONPATH=/home/readikole/ros2_ws/build/my_py_pkg/prefix_override:/home/readikole/ros2_ws/install/my_py_pkg/lib/python3.10/site-packages:${PYTHONPATH} /usr/bin/python3 setup.py egg_info --egg-base ../../build/my_py_pkg build --build-base /home/readikole/ros2_ws/build/my_py_pkg/build install --record /home/readikole/ros2_ws/build/my_py_pkg/install.log --single-version-externally-managed
[1.385s] running egg_info
[1.386s] creating ../../build/my_py_pkg/my_py_pkg.egg-info
[1.411s] writing ../../build/my_py_pkg/my_py_pkg.egg-info/PKG-INFO
[1.411s] writing dependency_links to ../../build/my_py_pkg/my_py_pkg.egg-info/dependency_links.txt
[1.411s] writing requirements to ../../build/my_py_pkg/my_py_pkg.egg-info/requires.txt
[1.411s] writing top-level names to ../../build/my_py_pkg/my_py_pkg.egg-info/top_level.txt
[1.412s] writing manifest file '../../build/my_py_pkg/my_py_pkg.egg-info/SOURCES.txt'
[1.462s] reading manifest file '../../build/my_py_pkg/my_py_pkg.egg-info/SOURCES.txt'
[1.463s] writing manifest file '../../build/my_py_pkg/my_py_pkg.egg-info/SOURCES.txt'
[1.463s] running build
[1.463s] running build_py
[1.463s] creating /home/readikole/ros2_ws/build/my_py_pkg/build
[1.464s] creating /home/readikole/ros2_ws/build/my_py_pkg/build/lib
[1.464s] creating /home/readikole/ros2_ws/build/my_py_pkg/build/lib/my_py_pkg
[1.464s] copying my_py_pkg/my_first_node.py -> /home/readikole/ros2_ws/build/my_py_pkg/build/lib/my_py_pkg
[1.464s] copying my_py_pkg/__init__.py -> /home/readikole/ros2_ws/build/my_py_pkg/build/lib/my_py_pkg
[1.464s] running install
[1.464s] /home/readikole/.local/lib/python3.10/site-packages/setuptools/_distutils/cmd.py:66: SetuptoolsDeprecationWarning: setup.py install is deprecated.
[1.464s] !!
[1.465s] 
[1.465s]         ********************************************************************************
[1.465s]         Please avoid running ``setup.py`` directly.
[1.465s]         Instead, use pypa/build, pypa/installer or other
[1.465s]         standards-based tools.
[1.465s] 
[1.465s]         See https://blog.ganssle.io/articles/2021/10/setup-py-deprecated.html for details.
[1.465s]         ********************************************************************************
[1.465s] 
[1.465s] !!
[1.466s]   self.initialize_options()
[1.471s] running install_lib
[1.496s] creating /home/readikole/ros2_ws/install/my_py_pkg/lib/python3.10/site-packages/my_py_pkg
[1.496s] copying /home/readikole/ros2_ws/build/my_py_pkg/build/lib/my_py_pkg/my_first_node.py -> /home/readikole/ros2_ws/install/my_py_pkg/lib/python3.10/site-packages/my_py_pkg
[1.496s] copying /home/readikole/ros2_ws/build/my_py_pkg/build/lib/my_py_pkg/__init__.py -> /home/readikole/ros2_ws/install/my_py_pkg/lib/python3.10/site-packages/my_py_pkg
[1.497s] byte-compiling /home/readikole/ros2_ws/install/my_py_pkg/lib/python3.10/site-packages/my_py_pkg/my_first_node.py to my_first_node.cpython-310.pyc
[1.497s] byte-compiling /home/readikole/ros2_ws/install/my_py_pkg/lib/python3.10/site-packages/my_py_pkg/__init__.py to __init__.cpython-310.pyc
[1.497s] running install_data
[1.523s] creating /home/readikole/ros2_ws/install/my_py_pkg/share/ament_index
[1.523s] creating /home/readikole/ros2_ws/install/my_py_pkg/share/ament_index/resource_index
[1.523s] creating /home/readikole/ros2_ws/install/my_py_pkg/share/ament_index/resource_index/packages
[1.523s] copying resource/my_py_pkg -> /home/readikole/ros2_ws/install/my_py_pkg/share/ament_index/resource_index/packages
[1.524s] copying package.xml -> /home/readikole/ros2_ws/install/my_py_pkg/share/my_py_pkg
[1.524s] running install_egg_info
[1.550s] Copying ../../build/my_py_pkg/my_py_pkg.egg-info to /home/readikole/ros2_ws/install/my_py_pkg/lib/python3.10/site-packages/my_py_pkg-0.0.0-py3.10.egg-info
[1.551s] running install_scripts
[1.833s] writing list of installed files to '/home/readikole/ros2_ws/build/my_py_pkg/install.log'
[1.858s] Invoked command in '/home/readikole/ros2_ws/src/my_py_pkg' returned '0': PYTHONPATH=/home/readikole/ros2_ws/build/my_py_pkg/prefix_override:/home/readikole/ros2_ws/install/my_py_pkg/lib/python3.10/site-packages:${PYTHONPATH} /usr/bin/python3 setup.py egg_info --egg-base ../../build/my_py_pkg build --build-base /home/readikole/ros2_ws/build/my_py_pkg/build install --record /home/readikole/ros2_ws/build/my_py_pkg/install.log --single-version-externally-managed
