[0.037s] Invoking command in '/home/readikole/ros2_ws/build/my_cpp_pkg': CMAKE_PREFIX_PATH=/home/readikole/ros2_ws/install/my_robot_interfaces:/home/readikole/ros2_ws/src/install/my_cpp_pkg:/home/readikole/ros2_ws/install/my_cpp_pkg:/home/readikole/ros2_ws/install/my_robot_bringup:/home/readikole/ros2_ws/install/my_py_pkg:/opt/ros/humble /home/readikole/.local/bin/cmake /home/readikole/ros2_ws/src/my_cpp_pkg -DAMENT_CMAKE_SYMLINK_INSTALL=1 -DCMAKE_INSTALL_PREFIX=/home/readikole/ros2_ws/install/my_cpp_pkg
[0.102s] -- Found ament_cmake: 1.3.5 (/opt/ros/humble/share/ament_cmake/cmake)
[0.256s] -- Override CMake install command with custom implementation using symlinks instead of copying resources
[0.360s] -- Found rclcpp: 16.0.4 (/opt/ros/humble/share/rclcpp/cmake)
[0.463s] -- Found rosidl_generator_c: 3.1.4 (/opt/ros/humble/share/rosidl_generator_c/cmake)
[0.469s] -- Found rosidl_adapter: 3.1.4 (/opt/ros/humble/share/rosidl_adapter/cmake)
[0.481s] -- Found rosidl_generator_cpp: 3.1.4 (/opt/ros/humble/share/rosidl_generator_cpp/cmake)
[0.504s] -- Using all available rosidl_typesupport_c: rosidl_typesupport_fastrtps_c;rosidl_typesupport_introspection_c
[0.534s] -- Using all available rosidl_typesupport_cpp: rosidl_typesupport_fastrtps_cpp;rosidl_typesupport_introspection_cpp
[0.736s] -- Found rmw_implementation_cmake: 6.1.1 (/opt/ros/humble/share/rmw_implementation_cmake/cmake)
[0.754s] -- Found rmw_fastrtps_cpp: 6.2.2 (/opt/ros/humble/share/rmw_fastrtps_cpp/cmake)
[1.150s] -- Using RMW implementation 'rmw_fastrtps_cpp' as default
[1.538s] -- Found example_interfaces: 0.9.3 (/opt/ros/humble/share/example_interfaces/cmake)
[1.800s] -- Found my_robot_interfaces: 0.0.0 (/home/readikole/ros2_ws/install/my_robot_interfaces/share/my_robot_interfaces/cmake)
[1.954s] -- Configuring done (1.9s)
[2.102s] -- Generating done (0.1s)
[2.107s] -- Build files have been written to: /home/readikole/ros2_ws/build/my_cpp_pkg
[2.122s] Invoked command in '/home/readikole/ros2_ws/build/my_cpp_pkg' returned '0': CMAKE_PREFIX_PATH=/home/readikole/ros2_ws/install/my_robot_interfaces:/home/readikole/ros2_ws/src/install/my_cpp_pkg:/home/readikole/ros2_ws/install/my_cpp_pkg:/home/readikole/ros2_ws/install/my_robot_bringup:/home/readikole/ros2_ws/install/my_py_pkg:/opt/ros/humble /home/readikole/.local/bin/cmake /home/readikole/ros2_ws/src/my_cpp_pkg -DAMENT_CMAKE_SYMLINK_INSTALL=1 -DCMAKE_INSTALL_PREFIX=/home/readikole/ros2_ws/install/my_cpp_pkg
[2.125s] Invoking command in '/home/readikole/ros2_ws/build/my_cpp_pkg': CMAKE_PREFIX_PATH=/home/readikole/ros2_ws/install/my_robot_interfaces:/home/readikole/ros2_ws/src/install/my_cpp_pkg:/home/readikole/ros2_ws/install/my_cpp_pkg:/home/readikole/ros2_ws/install/my_robot_bringup:/home/readikole/ros2_ws/install/my_py_pkg:/opt/ros/humble /home/readikole/.local/bin/cmake --build /home/readikole/ros2_ws/build/my_cpp_pkg -- -j12 -l12
[2.190s] [  5%] [32mBuilding CXX object CMakeFiles/number_publisher.dir/src/number_publisher.cpp.o[0m
[2.190s] [ 15%] [32mBuilding CXX object CMakeFiles/add_two_ints_server.dir/src/add_two_ints_server.cpp.o[0m
[2.191s] [ 15%] [32mBuilding CXX object CMakeFiles/number_counter.dir/src/number_counter.cpp.o[0m
[2.192s] [ 25%] [32mBuilding CXX object CMakeFiles/hardware_status_publisher.dir/src/hw_status_publisher.cpp.o[0m
[2.192s] [ 25%] [32mBuilding CXX object CMakeFiles/add_two_ints_client.dir/src/add_two_ints_client.cpp.o[0m
[2.192s] [ 30%] [32mBuilding CXX object CMakeFiles/battery.dir/src/battery.cpp.o[0m
[2.192s] [ 35%] [32mBuilding CXX object CMakeFiles/led_panel.dir/src/led_panel.cpp.o[0m
[2.215s] [ 40%] [32mBuilding CXX object CMakeFiles/cpp_node.dir/src/my_first_node.cpp.o[0m
[2.238s] [ 45%] [32mBuilding CXX object CMakeFiles/smartphone.dir/src/smartphone.cpp.o[0m
[2.272s] [ 50%] [32mBuilding CXX object CMakeFiles/robot_news_station.dir/src/robot_news_station.cpp.o[0m
[8.971s] [ 55%] [32m[1mLinking CXX executable cpp_node[0m
[9.280s] [ 55%] Built target cpp_node
[9.637s] [ 60%] [32m[1mLinking CXX executable add_two_ints_server[0m
[9.818s] [ 65%] [32m[1mLinking CXX executable battery[0m
[9.984s] [ 65%] Built target add_two_ints_server
[10.061s] [ 70%] [32m[1mLinking CXX executable add_two_ints_client[0m
[10.075s] [ 70%] Built target battery
[10.322s] [ 70%] Built target add_two_ints_client
[11.005s] [ 75%] [32m[1mLinking CXX executable number_publisher[0m
[11.012s] [ 80%] [32m[1mLinking CXX executable hardware_status_publisher[0m
[11.017s] [ 85%] [32m[1mLinking CXX executable robot_news_station[0m
[11.289s] [ 85%] Built target hardware_status_publisher
[11.290s] [ 85%] Built target robot_news_station
[11.344s] [ 85%] Built target number_publisher
[11.993s] [ 90%] [32m[1mLinking CXX executable led_panel[0m
[12.267s] [ 90%] Built target led_panel
[16.692s] [ 95%] [32m[1mLinking CXX executable smartphone[0m
[17.195s] [ 95%] Built target smartphone
[18.273s] [100%] [32m[1mLinking CXX executable number_counter[0m
[18.839s] [100%] Built target number_counter
[18.848s] Invoked command in '/home/readikole/ros2_ws/build/my_cpp_pkg' returned '0': CMAKE_PREFIX_PATH=/home/readikole/ros2_ws/install/my_robot_interfaces:/home/readikole/ros2_ws/src/install/my_cpp_pkg:/home/readikole/ros2_ws/install/my_cpp_pkg:/home/readikole/ros2_ws/install/my_robot_bringup:/home/readikole/ros2_ws/install/my_py_pkg:/opt/ros/humble /home/readikole/.local/bin/cmake --build /home/readikole/ros2_ws/build/my_cpp_pkg -- -j12 -l12
[18.977s] Invoking command in '/home/readikole/ros2_ws/build/my_cpp_pkg': CMAKE_PREFIX_PATH=/home/readikole/ros2_ws/install/my_robot_interfaces:/home/readikole/ros2_ws/src/install/my_cpp_pkg:/home/readikole/ros2_ws/install/my_cpp_pkg:/home/readikole/ros2_ws/install/my_robot_bringup:/home/readikole/ros2_ws/install/my_py_pkg:/opt/ros/humble /home/readikole/.local/bin/cmake --install /home/readikole/ros2_ws/build/my_cpp_pkg
[19.018s] -- Install configuration: ""
[19.018s] -- Execute custom install script
[19.019s] -- Up-to-date symlink: /home/readikole/ros2_ws/install/my_cpp_pkg/lib/my_cpp_pkg/cpp_node
[19.019s] -- Up-to-date symlink: /home/readikole/ros2_ws/install/my_cpp_pkg/lib/my_cpp_pkg/robot_news_station
[19.019s] -- Up-to-date symlink: /home/readikole/ros2_ws/install/my_cpp_pkg/lib/my_cpp_pkg/smartphone
[19.020s] -- Symlinking: /home/readikole/ros2_ws/install/my_cpp_pkg/lib/my_cpp_pkg/number_publisher
[19.023s] -- Symlinking: /home/readikole/ros2_ws/install/my_cpp_pkg/lib/my_cpp_pkg/number_counter
[19.026s] -- Symlinking: /home/readikole/ros2_ws/install/my_cpp_pkg/lib/my_cpp_pkg/add_two_ints_server
[19.029s] -- Symlinking: /home/readikole/ros2_ws/install/my_cpp_pkg/lib/my_cpp_pkg/add_two_ints_client
[19.032s] -- Symlinking: /home/readikole/ros2_ws/install/my_cpp_pkg/lib/my_cpp_pkg/hardware_status_publisher
[19.036s] -- Symlinking: /home/readikole/ros2_ws/install/my_cpp_pkg/lib/my_cpp_pkg/led_panel
[19.039s] -- Symlinking: /home/readikole/ros2_ws/install/my_cpp_pkg/lib/my_cpp_pkg/battery
[19.042s] -- Up-to-date symlink: /home/readikole/ros2_ws/install/my_cpp_pkg/share/ament_index/resource_index/package_run_dependencies/my_cpp_pkg
[19.042s] -- Up-to-date symlink: /home/readikole/ros2_ws/install/my_cpp_pkg/share/ament_index/resource_index/parent_prefix_path/my_cpp_pkg
[19.042s] -- Up-to-date symlink: /home/readikole/ros2_ws/install/my_cpp_pkg/share/my_cpp_pkg/environment/ament_prefix_path.sh
[19.043s] -- Up-to-date symlink: /home/readikole/ros2_ws/install/my_cpp_pkg/share/my_cpp_pkg/environment/ament_prefix_path.dsv
[19.043s] -- Up-to-date symlink: /home/readikole/ros2_ws/install/my_cpp_pkg/share/my_cpp_pkg/environment/path.sh
[19.043s] -- Up-to-date symlink: /home/readikole/ros2_ws/install/my_cpp_pkg/share/my_cpp_pkg/environment/path.dsv
[19.044s] -- Up-to-date symlink: /home/readikole/ros2_ws/install/my_cpp_pkg/share/my_cpp_pkg/local_setup.bash
[19.044s] -- Up-to-date symlink: /home/readikole/ros2_ws/install/my_cpp_pkg/share/my_cpp_pkg/local_setup.sh
[19.044s] -- Up-to-date symlink: /home/readikole/ros2_ws/install/my_cpp_pkg/share/my_cpp_pkg/local_setup.zsh
[19.044s] -- Up-to-date symlink: /home/readikole/ros2_ws/install/my_cpp_pkg/share/my_cpp_pkg/local_setup.dsv
[19.045s] -- Symlinking: /home/readikole/ros2_ws/install/my_cpp_pkg/share/my_cpp_pkg/package.dsv
[19.048s] -- Up-to-date symlink: /home/readikole/ros2_ws/install/my_cpp_pkg/share/ament_index/resource_index/packages/my_cpp_pkg
[19.048s] -- Up-to-date symlink: /home/readikole/ros2_ws/install/my_cpp_pkg/share/my_cpp_pkg/cmake/my_cpp_pkgConfig.cmake
[19.048s] -- Up-to-date symlink: /home/readikole/ros2_ws/install/my_cpp_pkg/share/my_cpp_pkg/cmake/my_cpp_pkgConfig-version.cmake
[19.048s] -- Up-to-date symlink: /home/readikole/ros2_ws/install/my_cpp_pkg/share/my_cpp_pkg/package.xml
[19.057s] Invoked command in '/home/readikole/ros2_ws/build/my_cpp_pkg' returned '0': CMAKE_PREFIX_PATH=/home/readikole/ros2_ws/install/my_robot_interfaces:/home/readikole/ros2_ws/src/install/my_cpp_pkg:/home/readikole/ros2_ws/install/my_cpp_pkg:/home/readikole/ros2_ws/install/my_robot_bringup:/home/readikole/ros2_ws/install/my_py_pkg:/opt/ros/humble /home/readikole/.local/bin/cmake --install /home/readikole/ros2_ws/build/my_cpp_pkg
