[0.087s] Invoking command in '/home/readikole/ros2_ws/build/my_cpp_pkg': AMENT_PREFIX_PATH=/home/readikole/ros2_ws/install/my_robot_interfaces:${AMENT_PREFIX_PATH} CMAKE_PREFIX_PATH=/home/readikole/ros2_ws/install/my_robot_interfaces:/home/readikole/ros2_ws/src/install/my_cpp_pkg:/home/readikole/ros2_ws/install/my_cpp_pkg:/home/readikole/ros2_ws/install/my_py_pkg:/opt/ros/humble LD_LIBRARY_PATH=/home/readikole/ros2_ws/install/my_robot_interfaces/lib:${LD_LIBRARY_PATH} PYTHONPATH=/home/readikole/ros2_ws/install/my_robot_interfaces/local/lib/python3.10/dist-packages:${PYTHONPATH} /home/readikole/.local/bin/cmake --build /home/readikole/ros2_ws/build/my_cpp_pkg -- -j12 -l12
[0.541s] [ 33%] Built target cpp_node
[0.544s] [ 66%] Built target robot_news_station
[0.544s] [100%] Built target smartphone
[0.553s] Invoked command in '/home/readikole/ros2_ws/build/my_cpp_pkg' returned '0': AMENT_PREFIX_PATH=/home/readikole/ros2_ws/install/my_robot_interfaces:${AMENT_PREFIX_PATH} CMAKE_PREFIX_PATH=/home/readikole/ros2_ws/install/my_robot_interfaces:/home/readikole/ros2_ws/src/install/my_cpp_pkg:/home/readikole/ros2_ws/install/my_cpp_pkg:/home/readikole/ros2_ws/install/my_py_pkg:/opt/ros/humble LD_LIBRARY_PATH=/home/readikole/ros2_ws/install/my_robot_interfaces/lib:${LD_LIBRARY_PATH} PYTHONPATH=/home/readikole/ros2_ws/install/my_robot_interfaces/local/lib/python3.10/dist-packages:${PYTHONPATH} /home/readikole/.local/bin/cmake --build /home/readikole/ros2_ws/build/my_cpp_pkg -- -j12 -l12
[0.611s] Invoking command in '/home/readikole/ros2_ws/build/my_cpp_pkg': AMENT_PREFIX_PATH=/home/readikole/ros2_ws/install/my_robot_interfaces:${AMENT_PREFIX_PATH} CMAKE_PREFIX_PATH=/home/readikole/ros2_ws/install/my_robot_interfaces:/home/readikole/ros2_ws/src/install/my_cpp_pkg:/home/readikole/ros2_ws/install/my_cpp_pkg:/home/readikole/ros2_ws/install/my_py_pkg:/opt/ros/humble LD_LIBRARY_PATH=/home/readikole/ros2_ws/install/my_robot_interfaces/lib:${LD_LIBRARY_PATH} PYTHONPATH=/home/readikole/ros2_ws/install/my_robot_interfaces/local/lib/python3.10/dist-packages:${PYTHONPATH} /home/readikole/.local/bin/cmake --install /home/readikole/ros2_ws/build/my_cpp_pkg
[0.645s] -- Install configuration: ""
[0.663s] -- Execute custom install script
[0.683s] -- Up-to-date symlink: /home/readikole/ros2_ws/install/my_cpp_pkg/lib/my_cpp_pkg/cpp_node
[0.683s] -- Up-to-date symlink: /home/readikole/ros2_ws/install/my_cpp_pkg/lib/my_cpp_pkg/robot_news_station
[0.683s] -- Up-to-date symlink: /home/readikole/ros2_ws/install/my_cpp_pkg/lib/my_cpp_pkg/smartphone
[0.683s] -- Up-to-date symlink: /home/readikole/ros2_ws/install/my_cpp_pkg/share/ament_index/resource_index/package_run_dependencies/my_cpp_pkg
[0.684s] -- Up-to-date symlink: /home/readikole/ros2_ws/install/my_cpp_pkg/share/ament_index/resource_index/parent_prefix_path/my_cpp_pkg
[0.685s] -- Up-to-date symlink: /home/readikole/ros2_ws/install/my_cpp_pkg/share/my_cpp_pkg/environment/ament_prefix_path.sh
[0.685s] -- Up-to-date symlink: /home/readikole/ros2_ws/install/my_cpp_pkg/share/my_cpp_pkg/environment/ament_prefix_path.dsv
[0.685s] -- Up-to-date symlink: /home/readikole/ros2_ws/install/my_cpp_pkg/share/my_cpp_pkg/environment/path.sh
[0.685s] -- Up-to-date symlink: /home/readikole/ros2_ws/install/my_cpp_pkg/share/my_cpp_pkg/environment/path.dsv
[0.686s] -- Up-to-date symlink: /home/readikole/ros2_ws/install/my_cpp_pkg/share/my_cpp_pkg/local_setup.bash
[0.686s] -- Up-to-date symlink: /home/readikole/ros2_ws/install/my_cpp_pkg/share/my_cpp_pkg/local_setup.sh
[0.687s] -- Up-to-date symlink: /home/readikole/ros2_ws/install/my_cpp_pkg/share/my_cpp_pkg/local_setup.zsh
[0.687s] -- Up-to-date symlink: /home/readikole/ros2_ws/install/my_cpp_pkg/share/my_cpp_pkg/local_setup.dsv
[0.687s] -- Symlinking: /home/readikole/ros2_ws/install/my_cpp_pkg/share/my_cpp_pkg/package.dsv
[0.691s] -- Up-to-date symlink: /home/readikole/ros2_ws/install/my_cpp_pkg/share/ament_index/resource_index/packages/my_cpp_pkg
[0.691s] -- Up-to-date symlink: /home/readikole/ros2_ws/install/my_cpp_pkg/share/my_cpp_pkg/cmake/my_cpp_pkgConfig.cmake
[0.692s] -- Up-to-date symlink: /home/readikole/ros2_ws/install/my_cpp_pkg/share/my_cpp_pkg/cmake/my_cpp_pkgConfig-version.cmake
[0.692s] -- Up-to-date symlink: /home/readikole/ros2_ws/install/my_cpp_pkg/share/my_cpp_pkg/package.xml
[0.704s] Invoked command in '/home/readikole/ros2_ws/build/my_cpp_pkg' returned '0': AMENT_PREFIX_PATH=/home/readikole/ros2_ws/install/my_robot_interfaces:${AMENT_PREFIX_PATH} CMAKE_PREFIX_PATH=/home/readikole/ros2_ws/install/my_robot_interfaces:/home/readikole/ros2_ws/src/install/my_cpp_pkg:/home/readikole/ros2_ws/install/my_cpp_pkg:/home/readikole/ros2_ws/install/my_py_pkg:/opt/ros/humble LD_LIBRARY_PATH=/home/readikole/ros2_ws/install/my_robot_interfaces/lib:${LD_LIBRARY_PATH} PYTHONPATH=/home/readikole/ros2_ws/install/my_robot_interfaces/local/lib/python3.10/dist-packages:${PYTHONPATH} /home/readikole/.local/bin/cmake --install /home/readikole/ros2_ws/build/my_cpp_pkg
