[01m[K/home/readikole/ros2_ws/src/my_cpp_pkg/src/robot_news_station.cpp:6:5:[m[K [01;31m[Kerror: [m[KISO C++ forbids declaration of ‘[01m[KRobotNewsStationNode[m[K’ with no type [[01;31m[K]8;;https://gcc.gnu.org/onlinedocs/gcc/Warning-Options.html#index-fpermissive-fpermissive]8;;[m[K]
    6 |     [01;31m[KRobotNewsStationNode[m[K() : Node("robot_news_station") // MODIFY NAME
      |     [01;31m[K^~~~~~~~~~~~~~~~~~~~[m[K
[01m[K/home/readikole/ros2_ws/src/my_cpp_pkg/src/robot_news_station.cpp:[m[K In member function ‘[01m[Kint RbotNewsStationNode::RobotNewsStationNode()[m[K’:
[01m[K/home/readikole/ros2_ws/src/my_cpp_pkg/src/robot_news_station.cpp:6:30:[m[K [01;31m[Kerror: [m[Konly constructors take member initializers
    6 |     RobotNewsStationNode() : [01;31m[KNode[m[K("robot_news_station") // MODIFY NAME
      |                              [01;31m[K^~~~[m[K
[01m[K/home/readikole/ros2_ws/src/my_cpp_pkg/src/robot_news_station.cpp:9:83:[m[K [01;31m[Kerror: [m[Kno matching function for call to ‘[01m[Kbind()[m[K’
    9 |         timer_ = this->create_wall_timer(std::chrono::milliseconds(500), [01;31m[Kstd::bind()[m[K)
      |                                                                          [01;31m[K~~~~~~~~~^~[m[K
In file included from [01m[K/usr/include/c++/11/pstl/glue_algorithm_defs.h:13[m[K,
                 from [01m[K/usr/include/c++/11/algorithm:74[m[K,
                 from [01m[K/opt/ros/humble/include/rclcpp/rclcpp/executor.hpp:18[m[K,
                 from [01m[K/opt/ros/humble/include/rclcpp/rclcpp/executors/multi_threaded_executor.hpp:25[m[K,
                 from [01m[K/opt/ros/humble/include/rclcpp/rclcpp/executors.hpp:21[m[K,
                 from [01m[K/opt/ros/humble/include/rclcpp/rclcpp/rclcpp.hpp:155[m[K,
                 from [01m[K/home/readikole/ros2_ws/src/my_cpp_pkg/src/robot_news_station.cpp:1[m[K:
[01m[K/usr/include/c++/11/functional:789:5:[m[K [01;36m[Knote: [m[Kcandidate: ‘[01m[Ktemplate<class _Func, class ... _BoundArgs> typename std::_Bind_helper<std::__is_socketlike<_Func>::value, _Func, _BoundArgs ...>::type std::bind(_Func&&, _BoundArgs&& ...)[m[K’
  789 |     [01;36m[Kbind[m[K(_Func&& __f, _BoundArgs&&... __args)
      |     [01;36m[K^~~~[m[K
[01m[K/usr/include/c++/11/functional:789:5:[m[K [01;36m[Knote: [m[K  template argument deduction/substitution failed:
[01m[K/home/readikole/ros2_ws/src/my_cpp_pkg/src/robot_news_station.cpp:9:83:[m[K [01;36m[Knote: [m[K  candidate expects at least 1 argument, 0 provided
    9 |         timer_ = this->create_wall_timer(std::chrono::milliseconds(500), [01;36m[Kstd::bind()[m[K)
      |                                                                          [01;36m[K~~~~~~~~~^~[m[K
In file included from [01m[K/usr/include/c++/11/pstl/glue_algorithm_defs.h:13[m[K,
                 from [01m[K/usr/include/c++/11/algorithm:74[m[K,
                 from [01m[K/opt/ros/humble/include/rclcpp/rclcpp/executor.hpp:18[m[K,
                 from [01m[K/opt/ros/humble/include/rclcpp/rclcpp/executors/multi_threaded_executor.hpp:25[m[K,
                 from [01m[K/opt/ros/humble/include/rclcpp/rclcpp/executors.hpp:21[m[K,
                 from [01m[K/opt/ros/humble/include/rclcpp/rclcpp/rclcpp.hpp:155[m[K,
                 from [01m[K/home/readikole/ros2_ws/src/my_cpp_pkg/src/robot_news_station.cpp:1[m[K:
[01m[K/usr/include/c++/11/functional:813:5:[m[K [01;36m[Knote: [m[Kcandidate: ‘[01m[Ktemplate<class _Result, class _Func, class ... _BoundArgs> typename std::_Bindres_helper<_Result, _Func, _BoundArgs>::type std::bind(_Func&&, _BoundArgs&& ...)[m[K’
  813 |     [01;36m[Kbind[m[K(_Func&& __f, _BoundArgs&&... __args)
      |     [01;36m[K^~~~[m[K
[01m[K/usr/include/c++/11/functional:813:5:[m[K [01;36m[Knote: [m[K  template argument deduction/substitution failed:
[01m[K/home/readikole/ros2_ws/src/my_cpp_pkg/src/robot_news_station.cpp:9:83:[m[K [01;36m[Knote: [m[K  candidate expects at least 1 argument, 0 provided
    9 |         timer_ = this->create_wall_timer(std::chrono::milliseconds(500), [01;36m[Kstd::bind()[m[K)
      |                                                                          [01;36m[K~~~~~~~~~^~[m[K
[01m[K/home/readikole/ros2_ws/src/my_cpp_pkg/src/robot_news_station.cpp:12:5:[m[K [01;35m[Kwarning: [m[Kno return statement in function returning non-void [[01;35m[K]8;;https://gcc.gnu.org/onlinedocs/gcc/Warning-Options.html#index-Wreturn-type-Wreturn-type]8;;[m[K]
   12 |     [01;35m[K}[m[K
      |     [01;35m[K^[m[K
[01m[K/home/readikole/ros2_ws/src/my_cpp_pkg/src/robot_news_station.cpp:[m[K In member function ‘[01m[Kvoid RbotNewsStationNode::publishNews()[m[K’:
[01m[K/home/readikole/ros2_ws/src/my_cpp_pkg/src/robot_news_station.cpp:19:9:[m[K [01;31m[Kerror: [m[Kexpected ‘[01m[K;[m[K’ before ‘[01m[Kpublisher_[m[K’
   19 |         [01;31m[Kpublisher_[m[K->publish(msg)
      |         [01;31m[K^~~~~~~~~~[m[K
In file included from [01m[K/usr/include/x86_64-linux-gnu/c++/11/bits/c++allocator.h:33[m[K,
                 from [01m[K/usr/include/c++/11/bits/allocator.h:46[m[K,
                 from [01m[K/usr/include/c++/11/memory:64[m[K,
                 from [01m[K/opt/ros/humble/include/rclcpp/rclcpp/rclcpp.hpp:153[m[K,
                 from [01m[K/home/readikole/ros2_ws/src/my_cpp_pkg/src/robot_news_station.cpp:1[m[K:
/usr/include/c++/11/ext/new_allocator.h: In instantiation of ‘[01m[Kvoid __gnu_cxx::new_allocator<_Tp>::construct(_Up*, _Args&& ...) [with _Up = RbotNewsStationNode; _Args = {}; _Tp = RbotNewsStationNode][m[K’:
[01m[K/usr/include/c++/11/bits/alloc_traits.h:516:17:[m[K   required from ‘[01m[Kstatic void std::allocator_traits<std::allocator<_Tp1> >::construct(std::allocator_traits<std::allocator<_Tp1> >::allocator_type&, _Up*, _Args&& ...) [with _Up = RbotNewsStationNode; _Args = {}; _Tp = RbotNewsStationNode; std::allocator_traits<std::allocator<_Tp1> >::allocator_type = std::allocator<RbotNewsStationNode>][m[K’
[01m[K/usr/include/c++/11/bits/shared_ptr_base.h:519:39:[m[K   required from ‘[01m[Kstd::_Sp_counted_ptr_inplace<_Tp, _Alloc, _Lp>::_Sp_counted_ptr_inplace(_Alloc, _Args&& ...) [with _Args = {}; _Tp = RbotNewsStationNode; _Alloc = std::allocator<RbotNewsStationNode>; __gnu_cxx::_Lock_policy _Lp = __gnu_cxx::_S_atomic][m[K’
[01m[K/usr/include/c++/11/bits/shared_ptr_base.h:650:16:[m[K   required from ‘[01m[Kstd::__shared_count<_Lp>::__shared_count(_Tp*&, std::_Sp_alloc_shared_tag<_Alloc>, _Args&& ...) [with _Tp = RbotNewsStationNode; _Alloc = std::allocator<RbotNewsStationNode>; _Args = {}; __gnu_cxx::_Lock_policy _Lp = __gnu_cxx::_S_atomic][m[K’
[01m[K/usr/include/c++/11/bits/shared_ptr_base.h:1342:14:[m[K   required from ‘[01m[Kstd::__shared_ptr<_Tp, _Lp>::__shared_ptr(std::_Sp_alloc_shared_tag<_Tp>, _Args&& ...) [with _Alloc = std::allocator<RbotNewsStationNode>; _Args = {}; _Tp = RbotNewsStationNode; __gnu_cxx::_Lock_policy _Lp = __gnu_cxx::_S_atomic][m[K’
[01m[K/usr/include/c++/11/bits/shared_ptr.h:409:59:[m[K   required from ‘[01m[Kstd::shared_ptr<_Tp>::shared_ptr(std::_Sp_alloc_shared_tag<_Tp>, _Args&& ...) [with _Alloc = std::allocator<RbotNewsStationNode>; _Args = {}; _Tp = RbotNewsStationNode][m[K’
[01m[K/usr/include/c++/11/bits/shared_ptr.h:862:14:[m[K   required from ‘[01m[Kstd::shared_ptr<_Tp> std::allocate_shared(const _Alloc&, _Args&& ...) [with _Tp = RbotNewsStationNode; _Alloc = std::allocator<RbotNewsStationNode>; _Args = {}][m[K’
[01m[K/usr/include/c++/11/bits/shared_ptr.h:878:39:[m[K   required from ‘[01m[Kstd::shared_ptr<_Tp> std::make_shared(_Args&& ...) [with _Tp = RbotNewsStationNode; _Args = {}][m[K’
[01m[K/home/readikole/ros2_ws/src/my_cpp_pkg/src/robot_news_station.cpp:29:54:[m[K   required from here
[01m[K/usr/include/c++/11/ext/new_allocator.h:162:11:[m[K [01;31m[Kerror: [m[Kuse of deleted function ‘[01m[KRbotNewsStationNode::RbotNewsStationNode()[m[K’
  162 |         { [01;31m[K::new((void *)__p) _Up(std::forward<_Args>(__args)...)[m[K; }
      |           [01;31m[K^~~~~~~~~~~~~~~~~~~~~~~~~~~~~~~~~~~~~~~~~~~~~~~~~~~~~~[m[K
[01m[K/home/readikole/ros2_ws/src/my_cpp_pkg/src/robot_news_station.cpp:3:7:[m[K [01;36m[Knote: [m[K‘[01m[KRbotNewsStationNode::RbotNewsStationNode()[m[K’ is implicitly deleted because the default definition would be ill-formed:
    3 | class [01;36m[KRbotNewsStationNode[m[K : public rclcpp::Node // MODIFY NAME
      |       [01;36m[K^~~~~~~~~~~~~~~~~~~[m[K
[01m[K/home/readikole/ros2_ws/src/my_cpp_pkg/src/robot_news_station.cpp:3:7:[m[K [01;31m[Kerror: [m[Kno matching function for call to ‘[01m[Krclcpp::Node::Node()[m[K’
In file included from [01m[K/opt/ros/humble/include/rclcpp/rclcpp/executors/single_threaded_executor.hpp:28[m[K,
                 from [01m[K/opt/ros/humble/include/rclcpp/rclcpp/executors.hpp:22[m[K,
                 from [01m[K/opt/ros/humble/include/rclcpp/rclcpp/rclcpp.hpp:155[m[K,
                 from [01m[K/home/readikole/ros2_ws/src/my_cpp_pkg/src/robot_news_station.cpp:1[m[K:
[01m[K/opt/ros/humble/include/rclcpp/rclcpp/node.hpp:1294:3:[m[K [01;36m[Knote: [m[Kcandidate: ‘[01m[Krclcpp::Node::Node(const rclcpp::Node&, const string&)[m[K’
 1294 |   [01;36m[KNode[m[K(
      |   [01;36m[K^~~~[m[K
[01m[K/opt/ros/humble/include/rclcpp/rclcpp/node.hpp:1294:3:[m[K [01;36m[Knote: [m[K  candidate expects 2 arguments, 0 provided
[01m[K/opt/ros/humble/include/rclcpp/rclcpp/node.hpp:101:12:[m[K [01;36m[Knote: [m[Kcandidate: ‘[01m[Krclcpp::Node::Node(const string&, const string&, const rclcpp::NodeOptions&)[m[K’
  101 |   explicit [01;36m[KNode[m[K(
      |            [01;36m[K^~~~[m[K
[01m[K/opt/ros/humble/include/rclcpp/rclcpp/node.hpp:101:12:[m[K [01;36m[Knote: [m[K  candidate expects 3 arguments, 0 provided
[01m[K/opt/ros/humble/include/rclcpp/rclcpp/node.hpp:89:12:[m[K [01;36m[Knote: [m[Kcandidate: ‘[01m[Krclcpp::Node::Node(const string&, const rclcpp::NodeOptions&)[m[K’
   89 |   explicit [01;36m[KNode[m[K(
      |            [01;36m[K^~~~[m[K
[01m[K/opt/ros/humble/include/rclcpp/rclcpp/node.hpp:89:12:[m[K [01;36m[Knote: [m[K  candidate expects 2 arguments, 0 provided
gmake[2]: *** [CMakeFiles/robot_news_station.dir/build.make:76: CMakeFiles/robot_news_station.dir/src/robot_news_station.cpp.o] Error 1
gmake[1]: *** [CMakeFiles/Makefile2:165: CMakeFiles/robot_news_station.dir/all] Error 2
gmake: *** [Makefile:146: all] Error 2
