[1.312s] Invoking command in '/home/readikole/ros2_ws/build/my_py_pkg': PYTHONPATH=/home/readikole/ros2_ws/build/my_py_pkg/prefix_override:/home/readikole/ros2_ws/install/my_py_pkg/lib/python3.10/site-packages:${PYTHONPATH} /usr/bin/python3 setup.py develop --editable --build-directory /home/readikole/ros2_ws/build/my_py_pkg/build --no-deps install_data
[1.860s] running develop
[1.861s] /home/readikole/.local/lib/python3.10/site-packages/setuptools/command/develop.py:40: EasyInstallDeprecationWarning: easy_install command is deprecated.
[1.861s] !!
[1.861s] 
[1.861s]         ********************************************************************************
[1.861s]         Please avoid running ``setup.py`` and ``easy_install``.
[1.861s]         Instead, use pypa/build, pypa/installer or other
[1.861s]         standards-based tools.
[1.861s] 
[1.861s]         See https://github.com/pypa/setuptools/issues/917 for details.
[1.862s]         ********************************************************************************
[1.862s] 
[1.862s] !!
[1.862s]   easy_install.initialize_options(self)
[1.921s] /home/readikole/.local/lib/python3.10/site-packages/setuptools/_distutils/cmd.py:66: SetuptoolsDeprecationWarning: setup.py install is deprecated.
[1.921s] !!
[1.921s] 
[1.921s]         ********************************************************************************
[1.921s]         Please avoid running ``setup.py`` directly.
[1.921s]         Instead, use pypa/build, pypa/installer or other
[1.921s]         standards-based tools.
[1.921s] 
[1.921s]         See https://blog.ganssle.io/articles/2021/10/setup-py-deprecated.html for details.
[1.922s]         ********************************************************************************
[1.922s] 
[1.922s] !!
[1.922s]   self.initialize_options()
[2.271s] running egg_info
[2.303s] writing my_py_pkg.egg-info/PKG-INFO
[2.304s] writing dependency_links to my_py_pkg.egg-info/dependency_links.txt
[2.304s] writing entry points to my_py_pkg.egg-info/entry_points.txt
[2.304s] writing requirements to my_py_pkg.egg-info/requires.txt
[2.304s] writing top-level names to my_py_pkg.egg-info/top_level.txt
[2.357s] reading manifest file 'my_py_pkg.egg-info/SOURCES.txt'
[2.358s] writing manifest file 'my_py_pkg.egg-info/SOURCES.txt'
[2.385s] running build_ext
[2.385s] Creating /home/readikole/ros2_ws/install/my_py_pkg/lib/python3.10/site-packages/my-py-pkg.egg-link (link to .)
[2.386s] Installing py_node script to /home/readikole/ros2_ws/install/my_py_pkg/lib/my_py_pkg
[2.387s] 
[2.387s] Installed /home/readikole/ros2_ws/build/my_py_pkg
[2.387s] running install_data
[2.428s] Invoked command in '/home/readikole/ros2_ws/build/my_py_pkg' returned '0': PYTHONPATH=/home/readikole/ros2_ws/build/my_py_pkg/prefix_override:/home/readikole/ros2_ws/install/my_py_pkg/lib/python3.10/site-packages:${PYTHONPATH} /usr/bin/python3 setup.py develop --editable --build-directory /home/readikole/ros2_ws/build/my_py_pkg/build --no-deps install_data
