[1.220s] Invoking command in '/home/readikole/ros2_ws/build/my_py_pkg': PYTHONPATH=/home/readikole/ros2_ws/build/my_py_pkg/prefix_override:/home/readikole/ros2_ws/install/my_py_pkg/lib/python3.10/site-packages:${PYTHONPATH} /usr/bin/python3 setup.py develop --editable --build-directory /home/readikole/ros2_ws/build/my_py_pkg/build --no-deps install_data
[1.812s] running develop
[1.812s] /home/readikole/.local/lib/python3.10/site-packages/setuptools/command/develop.py:40: EasyInstallDeprecationWarning: easy_install command is deprecated.
[1.812s] !!
[1.812s] 
[1.812s]         ********************************************************************************
[1.812s]         Please avoid running ``setup.py`` and ``easy_install``.
[1.812s]         Instead, use pypa/build, pypa/installer or other
[1.813s]         standards-based tools.
[1.813s] 
[1.813s]         See https://github.com/pypa/setuptools/issues/917 for details.
[1.813s]         ********************************************************************************
[1.813s] 
[1.813s] !!
[1.813s]   easy_install.initialize_options(self)
[1.865s] /home/readikole/.local/lib/python3.10/site-packages/setuptools/_distutils/cmd.py:66: SetuptoolsDeprecationWarning: setup.py install is deprecated.
[1.865s] !!
[1.866s] 
[1.866s]         ********************************************************************************
[1.866s]         Please avoid running ``setup.py`` directly.
[1.866s]         Instead, use pypa/build, pypa/installer or other
[1.866s]         standards-based tools.
[1.866s] 
[1.866s]         See https://blog.ganssle.io/articles/2021/10/setup-py-deprecated.html for details.
[1.866s]         ********************************************************************************
[1.867s] 
[1.867s] !!
[1.867s]   self.initialize_options()
[2.217s] running egg_info
[2.253s] writing my_py_pkg.egg-info/PKG-INFO
[2.254s] writing dependency_links to my_py_pkg.egg-info/dependency_links.txt
[2.254s] writing entry points to my_py_pkg.egg-info/entry_points.txt
[2.254s] writing requirements to my_py_pkg.egg-info/requires.txt
[2.255s] writing top-level names to my_py_pkg.egg-info/top_level.txt
[2.311s] reading manifest file 'my_py_pkg.egg-info/SOURCES.txt'
[2.312s] writing manifest file 'my_py_pkg.egg-info/SOURCES.txt'
[2.347s] running build_ext
[2.347s] Creating /home/readikole/ros2_ws/install/my_py_pkg/lib/python3.10/site-packages/my-py-pkg.egg-link (link to .)
[2.348s] Installing py_node script to /home/readikole/ros2_ws/install/my_py_pkg/lib/my_py_pkg
[2.349s] 
[2.349s] Installed /home/readikole/ros2_ws/build/my_py_pkg
[2.349s] running install_data
[2.385s] Invoked command in '/home/readikole/ros2_ws/build/my_py_pkg' returned '0': PYTHONPATH=/home/readikole/ros2_ws/build/my_py_pkg/prefix_override:/home/readikole/ros2_ws/install/my_py_pkg/lib/python3.10/site-packages:${PYTHONPATH} /usr/bin/python3 setup.py develop --editable --build-directory /home/readikole/ros2_ws/build/my_py_pkg/build --no-deps install_data
