[0.027s] Invoking command in '/home/readikole/ros2_ws/build/my_cpp_pkg': CMAKE_PREFIX_PATH=${CMAKE_PREFIX_PATH}:/opt/ros/humble /home/readikole/.local/bin/cmake /home/readikole/ros2_ws/src/my_cpp_pkg -DCMAKE_INSTALL_PREFIX=/home/readikole/ros2_ws/install/my_cpp_pkg
[0.083s] -- Found ament_cmake: 1.3.5 (/opt/ros/humble/share/ament_cmake/cmake)
[0.237s] -- Override CMake install command with custom implementation using symlinks instead of copying resources
[0.249s] -- Found rclcpp: 16.0.4 (/opt/ros/humble/share/rclcpp/cmake)
[0.297s] -- Found rosidl_generator_c: 3.1.4 (/opt/ros/humble/share/rosidl_generator_c/cmake)
[0.302s] -- Found rosidl_adapter: 3.1.4 (/opt/ros/humble/share/rosidl_adapter/cmake)
[0.313s] -- Found rosidl_generator_cpp: 3.1.4 (/opt/ros/humble/share/rosidl_generator_cpp/cmake)
[0.342s] -- Using all available rosidl_typesupport_c: rosidl_typesupport_fastrtps_c;rosidl_typesupport_introspection_c
[0.372s] -- Using all available rosidl_typesupport_cpp: rosidl_typesupport_fastrtps_cpp;rosidl_typesupport_introspection_cpp
[0.482s] -- Found rmw_implementation_cmake: 6.1.1 (/opt/ros/humble/share/rmw_implementation_cmake/cmake)
[0.484s] -- Found rmw_fastrtps_cpp: 6.2.2 (/opt/ros/humble/share/rmw_fastrtps_cpp/cmake)
[0.674s] -- Using RMW implementation 'rmw_fastrtps_cpp' as default
[0.973s] -- Found ament_lint_auto: 0.12.6 (/opt/ros/humble/share/ament_lint_auto/cmake)
[1.072s] -- Added test 'cppcheck' to perform static code analysis on C / C++ code
[1.072s] -- Configured cppcheck include dirs: 
[1.073s] -- Configured cppcheck exclude dirs and/or files: 
[1.073s] -- Added test 'lint_cmake' to check CMake code style
[1.074s] -- Added test 'uncrustify' to check C / C++ code style
[1.075s] -- Configured uncrustify additional arguments: 
[1.075s] -- Added test 'xmllint' to check XML markup files
[1.077s] -- Configuring done (1.0s)
[1.082s] -- Generating done (0.0s)
[1.085s] -- Build files have been written to: /home/readikole/ros2_ws/build/my_cpp_pkg
[1.099s] Invoked command in '/home/readikole/ros2_ws/build/my_cpp_pkg' returned '0': CMAKE_PREFIX_PATH=${CMAKE_PREFIX_PATH}:/opt/ros/humble /home/readikole/.local/bin/cmake /home/readikole/ros2_ws/src/my_cpp_pkg -DCMAKE_INSTALL_PREFIX=/home/readikole/ros2_ws/install/my_cpp_pkg
[1.104s] Invoking command in '/home/readikole/ros2_ws/build/my_cpp_pkg': CMAKE_PREFIX_PATH=${CMAKE_PREFIX_PATH}:/opt/ros/humble /home/readikole/.local/bin/cmake --build /home/readikole/ros2_ws/build/my_cpp_pkg -- -j12 -l12
[1.166s] Invoked command in '/home/readikole/ros2_ws/build/my_cpp_pkg' returned '0': CMAKE_PREFIX_PATH=${CMAKE_PREFIX_PATH}:/opt/ros/humble /home/readikole/.local/bin/cmake --build /home/readikole/ros2_ws/build/my_cpp_pkg -- -j12 -l12
[1.265s] Invoking command in '/home/readikole/ros2_ws/build/my_cpp_pkg': CMAKE_PREFIX_PATH=${CMAKE_PREFIX_PATH}:/opt/ros/humble /home/readikole/.local/bin/cmake --install /home/readikole/ros2_ws/build/my_cpp_pkg
[1.300s] -- Install configuration: ""
[1.300s] -- Execute custom install script
[1.301s] -- Up-to-date symlink: /home/readikole/ros2_ws/install/my_cpp_pkg/share/ament_index/resource_index/package_run_dependencies/my_cpp_pkg
[1.301s] -- Up-to-date symlink: /home/readikole/ros2_ws/install/my_cpp_pkg/share/ament_index/resource_index/parent_prefix_path/my_cpp_pkg
[1.301s] -- Up-to-date symlink: /home/readikole/ros2_ws/install/my_cpp_pkg/share/my_cpp_pkg/environment/ament_prefix_path.sh
[1.301s] -- Up-to-date symlink: /home/readikole/ros2_ws/install/my_cpp_pkg/share/my_cpp_pkg/environment/ament_prefix_path.dsv
[1.302s] -- Up-to-date symlink: /home/readikole/ros2_ws/install/my_cpp_pkg/share/my_cpp_pkg/environment/path.sh
[1.302s] -- Up-to-date symlink: /home/readikole/ros2_ws/install/my_cpp_pkg/share/my_cpp_pkg/environment/path.dsv
[1.302s] -- Up-to-date symlink: /home/readikole/ros2_ws/install/my_cpp_pkg/share/my_cpp_pkg/local_setup.bash
[1.302s] -- Up-to-date symlink: /home/readikole/ros2_ws/install/my_cpp_pkg/share/my_cpp_pkg/local_setup.sh
[1.302s] -- Up-to-date symlink: /home/readikole/ros2_ws/install/my_cpp_pkg/share/my_cpp_pkg/local_setup.zsh
[1.303s] -- Up-to-date symlink: /home/readikole/ros2_ws/install/my_cpp_pkg/share/my_cpp_pkg/local_setup.dsv
[1.303s] -- Symlinking: /home/readikole/ros2_ws/install/my_cpp_pkg/share/my_cpp_pkg/package.dsv
[1.307s] -- Up-to-date symlink: /home/readikole/ros2_ws/install/my_cpp_pkg/share/ament_index/resource_index/packages/my_cpp_pkg
[1.308s] -- Up-to-date symlink: /home/readikole/ros2_ws/install/my_cpp_pkg/share/my_cpp_pkg/cmake/my_cpp_pkgConfig.cmake
[1.308s] -- Up-to-date symlink: /home/readikole/ros2_ws/install/my_cpp_pkg/share/my_cpp_pkg/cmake/my_cpp_pkgConfig-version.cmake
[1.309s] -- Up-to-date symlink: /home/readikole/ros2_ws/install/my_cpp_pkg/share/my_cpp_pkg/package.xml
[1.318s] Invoked command in '/home/readikole/ros2_ws/build/my_cpp_pkg' returned '0': CMAKE_PREFIX_PATH=${CMAKE_PREFIX_PATH}:/opt/ros/humble /home/readikole/.local/bin/cmake --install /home/readikole/ros2_ws/build/my_cpp_pkg
