[1.347s] Invoking command in '/home/readikole/ros2_ws/build/my_py_pkg': PYTHONPATH=/home/readikole/ros2_ws/build/my_py_pkg/prefix_override:/home/readikole/ros2_ws/install/my_py_pkg/lib/python3.10/site-packages:${PYTHONPATH} /usr/bin/python3 setup.py develop --editable --build-directory /home/readikole/ros2_ws/build/my_py_pkg/build --no-deps install_data
[1.919s] running develop
[1.919s] /home/readikole/.local/lib/python3.10/site-packages/setuptools/command/develop.py:40: EasyInstallDeprecationWarning: easy_install command is deprecated.
[1.920s] !!
[1.920s] 
[1.920s]         ********************************************************************************
[1.920s]         Please avoid running ``setup.py`` and ``easy_install``.
[1.920s]         Instead, use pypa/build, pypa/installer or other
[1.920s]         standards-based tools.
[1.920s] 
[1.920s]         See https://github.com/pypa/setuptools/issues/917 for details.
[1.920s]         ********************************************************************************
[1.920s] 
[1.921s] !!
[1.921s]   easy_install.initialize_options(self)
[1.973s] /home/readikole/.local/lib/python3.10/site-packages/setuptools/_distutils/cmd.py:66: SetuptoolsDeprecationWarning: setup.py install is deprecated.
[1.973s] !!
[1.974s] 
[1.974s]         ********************************************************************************
[1.974s]         Please avoid running ``setup.py`` directly.
[1.974s]         Instead, use pypa/build, pypa/installer or other
[1.974s]         standards-based tools.
[1.974s] 
[1.974s]         See https://blog.ganssle.io/articles/2021/10/setup-py-deprecated.html for details.
[1.974s]         ********************************************************************************
[1.974s] 
[1.975s] !!
[1.975s]   self.initialize_options()
[2.345s] running egg_info
[2.371s] writing my_py_pkg.egg-info/PKG-INFO
[2.371s] writing dependency_links to my_py_pkg.egg-info/dependency_links.txt
[2.371s] writing entry points to my_py_pkg.egg-info/entry_points.txt
[2.371s] writing requirements to my_py_pkg.egg-info/requires.txt
[2.372s] writing top-level names to my_py_pkg.egg-info/top_level.txt
[2.433s] reading manifest file 'my_py_pkg.egg-info/SOURCES.txt'
[2.434s] writing manifest file 'my_py_pkg.egg-info/SOURCES.txt'
[2.462s] running build_ext
[2.462s] Creating /home/readikole/ros2_ws/install/my_py_pkg/lib/python3.10/site-packages/my-py-pkg.egg-link (link to .)
[2.463s] Installing py_node script to /home/readikole/ros2_ws/install/my_py_pkg/lib/my_py_pkg
[2.464s] 
[2.464s] Installed /home/readikole/ros2_ws/build/my_py_pkg
[2.464s] running install_data
[2.507s] Invoked command in '/home/readikole/ros2_ws/build/my_py_pkg' returned '0': PYTHONPATH=/home/readikole/ros2_ws/build/my_py_pkg/prefix_override:/home/readikole/ros2_ws/install/my_py_pkg/lib/python3.10/site-packages:${PYTHONPATH} /usr/bin/python3 setup.py develop --editable --build-directory /home/readikole/ros2_ws/build/my_py_pkg/build --no-deps install_data
