[0.034s] Invoking command in '/home/readikole/ros2_ws/build/my_cpp_pkg': CMAKE_PREFIX_PATH=${CMAKE_PREFIX_PATH}:/opt/ros/humble /home/readikole/.local/bin/cmake --build /home/readikole/ros2_ws/build/my_cpp_pkg -- -j12 -l12
[0.105s] [100%] Built target cpp_node
[0.116s] Invoked command in '/home/readikole/ros2_ws/build/my_cpp_pkg' returned '0': CMAKE_PREFIX_PATH=${CMAKE_PREFIX_PATH}:/opt/ros/humble /home/readikole/.local/bin/cmake --build /home/readikole/ros2_ws/build/my_cpp_pkg -- -j12 -l12
[0.217s] Invoking command in '/home/readikole/ros2_ws/build/my_cpp_pkg': CMAKE_PREFIX_PATH=${CMAKE_PREFIX_PATH}:/opt/ros/humble /home/readikole/.local/bin/cmake --install /home/readikole/ros2_ws/build/my_cpp_pkg
[0.257s] -- Install configuration: ""
[0.257s] -- Execute custom install script
[0.257s] -- Up-to-date symlink: /home/readikole/ros2_ws/install/my_cpp_pkg/lib/my_cpp_pkg/cpp_node
[0.258s] -- Up-to-date symlink: /home/readikole/ros2_ws/install/my_cpp_pkg/share/ament_index/resource_index/package_run_dependencies/my_cpp_pkg
[0.258s] -- Up-to-date symlink: /home/readikole/ros2_ws/install/my_cpp_pkg/share/ament_index/resource_index/parent_prefix_path/my_cpp_pkg
[0.259s] -- Up-to-date symlink: /home/readikole/ros2_ws/install/my_cpp_pkg/share/my_cpp_pkg/environment/ament_prefix_path.sh
[0.259s] -- Up-to-date symlink: /home/readikole/ros2_ws/install/my_cpp_pkg/share/my_cpp_pkg/environment/ament_prefix_path.dsv
[0.259s] -- Up-to-date symlink: /home/readikole/ros2_ws/install/my_cpp_pkg/share/my_cpp_pkg/environment/path.sh
[0.259s] -- Up-to-date symlink: /home/readikole/ros2_ws/install/my_cpp_pkg/share/my_cpp_pkg/environment/path.dsv
[0.259s] -- Up-to-date symlink: /home/readikole/ros2_ws/install/my_cpp_pkg/share/my_cpp_pkg/local_setup.bash
[0.260s] -- Up-to-date symlink: /home/readikole/ros2_ws/install/my_cpp_pkg/share/my_cpp_pkg/local_setup.sh
[0.260s] -- Up-to-date symlink: /home/readikole/ros2_ws/install/my_cpp_pkg/share/my_cpp_pkg/local_setup.zsh
[0.260s] -- Up-to-date symlink: /home/readikole/ros2_ws/install/my_cpp_pkg/share/my_cpp_pkg/local_setup.dsv
[0.260s] -- Symlinking: /home/readikole/ros2_ws/install/my_cpp_pkg/share/my_cpp_pkg/package.dsv
[0.263s] -- Up-to-date symlink: /home/readikole/ros2_ws/install/my_cpp_pkg/share/ament_index/resource_index/packages/my_cpp_pkg
[0.264s] -- Up-to-date symlink: /home/readikole/ros2_ws/install/my_cpp_pkg/share/my_cpp_pkg/cmake/my_cpp_pkgConfig.cmake
[0.264s] -- Up-to-date symlink: /home/readikole/ros2_ws/install/my_cpp_pkg/share/my_cpp_pkg/cmake/my_cpp_pkgConfig-version.cmake
[0.264s] -- Up-to-date symlink: /home/readikole/ros2_ws/install/my_cpp_pkg/share/my_cpp_pkg/package.xml
[0.271s] Invoked command in '/home/readikole/ros2_ws/build/my_cpp_pkg' returned '0': CMAKE_PREFIX_PATH=${CMAKE_PREFIX_PATH}:/opt/ros/humble /home/readikole/.local/bin/cmake --install /home/readikole/ros2_ws/build/my_cpp_pkg
