[1.246s] Invoking command in '/home/readikole/ros2_ws/src/my_py_pkg': PYTHONPATH=/home/readikole/ros2_ws/build/my_py_pkg/prefix_override:/home/readikole/ros2_ws/install/my_py_pkg/lib/python3.10/site-packages:${PYTHONPATH} /usr/bin/python3 setup.py egg_info --egg-base ../../build/my_py_pkg build --build-base /home/readikole/ros2_ws/build/my_py_pkg/build install --record /home/readikole/ros2_ws/build/my_py_pkg/install.log --single-version-externally-managed
[1.602s] running egg_info
[1.636s] writing ../../build/my_py_pkg/my_py_pkg.egg-info/PKG-INFO
[1.636s] writing dependency_links to ../../build/my_py_pkg/my_py_pkg.egg-info/dependency_links.txt
[1.636s] writing entry points to ../../build/my_py_pkg/my_py_pkg.egg-info/entry_points.txt
[1.636s] writing requirements to ../../build/my_py_pkg/my_py_pkg.egg-info/requires.txt
[1.637s] writing top-level names to ../../build/my_py_pkg/my_py_pkg.egg-info/top_level.txt
[1.690s] reading manifest file '../../build/my_py_pkg/my_py_pkg.egg-info/SOURCES.txt'
[1.691s] writing manifest file '../../build/my_py_pkg/my_py_pkg.egg-info/SOURCES.txt'
[1.691s] running build
[1.691s] running build_py
[1.691s] running install
[1.692s] /home/readikole/.local/lib/python3.10/site-packages/setuptools/_distutils/cmd.py:66: SetuptoolsDeprecationWarning: setup.py install is deprecated.
[1.692s] !!
[1.692s] 
[1.692s]         ********************************************************************************
[1.692s]         Please avoid running ``setup.py`` directly.
[1.692s]         Instead, use pypa/build, pypa/installer or other
[1.693s]         standards-based tools.
[1.693s] 
[1.693s]         See https://blog.ganssle.io/articles/2021/10/setup-py-deprecated.html for details.
[1.693s]         ********************************************************************************
[1.693s] 
[1.693s] !!
[1.693s]   self.initialize_options()
[1.698s] running install_lib
[1.732s] running install_data
[1.759s] running install_egg_info
[1.788s] removing '/home/readikole/ros2_ws/install/my_py_pkg/lib/python3.10/site-packages/my_py_pkg-0.0.0-py3.10.egg-info' (and everything under it)
[1.789s] Copying ../../build/my_py_pkg/my_py_pkg.egg-info to /home/readikole/ros2_ws/install/my_py_pkg/lib/python3.10/site-packages/my_py_pkg-0.0.0-py3.10.egg-info
[1.790s] running install_scripts
[2.106s] Installing py_node script to /home/readikole/ros2_ws/install/my_py_pkg/lib/my_py_pkg
[2.107s] writing list of installed files to '/home/readikole/ros2_ws/build/my_py_pkg/install.log'
[2.143s] Invoked command in '/home/readikole/ros2_ws/src/my_py_pkg' returned '0': PYTHONPATH=/home/readikole/ros2_ws/build/my_py_pkg/prefix_override:/home/readikole/ros2_ws/install/my_py_pkg/lib/python3.10/site-packages:${PYTHONPATH} /usr/bin/python3 setup.py egg_info --egg-base ../../build/my_py_pkg build --build-base /home/readikole/ros2_ws/build/my_py_pkg/build install --record /home/readikole/ros2_ws/build/my_py_pkg/install.log --single-version-externally-managed
