[0.028s] Invoking command in '/home/readikole/ros2_ws/build/my_cpp_pkg': CMAKE_PREFIX_PATH=${CMAKE_PREFIX_PATH}:/home/readikole/ros2_ws/install/my_py_pkg:/opt/ros/humble /home/readikole/.local/bin/cmake --build /home/readikole/ros2_ws/build/my_cpp_pkg -- -j12 -l12
[0.084s] -- Found ament_cmake: 1.3.5 (/opt/ros/humble/share/ament_cmake/cmake)
[0.218s] -- Override CMake install command with custom implementation using symlinks instead of copying resources
[0.230s] -- Found rclcpp: 16.0.4 (/opt/ros/humble/share/rclcpp/cmake)
[0.283s] -- Found rosidl_generator_c: 3.1.4 (/opt/ros/humble/share/rosidl_generator_c/cmake)
[0.289s] -- Found rosidl_adapter: 3.1.4 (/opt/ros/humble/share/rosidl_adapter/cmake)
[0.302s] -- Found rosidl_generator_cpp: 3.1.4 (/opt/ros/humble/share/rosidl_generator_cpp/cmake)
[0.327s] -- Using all available rosidl_typesupport_c: rosidl_typesupport_fastrtps_c;rosidl_typesupport_introspection_c
[0.363s] -- Using all available rosidl_typesupport_cpp: rosidl_typesupport_fastrtps_cpp;rosidl_typesupport_introspection_cpp
[0.465s] -- Found rmw_implementation_cmake: 6.1.1 (/opt/ros/humble/share/rmw_implementation_cmake/cmake)
[0.468s] -- Found rmw_fastrtps_cpp: 6.2.2 (/opt/ros/humble/share/rmw_fastrtps_cpp/cmake)
[0.642s] -- Using RMW implementation 'rmw_fastrtps_cpp' as default
[0.915s] -- Found example_interfaces: 0.9.3 (/opt/ros/humble/share/example_interfaces/cmake)
[1.147s] -- Found ament_lint_auto: 0.12.6 (/opt/ros/humble/share/ament_lint_auto/cmake)
[1.241s] -- Added test 'cppcheck' to perform static code analysis on C / C++ code
[1.241s] -- Configured cppcheck include dirs: 
[1.242s] -- Configured cppcheck exclude dirs and/or files: 
[1.242s] -- Added test 'lint_cmake' to check CMake code style
[1.244s] -- Added test 'uncrustify' to check C / C++ code style
[1.244s] -- Configured uncrustify additional arguments: 
[1.244s] -- Added test 'xmllint' to check XML markup files
[1.246s] -- Configuring done (1.2s)
[1.267s] -- Generating done (0.0s)
[1.270s] -- Build files have been written to: /home/readikole/ros2_ws/build/my_cpp_pkg
[1.308s] [ 50%] Built target cpp_node
[1.311s] [100%] Built target robot_news_station
[1.320s] Invoked command in '/home/readikole/ros2_ws/build/my_cpp_pkg' returned '0': CMAKE_PREFIX_PATH=${CMAKE_PREFIX_PATH}:/home/readikole/ros2_ws/install/my_py_pkg:/opt/ros/humble /home/readikole/.local/bin/cmake --build /home/readikole/ros2_ws/build/my_cpp_pkg -- -j12 -l12
[1.426s] Invoking command in '/home/readikole/ros2_ws/build/my_cpp_pkg': CMAKE_PREFIX_PATH=${CMAKE_PREFIX_PATH}:/home/readikole/ros2_ws/install/my_py_pkg:/opt/ros/humble /home/readikole/.local/bin/cmake --install /home/readikole/ros2_ws/build/my_cpp_pkg
[1.465s] -- Install configuration: ""
[1.466s] -- Execute custom install script
[1.467s] -- Up-to-date symlink: /home/readikole/ros2_ws/install/my_cpp_pkg/lib/my_cpp_pkg/cpp_node
[1.467s] -- Up-to-date symlink: /home/readikole/ros2_ws/install/my_cpp_pkg/lib/my_cpp_pkg/robot_news_station
[1.467s] -- Up-to-date symlink: /home/readikole/ros2_ws/install/my_cpp_pkg/share/ament_index/resource_index/package_run_dependencies/my_cpp_pkg
[1.468s] -- Up-to-date symlink: /home/readikole/ros2_ws/install/my_cpp_pkg/share/ament_index/resource_index/parent_prefix_path/my_cpp_pkg
[1.468s] -- Up-to-date symlink: /home/readikole/ros2_ws/install/my_cpp_pkg/share/my_cpp_pkg/environment/ament_prefix_path.sh
[1.468s] -- Up-to-date symlink: /home/readikole/ros2_ws/install/my_cpp_pkg/share/my_cpp_pkg/environment/ament_prefix_path.dsv
[1.468s] -- Up-to-date symlink: /home/readikole/ros2_ws/install/my_cpp_pkg/share/my_cpp_pkg/environment/path.sh
[1.469s] -- Up-to-date symlink: /home/readikole/ros2_ws/install/my_cpp_pkg/share/my_cpp_pkg/environment/path.dsv
[1.469s] -- Up-to-date symlink: /home/readikole/ros2_ws/install/my_cpp_pkg/share/my_cpp_pkg/local_setup.bash
[1.469s] -- Up-to-date symlink: /home/readikole/ros2_ws/install/my_cpp_pkg/share/my_cpp_pkg/local_setup.sh
[1.470s] -- Up-to-date symlink: /home/readikole/ros2_ws/install/my_cpp_pkg/share/my_cpp_pkg/local_setup.zsh
[1.470s] -- Up-to-date symlink: /home/readikole/ros2_ws/install/my_cpp_pkg/share/my_cpp_pkg/local_setup.dsv
[1.470s] -- Symlinking: /home/readikole/ros2_ws/install/my_cpp_pkg/share/my_cpp_pkg/package.dsv
[1.474s] -- Up-to-date symlink: /home/readikole/ros2_ws/install/my_cpp_pkg/share/ament_index/resource_index/packages/my_cpp_pkg
[1.474s] -- Up-to-date symlink: /home/readikole/ros2_ws/install/my_cpp_pkg/share/my_cpp_pkg/cmake/my_cpp_pkgConfig.cmake
[1.474s] -- Up-to-date symlink: /home/readikole/ros2_ws/install/my_cpp_pkg/share/my_cpp_pkg/cmake/my_cpp_pkgConfig-version.cmake
[1.475s] -- Up-to-date symlink: /home/readikole/ros2_ws/install/my_cpp_pkg/share/my_cpp_pkg/package.xml
[1.483s] Invoked command in '/home/readikole/ros2_ws/build/my_cpp_pkg' returned '0': CMAKE_PREFIX_PATH=${CMAKE_PREFIX_PATH}:/home/readikole/ros2_ws/install/my_py_pkg:/opt/ros/humble /home/readikole/.local/bin/cmake --install /home/readikole/ros2_ws/build/my_cpp_pkg
