[0.018s] Invoking command in '/home/readikole/ros2_ws/src/build/my_cpp_pkg': CMAKE_PREFIX_PATH=/opt/ros/humble /home/readikole/.local/bin/cmake /home/readikole/ros2_ws/src/my_cpp_pkg -DCMAKE_INSTALL_PREFIX=/home/readikole/ros2_ws/src/install/my_cpp_pkg
[0.106s] -- The C compiler identification is GNU 11.3.0
[0.173s] -- The CXX compiler identification is GNU 11.3.0
[0.186s] -- Detecting C compiler ABI info
[0.248s] -- Detecting C compiler ABI info - done
[0.263s] -- Check for working C compiler: /usr/bin/cc - skipped
[0.263s] -- Detecting C compile features
[0.264s] -- Detecting C compile features - done
[0.269s] -- Detecting CXX compiler ABI info
[0.350s] -- Detecting CXX compiler ABI info - done
[0.367s] -- Check for working CXX compiler: /usr/bin/c++ - skipped
[0.367s] -- Detecting CXX compile features
[0.368s] -- Detecting CXX compile features - done
[0.371s] -- Found ament_cmake: 1.3.5 (/opt/ros/humble/share/ament_cmake/cmake)
[1.085s] -- Found Python3: /usr/bin/python3.10 (found version "3.10.6") found components: Interpreter 
[1.200s] -- Found rclcpp: 16.0.4 (/opt/ros/humble/share/rclcpp/cmake)
[1.269s] -- Found rosidl_generator_c: 3.1.4 (/opt/ros/humble/share/rosidl_generator_c/cmake)
[1.277s] -- Found rosidl_adapter: 3.1.4 (/opt/ros/humble/share/rosidl_adapter/cmake)
[1.290s] -- Found rosidl_generator_cpp: 3.1.4 (/opt/ros/humble/share/rosidl_generator_cpp/cmake)
[1.314s] -- Using all available rosidl_typesupport_c: rosidl_typesupport_fastrtps_c;rosidl_typesupport_introspection_c
[1.351s] -- Using all available rosidl_typesupport_cpp: rosidl_typesupport_fastrtps_cpp;rosidl_typesupport_introspection_cpp
[1.469s] -- Found rmw_implementation_cmake: 6.1.1 (/opt/ros/humble/share/rmw_implementation_cmake/cmake)
[1.472s] -- Found rmw_fastrtps_cpp: 6.2.2 (/opt/ros/humble/share/rmw_fastrtps_cpp/cmake)
[1.606s] -- Found OpenSSL: /usr/lib/x86_64-linux-gnu/libcrypto.so (found version "3.0.2")  
[1.642s] -- Found FastRTPS: /opt/ros/humble/include  
[1.710s] -- Using RMW implementation 'rmw_fastrtps_cpp' as default
[1.723s] -- Performing Test CMAKE_HAVE_LIBC_PTHREAD
[1.795s] -- Performing Test CMAKE_HAVE_LIBC_PTHREAD - Success
[1.796s] -- Found Threads: TRUE  
[2.094s] -- Found ament_lint_auto: 0.12.6 (/opt/ros/humble/share/ament_lint_auto/cmake)
[2.189s] -- Added test 'cppcheck' to perform static code analysis on C / C++ code
[2.190s] -- Configured cppcheck include dirs: 
[2.190s] -- Configured cppcheck exclude dirs and/or files: 
[2.191s] -- Added test 'lint_cmake' to check CMake code style
[2.192s] -- Added test 'uncrustify' to check C / C++ code style
[2.192s] -- Configured uncrustify additional arguments: 
[2.193s] -- Added test 'xmllint' to check XML markup files
[2.194s] -- Configuring done (2.1s)
[2.206s] -- Generating done (0.0s)
[2.209s] -- Build files have been written to: /home/readikole/ros2_ws/src/build/my_cpp_pkg
[2.225s] Invoked command in '/home/readikole/ros2_ws/src/build/my_cpp_pkg' returned '0': CMAKE_PREFIX_PATH=/opt/ros/humble /home/readikole/.local/bin/cmake /home/readikole/ros2_ws/src/my_cpp_pkg -DCMAKE_INSTALL_PREFIX=/home/readikole/ros2_ws/src/install/my_cpp_pkg
[2.229s] Invoking command in '/home/readikole/ros2_ws/src/build/my_cpp_pkg': CMAKE_PREFIX_PATH=/opt/ros/humble /home/readikole/.local/bin/cmake --build /home/readikole/ros2_ws/src/build/my_cpp_pkg -- -j12 -l12
[2.291s] [ 50%] [32mBuilding CXX object CMakeFiles/cpp_node.dir/src/my_first_node.cpp.o[0m
[6.149s] [100%] [32m[1mLinking CXX executable cpp_node[0m
[6.263s] [100%] Built target cpp_node
[6.272s] Invoked command in '/home/readikole/ros2_ws/src/build/my_cpp_pkg' returned '0': CMAKE_PREFIX_PATH=/opt/ros/humble /home/readikole/.local/bin/cmake --build /home/readikole/ros2_ws/src/build/my_cpp_pkg -- -j12 -l12
[6.380s] Invoking command in '/home/readikole/ros2_ws/src/build/my_cpp_pkg': CMAKE_PREFIX_PATH=/opt/ros/humble /home/readikole/.local/bin/cmake --install /home/readikole/ros2_ws/src/build/my_cpp_pkg
[6.415s] -- Install configuration: ""
[6.415s] -- Installing: /home/readikole/ros2_ws/src/install/my_cpp_pkg/lib/my_cpp_pkg/cpp_node
[6.416s] -- Set runtime path of "/home/readikole/ros2_ws/src/install/my_cpp_pkg/lib/my_cpp_pkg/cpp_node" to ""
[6.416s] -- Installing: /home/readikole/ros2_ws/src/install/my_cpp_pkg/share/ament_index/resource_index/package_run_dependencies/my_cpp_pkg
[6.416s] -- Installing: /home/readikole/ros2_ws/src/install/my_cpp_pkg/share/ament_index/resource_index/parent_prefix_path/my_cpp_pkg
[6.417s] -- Installing: /home/readikole/ros2_ws/src/install/my_cpp_pkg/share/my_cpp_pkg/environment/ament_prefix_path.sh
[6.417s] -- Installing: /home/readikole/ros2_ws/src/install/my_cpp_pkg/share/my_cpp_pkg/environment/ament_prefix_path.dsv
[6.417s] -- Installing: /home/readikole/ros2_ws/src/install/my_cpp_pkg/share/my_cpp_pkg/environment/path.sh
[6.417s] -- Installing: /home/readikole/ros2_ws/src/install/my_cpp_pkg/share/my_cpp_pkg/environment/path.dsv
[6.417s] -- Installing: /home/readikole/ros2_ws/src/install/my_cpp_pkg/share/my_cpp_pkg/local_setup.bash
[6.417s] -- Installing: /home/readikole/ros2_ws/src/install/my_cpp_pkg/share/my_cpp_pkg/local_setup.sh
[6.418s] -- Installing: /home/readikole/ros2_ws/src/install/my_cpp_pkg/share/my_cpp_pkg/local_setup.zsh
[6.418s] -- Installing: /home/readikole/ros2_ws/src/install/my_cpp_pkg/share/my_cpp_pkg/local_setup.dsv
[6.418s] -- Installing: /home/readikole/ros2_ws/src/install/my_cpp_pkg/share/my_cpp_pkg/package.dsv
[6.418s] -- Installing: /home/readikole/ros2_ws/src/install/my_cpp_pkg/share/ament_index/resource_index/packages/my_cpp_pkg
[6.418s] -- Installing: /home/readikole/ros2_ws/src/install/my_cpp_pkg/share/my_cpp_pkg/cmake/my_cpp_pkgConfig.cmake
[6.419s] -- Installing: /home/readikole/ros2_ws/src/install/my_cpp_pkg/share/my_cpp_pkg/cmake/my_cpp_pkgConfig-version.cmake
[6.419s] -- Installing: /home/readikole/ros2_ws/src/install/my_cpp_pkg/share/my_cpp_pkg/package.xml
[6.426s] Invoked command in '/home/readikole/ros2_ws/src/build/my_cpp_pkg' returned '0': CMAKE_PREFIX_PATH=/opt/ros/humble /home/readikole/.local/bin/cmake --install /home/readikole/ros2_ws/src/build/my_cpp_pkg
