[0.027s] Invoking command in '/home/readikole/ros2_ws/build/my_cpp_pkg': CMAKE_PREFIX_PATH=${CMAKE_PREFIX_PATH}:/home/readikole/ros2_ws/install/my_py_pkg:/opt/ros/humble /home/readikole/.local/bin/cmake /home/readikole/ros2_ws/src/my_cpp_pkg -DCMAKE_INSTALL_PREFIX=/home/readikole/ros2_ws/install/my_cpp_pkg
[0.075s] -- Found ament_cmake: 1.3.5 (/opt/ros/humble/share/ament_cmake/cmake)
[0.213s] -- Override CMake install command with custom implementation using symlinks instead of copying resources
[0.228s] -- Found rclcpp: 16.0.4 (/opt/ros/humble/share/rclcpp/cmake)
[0.293s] -- Found rosidl_generator_c: 3.1.4 (/opt/ros/humble/share/rosidl_generator_c/cmake)
[0.298s] -- Found rosidl_adapter: 3.1.4 (/opt/ros/humble/share/rosidl_adapter/cmake)
[0.311s] -- Found rosidl_generator_cpp: 3.1.4 (/opt/ros/humble/share/rosidl_generator_cpp/cmake)
[0.335s] -- Using all available rosidl_typesupport_c: rosidl_typesupport_fastrtps_c;rosidl_typesupport_introspection_c
[0.369s] -- Using all available rosidl_typesupport_cpp: rosidl_typesupport_fastrtps_cpp;rosidl_typesupport_introspection_cpp
[0.516s] -- Found rmw_implementation_cmake: 6.1.1 (/opt/ros/humble/share/rmw_implementation_cmake/cmake)
[0.519s] -- Found rmw_fastrtps_cpp: 6.2.2 (/opt/ros/humble/share/rmw_fastrtps_cpp/cmake)
[0.692s] -- Using RMW implementation 'rmw_fastrtps_cpp' as default
[0.974s] -- Found example_interfaces: 0.9.3 (/opt/ros/humble/share/example_interfaces/cmake)
[1.212s] -- Found ament_lint_auto: 0.12.6 (/opt/ros/humble/share/ament_lint_auto/cmake)
[1.311s] -- Added test 'cppcheck' to perform static code analysis on C / C++ code
[1.311s] -- Configured cppcheck include dirs: 
[1.311s] -- Configured cppcheck exclude dirs and/or files: 
[1.312s] -- Added test 'lint_cmake' to check CMake code style
[1.313s] -- Added test 'uncrustify' to check C / C++ code style
[1.313s] -- Configured uncrustify additional arguments: 
[1.314s] -- Added test 'xmllint' to check XML markup files
[1.315s] -- Configuring done (1.2s)
[1.321s] [31mCMake Error at CMakeLists.txt:28 (add_executable):
[1.321s]   Cannot find source file:
[1.321s] 
[1.322s]     src/robot_news_station.cpp
[1.322s] 
[1.322s]   Tried extensions .c .C .c++ .cc .cpp .cxx .cu .mpp .m .M .mm .ixx .cppm .h
[1.322s]   .hh .h++ .hm .hpp .hxx .in .txx .f .F .for .f77 .f90 .f95 .f03 .hip .ispc
[1.322s] 
[1.323s] [0m
[1.323s] [31mCMake Error at CMakeLists.txt:28 (add_executable):
[1.323s]   No SOURCES given to target: robot_news_station
[1.323s] 
[1.323s] [0m
[1.323s] [0mCMake Generate step failed.  Build files cannot be regenerated correctly.[0m
[1.336s] Invoked command in '/home/readikole/ros2_ws/build/my_cpp_pkg' returned '1': CMAKE_PREFIX_PATH=${CMAKE_PREFIX_PATH}:/home/readikole/ros2_ws/install/my_py_pkg:/opt/ros/humble /home/readikole/.local/bin/cmake /home/readikole/ros2_ws/src/my_cpp_pkg -DCMAKE_INSTALL_PREFIX=/home/readikole/ros2_ws/install/my_cpp_pkg
