[0.495s] DEBUG:colcon:Command line arguments: ['/usr/bin/colcon', 'build', '--symlink-install', '--packages-select', 'my_cpp_pkg']
[0.495s] DEBUG:colcon:Parsed command line arguments: Namespace(log_base=None, log_level=None, verb_name='build', build_base='build', install_base='install', merge_install=False, symlink_install=True, test_result_base=None, continue_on_error=False, executor='parallel', parallel_workers=12, event_handlers=None, ignore_user_meta=False, metas=['./colcon.meta'], base_paths=['.'], packages_ignore=None, packages_ignore_regex=None, paths=None, packages_up_to=None, packages_up_to_regex=None, packages_above=None, packages_above_and_dependencies=None, packages_above_depth=None, packages_select_by_dep=None, packages_skip_by_dep=None, packages_skip_up_to=None, packages_select_build_failed=False, packages_skip_build_finished=False, packages_select_test_failures=False, packages_skip_test_passed=False, packages_select=['my_cpp_pkg'], packages_skip=None, packages_select_regex=None, packages_skip_regex=None, packages_start=None, packages_end=None, allow_overriding=[], cmake_args=None, cmake_target=None, cmake_target_skip_unavailable=False, cmake_clean_cache=False, cmake_clean_first=False, cmake_force_configure=False, ament_cmake_args=None, catkin_cmake_args=None, catkin_skip_building_tests=False, verb_parser=<colcon_defaults.argument_parser.defaults.DefaultArgumentsDecorator object at 0x7fbfaf4bd570>, verb_extension=<colcon_core.verb.build.BuildVerb object at 0x7fbfaf5deaa0>, main=<bound method BuildVerb.main of <colcon_core.verb.build.BuildVerb object at 0x7fbfaf5deaa0>>)
[0.540s] Level 1:colcon.colcon_core.package_discovery:discover_packages(colcon_meta) check parameters
[0.540s] Level 1:colcon.colcon_core.package_discovery:discover_packages(recursive) check parameters
[0.540s] Level 1:colcon.colcon_core.package_discovery:discover_packages(ignore) check parameters
[0.541s] Level 1:colcon.colcon_core.package_discovery:discover_packages(path) check parameters
[0.541s] Level 1:colcon.colcon_core.package_discovery:discover_packages(colcon_meta) discover
[0.541s] Level 1:colcon.colcon_core.package_discovery:discover_packages(recursive) discover
[0.541s] INFO:colcon.colcon_core.package_discovery:Crawling recursively for packages in '/home/readikole/ros2_ws/src'
[0.541s] Level 1:colcon.colcon_core.package_identification:_identify(.) by extensions ['ignore', 'ignore_ament_install']
[0.541s] Level 1:colcon.colcon_core.package_identification:_identify(.) by extension 'ignore'
[0.541s] Level 1:colcon.colcon_core.package_identification:_identify(.) by extension 'ignore_ament_install'
[0.541s] Level 1:colcon.colcon_core.package_identification:_identify(.) by extensions ['colcon_pkg']
[0.541s] Level 1:colcon.colcon_core.package_identification:_identify(.) by extension 'colcon_pkg'
[0.541s] Level 1:colcon.colcon_core.package_identification:_identify(.) by extensions ['colcon_meta']
[0.541s] Level 1:colcon.colcon_core.package_identification:_identify(.) by extension 'colcon_meta'
[0.541s] Level 1:colcon.colcon_core.package_identification:_identify(.) by extensions ['ros']
[0.541s] Level 1:colcon.colcon_core.package_identification:_identify(.) by extension 'ros'
[0.559s] Level 1:colcon.colcon_core.package_identification:_identify(.) by extensions ['cmake', 'python']
[0.559s] Level 1:colcon.colcon_core.package_identification:_identify(.) by extension 'cmake'
[0.559s] Level 1:colcon.colcon_core.package_identification:_identify(.) by extension 'python'
[0.559s] Level 1:colcon.colcon_core.package_identification:_identify(.) by extensions ['python_setup_py']
[0.559s] Level 1:colcon.colcon_core.package_identification:_identify(.) by extension 'python_setup_py'
[0.559s] Level 1:colcon.colcon_core.package_identification:_identify(build) by extensions ['ignore', 'ignore_ament_install']
[0.560s] Level 1:colcon.colcon_core.package_identification:_identify(build) by extension 'ignore'
[0.560s] Level 1:colcon.colcon_core.package_identification:_identify(build) ignored
[0.560s] Level 1:colcon.colcon_core.package_identification:_identify(install) by extensions ['ignore', 'ignore_ament_install']
[0.560s] Level 1:colcon.colcon_core.package_identification:_identify(install) by extension 'ignore'
[0.560s] Level 1:colcon.colcon_core.package_identification:_identify(install) ignored
[0.560s] Level 1:colcon.colcon_core.package_identification:_identify(log) by extensions ['ignore', 'ignore_ament_install']
[0.560s] Level 1:colcon.colcon_core.package_identification:_identify(log) by extension 'ignore'
[0.560s] Level 1:colcon.colcon_core.package_identification:_identify(log) ignored
[0.560s] Level 1:colcon.colcon_core.package_identification:_identify(my_cpp_pkg) by extensions ['ignore', 'ignore_ament_install']
[0.561s] Level 1:colcon.colcon_core.package_identification:_identify(my_cpp_pkg) by extension 'ignore'
[0.561s] Level 1:colcon.colcon_core.package_identification:_identify(my_cpp_pkg) by extension 'ignore_ament_install'
[0.561s] Level 1:colcon.colcon_core.package_identification:_identify(my_cpp_pkg) by extensions ['colcon_pkg']
[0.561s] Level 1:colcon.colcon_core.package_identification:_identify(my_cpp_pkg) by extension 'colcon_pkg'
[0.561s] Level 1:colcon.colcon_core.package_identification:_identify(my_cpp_pkg) by extensions ['colcon_meta']
[0.561s] Level 1:colcon.colcon_core.package_identification:_identify(my_cpp_pkg) by extension 'colcon_meta'
[0.561s] Level 1:colcon.colcon_core.package_identification:_identify(my_cpp_pkg) by extensions ['ros']
[0.561s] Level 1:colcon.colcon_core.package_identification:_identify(my_cpp_pkg) by extension 'ros'
[0.564s] DEBUG:colcon.colcon_core.package_identification:Package 'my_cpp_pkg' with type 'ros.ament_cmake' and name 'my_cpp_pkg'
[0.564s] Level 1:colcon.colcon_core.package_identification:_identify(my_py_pkg) by extensions ['ignore', 'ignore_ament_install']
[0.564s] Level 1:colcon.colcon_core.package_identification:_identify(my_py_pkg) by extension 'ignore'
[0.564s] Level 1:colcon.colcon_core.package_identification:_identify(my_py_pkg) by extension 'ignore_ament_install'
[0.564s] Level 1:colcon.colcon_core.package_identification:_identify(my_py_pkg) by extensions ['colcon_pkg']
[0.564s] Level 1:colcon.colcon_core.package_identification:_identify(my_py_pkg) by extension 'colcon_pkg'
[0.564s] Level 1:colcon.colcon_core.package_identification:_identify(my_py_pkg) by extensions ['colcon_meta']
[0.564s] Level 1:colcon.colcon_core.package_identification:_identify(my_py_pkg) by extension 'colcon_meta'
[0.564s] Level 1:colcon.colcon_core.package_identification:_identify(my_py_pkg) by extensions ['ros']
[0.565s] Level 1:colcon.colcon_core.package_identification:_identify(my_py_pkg) by extension 'ros'
[0.565s] DEBUG:colcon.colcon_core.package_identification:Package 'my_py_pkg' with type 'ros.ament_python' and name 'my_py_pkg'
[0.565s] Level 1:colcon.colcon_core.package_discovery:discover_packages(recursive) using defaults
[0.565s] Level 1:colcon.colcon_core.package_discovery:discover_packages(ignore) discover
[0.565s] Level 1:colcon.colcon_core.package_discovery:discover_packages(ignore) using defaults
[0.565s] Level 1:colcon.colcon_core.package_discovery:discover_packages(path) discover
[0.565s] Level 1:colcon.colcon_core.package_discovery:discover_packages(path) using defaults
[0.601s] INFO:colcon.colcon_core.package_selection:Skipping not selected package 'my_py_pkg' in 'my_py_pkg'
[0.602s] Level 1:colcon.colcon_core.package_discovery:discover_packages(prefix_path) check parameters
[0.602s] Level 1:colcon.colcon_core.package_discovery:discover_packages(prefix_path) discover
[0.608s] DEBUG:colcon.colcon_installed_package_information.package_discovery:Found 2 installed packages in /home/readikole/ros2_ws/install
[0.610s] DEBUG:colcon.colcon_installed_package_information.package_discovery:Found 1 installed packages in /home/readikole/ros2_ws/src/install
[0.614s] DEBUG:colcon.colcon_installed_package_information.package_discovery:Found 280 installed packages in /opt/ros/humble
[0.616s] Level 1:colcon.colcon_core.package_discovery:discover_packages(prefix_path) using defaults
[0.695s] Level 5:colcon.colcon_core.verb:set package 'my_cpp_pkg' build argument 'cmake_args' from command line to 'None'
[0.695s] Level 5:colcon.colcon_core.verb:set package 'my_cpp_pkg' build argument 'cmake_target' from command line to 'None'
[0.695s] Level 5:colcon.colcon_core.verb:set package 'my_cpp_pkg' build argument 'cmake_target_skip_unavailable' from command line to 'False'
[0.695s] Level 5:colcon.colcon_core.verb:set package 'my_cpp_pkg' build argument 'cmake_clean_cache' from command line to 'False'
[0.695s] Level 5:colcon.colcon_core.verb:set package 'my_cpp_pkg' build argument 'cmake_clean_first' from command line to 'False'
[0.695s] Level 5:colcon.colcon_core.verb:set package 'my_cpp_pkg' build argument 'cmake_force_configure' from command line to 'False'
[0.695s] Level 5:colcon.colcon_core.verb:set package 'my_cpp_pkg' build argument 'ament_cmake_args' from command line to 'None'
[0.695s] Level 5:colcon.colcon_core.verb:set package 'my_cpp_pkg' build argument 'catkin_cmake_args' from command line to 'None'
[0.695s] Level 5:colcon.colcon_core.verb:set package 'my_cpp_pkg' build argument 'catkin_skip_building_tests' from command line to 'False'
[0.695s] DEBUG:colcon.colcon_core.verb:Building package 'my_cpp_pkg' with the following arguments: {'ament_cmake_args': None, 'build_base': '/home/readikole/ros2_ws/src/build/my_cpp_pkg', 'catkin_cmake_args': None, 'catkin_skip_building_tests': False, 'cmake_args': None, 'cmake_clean_cache': False, 'cmake_clean_first': False, 'cmake_force_configure': False, 'cmake_target': None, 'cmake_target_skip_unavailable': False, 'install_base': '/home/readikole/ros2_ws/src/install/my_cpp_pkg', 'merge_install': False, 'path': '/home/readikole/ros2_ws/src/my_cpp_pkg', 'symlink_install': True, 'test_result_base': None}
[0.697s] INFO:colcon.colcon_core.executor:Executing jobs using 'parallel' executor
[0.708s] DEBUG:colcon.colcon_parallel_executor.executor.parallel:run_until_complete
[0.708s] INFO:colcon.colcon_ros.task.ament_cmake.build:Building ROS package in '/home/readikole/ros2_ws/src/my_cpp_pkg' with build type 'ament_cmake'
[0.708s] INFO:colcon.colcon_cmake.task.cmake.build:Building CMake package in '/home/readikole/ros2_ws/src/my_cpp_pkg'
[0.716s] INFO:colcon.colcon_core.plugin_system:Skipping extension 'colcon_core.shell.bat': Not used on non-Windows systems
[0.716s] INFO:colcon.colcon_core.shell:Skip shell extension 'powershell' for command environment: Not usable outside of PowerShell
[0.716s] DEBUG:colcon.colcon_core.shell:Skip shell extension 'dsv' for command environment
[0.741s] DEBUG:colcon.colcon_core.event_handler.log_command:Invoking command in '/home/readikole/ros2_ws/src/build/my_cpp_pkg': CMAKE_PREFIX_PATH=${CMAKE_PREFIX_PATH}:/home/readikole/ros2_ws/install/my_py_pkg:/opt/ros/humble /home/readikole/.local/bin/cmake /home/readikole/ros2_ws/src/my_cpp_pkg -DAMENT_CMAKE_SYMLINK_INSTALL=1 -DCMAKE_INSTALL_PREFIX=/home/readikole/ros2_ws/src/install/my_cpp_pkg
[1.838s] DEBUG:colcon.colcon_core.event_handler.log_command:Invoked command in '/home/readikole/ros2_ws/src/build/my_cpp_pkg' returned '0': CMAKE_PREFIX_PATH=${CMAKE_PREFIX_PATH}:/home/readikole/ros2_ws/install/my_py_pkg:/opt/ros/humble /home/readikole/.local/bin/cmake /home/readikole/ros2_ws/src/my_cpp_pkg -DAMENT_CMAKE_SYMLINK_INSTALL=1 -DCMAKE_INSTALL_PREFIX=/home/readikole/ros2_ws/src/install/my_cpp_pkg
[1.839s] DEBUG:colcon.colcon_core.event_handler.log_command:Invoking command in '/home/readikole/ros2_ws/src/build/my_cpp_pkg': CMAKE_PREFIX_PATH=${CMAKE_PREFIX_PATH}:/home/readikole/ros2_ws/install/my_py_pkg:/opt/ros/humble /home/readikole/.local/bin/cmake --build /home/readikole/ros2_ws/src/build/my_cpp_pkg -- -j12 -l12
[2.022s] DEBUG:colcon.colcon_core.event_handler.log_command:Invoked command in '/home/readikole/ros2_ws/src/build/my_cpp_pkg' returned '0': CMAKE_PREFIX_PATH=${CMAKE_PREFIX_PATH}:/home/readikole/ros2_ws/install/my_py_pkg:/opt/ros/humble /home/readikole/.local/bin/cmake --build /home/readikole/ros2_ws/src/build/my_cpp_pkg -- -j12 -l12
[2.124s] DEBUG:colcon.colcon_core.event_handler.log_command:Invoking command in '/home/readikole/ros2_ws/src/build/my_cpp_pkg': CMAKE_PREFIX_PATH=${CMAKE_PREFIX_PATH}:/home/readikole/ros2_ws/install/my_py_pkg:/opt/ros/humble /home/readikole/.local/bin/cmake --install /home/readikole/ros2_ws/src/build/my_cpp_pkg
[2.220s] Level 1:colcon.colcon_core.environment:create_environment_scripts_only(my_cpp_pkg)
[2.224s] DEBUG:colcon.colcon_core.event_handler.log_command:Invoked command in '/home/readikole/ros2_ws/src/build/my_cpp_pkg' returned '0': CMAKE_PREFIX_PATH=${CMAKE_PREFIX_PATH}:/home/readikole/ros2_ws/install/my_py_pkg:/opt/ros/humble /home/readikole/.local/bin/cmake --install /home/readikole/ros2_ws/src/build/my_cpp_pkg
[2.236s] Level 1:colcon.colcon_core.environment:checking '/home/readikole/ros2_ws/src/install/my_cpp_pkg' for CMake module files
[2.237s] Level 1:colcon.colcon_core.environment:checking '/home/readikole/ros2_ws/src/install/my_cpp_pkg' for CMake config files
[2.238s] Level 1:colcon.colcon_core.shell:create_environment_hook('my_cpp_pkg', 'cmake_prefix_path')
[2.242s] INFO:colcon.colcon_core.shell:Creating environment hook '/home/readikole/ros2_ws/src/install/my_cpp_pkg/share/my_cpp_pkg/hook/cmake_prefix_path.ps1'
[2.243s] INFO:colcon.colcon_core.shell:Creating environment descriptor '/home/readikole/ros2_ws/src/install/my_cpp_pkg/share/my_cpp_pkg/hook/cmake_prefix_path.dsv'
[2.244s] INFO:colcon.colcon_core.shell:Creating environment hook '/home/readikole/ros2_ws/src/install/my_cpp_pkg/share/my_cpp_pkg/hook/cmake_prefix_path.sh'
[2.245s] Level 1:colcon.colcon_core.environment:checking '/home/readikole/ros2_ws/src/install/my_cpp_pkg/lib'
[2.245s] Level 1:colcon.colcon_core.environment:checking '/home/readikole/ros2_ws/src/install/my_cpp_pkg/bin'
[2.245s] Level 1:colcon.colcon_core.environment:checking '/home/readikole/ros2_ws/src/install/my_cpp_pkg/lib/pkgconfig/my_cpp_pkg.pc'
[2.246s] Level 1:colcon.colcon_core.environment:checking '/home/readikole/ros2_ws/src/install/my_cpp_pkg/lib/python3.10/site-packages'
[2.246s] Level 1:colcon.colcon_core.environment:checking '/home/readikole/ros2_ws/src/install/my_cpp_pkg/bin'
[2.250s] INFO:colcon.colcon_core.shell:Creating package script '/home/readikole/ros2_ws/src/install/my_cpp_pkg/share/my_cpp_pkg/package.ps1'
[2.253s] INFO:colcon.colcon_core.shell:Creating package descriptor '/home/readikole/ros2_ws/src/install/my_cpp_pkg/share/my_cpp_pkg/package.dsv'
[2.253s] INFO:colcon.colcon_core.shell:Creating package script '/home/readikole/ros2_ws/src/install/my_cpp_pkg/share/my_cpp_pkg/package.sh'
[2.254s] INFO:colcon.colcon_core.shell:Creating package script '/home/readikole/ros2_ws/src/install/my_cpp_pkg/share/my_cpp_pkg/package.bash'
[2.255s] INFO:colcon.colcon_core.shell:Creating package script '/home/readikole/ros2_ws/src/install/my_cpp_pkg/share/my_cpp_pkg/package.zsh'
[2.256s] Level 1:colcon.colcon_core.environment:create_file_with_runtime_dependencies(/home/readikole/ros2_ws/src/install/my_cpp_pkg/share/colcon-core/packages/my_cpp_pkg)
[2.318s] Level 1:colcon.colcon_core.environment:create_environment_scripts_only(my_cpp_pkg)
[2.328s] Level 1:colcon.colcon_core.environment:checking '/home/readikole/ros2_ws/src/install/my_cpp_pkg' for CMake module files
[2.330s] Level 1:colcon.colcon_core.environment:checking '/home/readikole/ros2_ws/src/install/my_cpp_pkg' for CMake config files
[2.330s] Level 1:colcon.colcon_core.shell:create_environment_hook('my_cpp_pkg', 'cmake_prefix_path')
[2.336s] INFO:colcon.colcon_core.shell:Creating environment hook '/home/readikole/ros2_ws/src/install/my_cpp_pkg/share/my_cpp_pkg/hook/cmake_prefix_path.ps1'
[2.337s] INFO:colcon.colcon_core.shell:Creating environment descriptor '/home/readikole/ros2_ws/src/install/my_cpp_pkg/share/my_cpp_pkg/hook/cmake_prefix_path.dsv'
[2.337s] INFO:colcon.colcon_core.shell:Creating environment hook '/home/readikole/ros2_ws/src/install/my_cpp_pkg/share/my_cpp_pkg/hook/cmake_prefix_path.sh'
[2.338s] Level 1:colcon.colcon_core.environment:checking '/home/readikole/ros2_ws/src/install/my_cpp_pkg/lib'
[2.338s] Level 1:colcon.colcon_core.environment:checking '/home/readikole/ros2_ws/src/install/my_cpp_pkg/bin'
[2.338s] Level 1:colcon.colcon_core.environment:checking '/home/readikole/ros2_ws/src/install/my_cpp_pkg/lib/pkgconfig/my_cpp_pkg.pc'
[2.338s] Level 1:colcon.colcon_core.environment:checking '/home/readikole/ros2_ws/src/install/my_cpp_pkg/lib/python3.10/site-packages'
[2.339s] Level 1:colcon.colcon_core.environment:checking '/home/readikole/ros2_ws/src/install/my_cpp_pkg/bin'
[2.343s] INFO:colcon.colcon_core.shell:Creating package script '/home/readikole/ros2_ws/src/install/my_cpp_pkg/share/my_cpp_pkg/package.ps1'
[2.344s] INFO:colcon.colcon_core.shell:Creating package descriptor '/home/readikole/ros2_ws/src/install/my_cpp_pkg/share/my_cpp_pkg/package.dsv'
[2.344s] INFO:colcon.colcon_core.shell:Creating package script '/home/readikole/ros2_ws/src/install/my_cpp_pkg/share/my_cpp_pkg/package.sh'
[2.345s] INFO:colcon.colcon_core.shell:Creating package script '/home/readikole/ros2_ws/src/install/my_cpp_pkg/share/my_cpp_pkg/package.bash'
[2.345s] INFO:colcon.colcon_core.shell:Creating package script '/home/readikole/ros2_ws/src/install/my_cpp_pkg/share/my_cpp_pkg/package.zsh'
[2.346s] Level 1:colcon.colcon_core.environment:create_file_with_runtime_dependencies(/home/readikole/ros2_ws/src/install/my_cpp_pkg/share/colcon-core/packages/my_cpp_pkg)
[2.346s] DEBUG:colcon.colcon_parallel_executor.executor.parallel:closing loop
[2.347s] DEBUG:colcon.colcon_parallel_executor.executor.parallel:loop closed
[2.347s] DEBUG:colcon.colcon_parallel_executor.executor.parallel:run_until_complete finished with '0'
[2.347s] DEBUG:colcon.colcon_core.event_reactor:joining thread
[2.354s] INFO:colcon.colcon_core.plugin_system:Skipping extension 'colcon_notification.desktop_notification.terminal_notifier': Not used on non-Darwin systems
[2.354s] INFO:colcon.colcon_core.plugin_system:Skipping extension 'colcon_notification.desktop_notification.win32': Not used on non-Windows systems
[2.354s] INFO:colcon.colcon_notification.desktop_notification:Sending desktop notification using 'notify2'
[2.374s] DEBUG:colcon.colcon_core.event_reactor:joined thread
[2.381s] INFO:colcon.colcon_core.shell:Creating prefix script '/home/readikole/ros2_ws/src/install/local_setup.ps1'
[2.383s] INFO:colcon.colcon_core.shell:Creating prefix util module '/home/readikole/ros2_ws/src/install/_local_setup_util_ps1.py'
[2.386s] INFO:colcon.colcon_core.shell:Creating prefix chain script '/home/readikole/ros2_ws/src/install/setup.ps1'
[2.390s] INFO:colcon.colcon_core.shell:Creating prefix script '/home/readikole/ros2_ws/src/install/local_setup.sh'
[2.391s] INFO:colcon.colcon_core.shell:Creating prefix util module '/home/readikole/ros2_ws/src/install/_local_setup_util_sh.py'
[2.392s] INFO:colcon.colcon_core.shell:Creating prefix chain script '/home/readikole/ros2_ws/src/install/setup.sh'
[2.395s] INFO:colcon.colcon_core.shell:Creating prefix script '/home/readikole/ros2_ws/src/install/local_setup.bash'
[2.396s] INFO:colcon.colcon_core.shell:Creating prefix chain script '/home/readikole/ros2_ws/src/install/setup.bash'
[2.400s] INFO:colcon.colcon_core.shell:Creating prefix script '/home/readikole/ros2_ws/src/install/local_setup.zsh'
[2.401s] INFO:colcon.colcon_core.shell:Creating prefix chain script '/home/readikole/ros2_ws/src/install/setup.zsh'
