[1.183s] Invoking command in '/home/readikole/ros2_ws/build/my_py_pkg': PYTHONPATH=/home/readikole/ros2_ws/build/my_py_pkg/prefix_override:/home/readikole/ros2_ws/install/my_py_pkg/lib/python3.10/site-packages:${PYTHONPATH} /usr/bin/python3 setup.py develop --editable --build-directory /home/readikole/ros2_ws/build/my_py_pkg/build --no-deps install_data
[1.770s] running develop
[1.770s] /home/readikole/.local/lib/python3.10/site-packages/setuptools/command/develop.py:40: EasyInstallDeprecationWarning: easy_install command is deprecated.
[1.770s] !!
[1.770s] 
[1.770s]         ********************************************************************************
[1.770s]         Please avoid running ``setup.py`` and ``easy_install``.
[1.770s]         Instead, use pypa/build, pypa/installer or other
[1.770s]         standards-based tools.
[1.770s] 
[1.771s]         See https://github.com/pypa/setuptools/issues/917 for details.
[1.771s]         ********************************************************************************
[1.771s] 
[1.771s] !!
[1.771s]   easy_install.initialize_options(self)
[1.826s] /home/readikole/.local/lib/python3.10/site-packages/setuptools/_distutils/cmd.py:66: SetuptoolsDeprecationWarning: setup.py install is deprecated.
[1.826s] !!
[1.826s] 
[1.827s]         ********************************************************************************
[1.827s]         Please avoid running ``setup.py`` directly.
[1.827s]         Instead, use pypa/build, pypa/installer or other
[1.827s]         standards-based tools.
[1.827s] 
[1.827s]         See https://blog.ganssle.io/articles/2021/10/setup-py-deprecated.html for details.
[1.827s]         ********************************************************************************
[1.827s] 
[1.827s] !!
[1.827s]   self.initialize_options()
[2.176s] running egg_info
[2.202s] writing my_py_pkg.egg-info/PKG-INFO
[2.202s] writing dependency_links to my_py_pkg.egg-info/dependency_links.txt
[2.202s] writing entry points to my_py_pkg.egg-info/entry_points.txt
[2.203s] writing requirements to my_py_pkg.egg-info/requires.txt
[2.203s] writing top-level names to my_py_pkg.egg-info/top_level.txt
[2.259s] reading manifest file 'my_py_pkg.egg-info/SOURCES.txt'
[2.260s] writing manifest file 'my_py_pkg.egg-info/SOURCES.txt'
[2.289s] running build_ext
[2.289s] Creating /home/readikole/ros2_ws/install/my_py_pkg/lib/python3.10/site-packages/my-py-pkg.egg-link (link to .)
[2.290s] Installing number_counter script to /home/readikole/ros2_ws/install/my_py_pkg/lib/my_py_pkg
[2.291s] Installing number_publisher script to /home/readikole/ros2_ws/install/my_py_pkg/lib/my_py_pkg
[2.291s] Installing py_node script to /home/readikole/ros2_ws/install/my_py_pkg/lib/my_py_pkg
[2.291s] Installing robot_news_station script to /home/readikole/ros2_ws/install/my_py_pkg/lib/my_py_pkg
[2.291s] Installing smartphone script to /home/readikole/ros2_ws/install/my_py_pkg/lib/my_py_pkg
[2.292s] 
[2.292s] Installed /home/readikole/ros2_ws/build/my_py_pkg
[2.292s] running install_data
[2.337s] Invoked command in '/home/readikole/ros2_ws/build/my_py_pkg' returned '0': PYTHONPATH=/home/readikole/ros2_ws/build/my_py_pkg/prefix_override:/home/readikole/ros2_ws/install/my_py_pkg/lib/python3.10/site-packages:${PYTHONPATH} /usr/bin/python3 setup.py develop --editable --build-directory /home/readikole/ros2_ws/build/my_py_pkg/build --no-deps install_data
