[1.088s] Invoking command in '/home/readikole/ros2_ws/src/my_py_pkg': PYTHONPATH=/home/readikole/ros2_ws/build/my_py_pkg/prefix_override:/home/readikole/ros2_ws/install/my_py_pkg/lib/python3.10/site-packages:${PYTHONPATH} /usr/bin/python3 setup.py egg_info --egg-base ../../build/my_py_pkg build --build-base /home/readikole/ros2_ws/build/my_py_pkg/build install --record /home/readikole/ros2_ws/build/my_py_pkg/install.log --single-version-externally-managed
[1.393s] running egg_info
[1.418s] writing ../../build/my_py_pkg/my_py_pkg.egg-info/PKG-INFO
[1.418s] writing dependency_links to ../../build/my_py_pkg/my_py_pkg.egg-info/dependency_links.txt
[1.419s] writing requirements to ../../build/my_py_pkg/my_py_pkg.egg-info/requires.txt
[1.419s] writing top-level names to ../../build/my_py_pkg/my_py_pkg.egg-info/top_level.txt
[1.471s] reading manifest file '../../build/my_py_pkg/my_py_pkg.egg-info/SOURCES.txt'
[1.472s] writing manifest file '../../build/my_py_pkg/my_py_pkg.egg-info/SOURCES.txt'
[1.472s] running build
[1.472s] running build_py
[1.472s] copying my_py_pkg/my_first_node.py -> /home/readikole/ros2_ws/build/my_py_pkg/build/lib/my_py_pkg
[1.473s] running install
[1.473s] /home/readikole/.local/lib/python3.10/site-packages/setuptools/_distutils/cmd.py:66: SetuptoolsDeprecationWarning: setup.py install is deprecated.
[1.473s] !!
[1.473s] 
[1.473s]         ********************************************************************************
[1.473s]         Please avoid running ``setup.py`` directly.
[1.473s]         Instead, use pypa/build, pypa/installer or other
[1.473s]         standards-based tools.
[1.474s] 
[1.474s]         See https://blog.ganssle.io/articles/2021/10/setup-py-deprecated.html for details.
[1.474s]         ********************************************************************************
[1.474s] 
[1.474s] !!
[1.475s]   self.initialize_options()
[1.482s] running install_lib
[1.507s] copying /home/readikole/ros2_ws/build/my_py_pkg/build/lib/my_py_pkg/my_first_node.py -> /home/readikole/ros2_ws/install/my_py_pkg/lib/python3.10/site-packages/my_py_pkg
[1.508s] byte-compiling /home/readikole/ros2_ws/install/my_py_pkg/lib/python3.10/site-packages/my_py_pkg/my_first_node.py to my_first_node.cpython-310.pyc
[1.508s] running install_data
[1.534s] running install_egg_info
[1.560s] removing '/home/readikole/ros2_ws/install/my_py_pkg/lib/python3.10/site-packages/my_py_pkg-0.0.0-py3.10.egg-info' (and everything under it)
[1.560s] Copying ../../build/my_py_pkg/my_py_pkg.egg-info to /home/readikole/ros2_ws/install/my_py_pkg/lib/python3.10/site-packages/my_py_pkg-0.0.0-py3.10.egg-info
[1.561s] running install_scripts
[1.843s] writing list of installed files to '/home/readikole/ros2_ws/build/my_py_pkg/install.log'
[1.873s] Invoked command in '/home/readikole/ros2_ws/src/my_py_pkg' returned '0': PYTHONPATH=/home/readikole/ros2_ws/build/my_py_pkg/prefix_override:/home/readikole/ros2_ws/install/my_py_pkg/lib/python3.10/site-packages:${PYTHONPATH} /usr/bin/python3 setup.py egg_info --egg-base ../../build/my_py_pkg build --build-base /home/readikole/ros2_ws/build/my_py_pkg/build install --record /home/readikole/ros2_ws/build/my_py_pkg/install.log --single-version-externally-managed
